1	N	46
1	J	46
0	J	46
1	R	46
2	N	46
2	J	47
1	W	47
2	R	47
3	N	65
3	J	66
2	J	69
3	R	69
3	W	76
2	R	76
2	E	77
1	J	77
1	R	77
4	N	78
4	J	78
1	W	78
4	R	78
5	N	115
5	J	116
4	W	116
5	R	116
4	J	118
5	E	119
4	R	119
4	W	125
0	R	125
3	J	3074
3	R	3074
3	W	3077
0	R	3077
4	J	3583
4	R	3583
4	W	3583
0	R	3583
4	J	3775
4	R	3775
4	W	3776
0	R	3776
4	J	3819
4	R	3819
4	W	3819
0	R	3820
4	J	3916
4	R	3916
4	W	3916
0	R	3916
4	J	4124
4	R	4124
4	W	4124
0	R	4124
4	J	4243
4	R	4243
4	W	4244
0	R	4244
4	J	4272
4	R	4272
4	W	4272
0	R	4273
4	J	4420
4	R	4420
4	W	4420
0	R	4420
4	J	5969
4	R	5969
4	W	5969
0	R	5969
3	J	6075
3	R	6075
3	W	6077
0	R	6077
4	J	6958
4	R	6958
4	W	6959
0	R	6959
4	J	7019
4	R	7019
4	W	7019
0	R	7019
4	J	7080
4	R	7080
4	W	7080
0	R	7080
4	J	7139
4	R	7139
4	W	7139
0	R	7140
4	J	7199
4	R	7199
4	W	7199
0	R	7199
4	J	7259
4	R	7259
4	W	7259
0	R	7259
4	J	7319
4	R	7319
4	W	7319
0	R	7319
4	J	7379
4	R	7379
4	W	7379
0	R	7379
4	J	7439
4	R	7439
4	W	7439
0	R	7439
4	J	7499
4	R	7499
4	W	7499
0	R	7499
4	J	7559
4	R	7559
4	W	7559
0	R	7559
4	J	7619
4	R	7619
4	W	7619
0	R	7619
4	J	7680
4	R	7680
4	W	7680
0	R	7681
4	J	7739
4	R	7739
4	W	7739
0	R	7739
4	J	7803
4	R	7803
4	W	7803
0	R	7804
4	J	7867
4	R	7867
4	W	7867
0	R	7867
4	J	7923
4	R	7923
4	W	7923
0	R	7923
4	J	7982
4	R	7982
4	W	7982
0	R	7982
4	J	8043
4	R	8043
4	W	8043
0	R	8043
4	J	8100
4	R	8100
4	W	8100
0	R	8100
4	J	8159
4	R	8159
4	W	8159
0	R	8160
4	J	8216
4	R	8216
4	W	8216
0	R	8217
4	J	8269
4	R	8269
4	W	8269
0	R	8269
4	J	8334
4	R	8334
4	W	8334
0	R	8334
4	J	8394
4	R	8394
4	W	8394
0	R	8394
4	J	8454
4	R	8454
4	W	8454
0	R	8454
4	J	8514
4	R	8514
4	W	8514
0	R	8514
4	J	8573
4	R	8573
4	W	8574
0	R	8574
4	J	8608
4	R	8608
4	W	8608
0	R	8608
3	J	9076
3	R	9076
3	W	9078
0	R	9078
3	J	12077
3	R	12077
3	W	12079
0	R	12079
3	J	15078
3	R	15078
3	W	15080
0	R	15080
4	J	17065
4	R	17065
4	W	17065
0	R	17065
4	J	17186
4	R	17186
4	W	17186
0	R	17186
4	J	17383
4	R	17383
4	W	17383
0	R	17383
4	J	17482
4	R	17482
4	W	17482
0	R	17482
3	J	18079
3	R	18079
3	W	18081
0	R	18081
4	J	18715
4	R	18715
4	W	18715
0	R	18715
4	J	18965
4	R	18965
4	W	18965
0	R	18965
4	J	19097
4	R	19097
4	W	19097
0	R	19097
4	J	19126
4	R	19126
4	W	19126
0	R	19126
4	J	19279
4	R	19279
4	W	19279
0	R	19279
4	J	19321
4	R	19321
4	W	19321
0	R	19321
4	J	20605
4	R	20605
4	W	20605
0	R	20605
4	J	20722
4	R	20722
4	W	20722
0	R	20722
4	J	20945
4	R	20945
4	W	20945
0	R	20945
3	J	21080
3	R	21080
3	W	21082
0	R	21082
4	J	21105
4	R	21105
4	W	21105
0	R	21105
4	J	21368
4	R	21368
4	W	21368
0	R	21368
4	J	21504
4	R	21504
4	W	21505
0	R	21505
4	J	21639
4	R	21639
4	W	21639
0	R	21639
4	J	21817
4	R	21817
4	W	21817
0	R	21817
4	J	21964
4	R	21964
6	N	21965
6	J	21966
4	W	21967
6	R	21967
7	N	21969
7	J	21970
8	N	21970
8	J	21971
9	N	21971
9	J	21972
6	J	21972
9	R	21972
9	J	21977
8	R	21977
8	J	21982
7	R	21982
7	W	21982
9	R	21982
9	J	21987
8	R	21987
8	J	21992
6	R	21992
10	N	21992
10	J	21993
11	N	21993
11	J	21994
12	N	21994
12	J	21995
13	N	21995
13	J	21996
14	N	21996
14	J	21997
6	J	21997
14	R	21997
14	J	22002
13	R	22002
13	J	22007
12	R	22007
12	J	22012
11	R	22012
11	J	22017
10	R	22017
10	J	22022
14	R	22022
14	J	22027
13	R	22027
13	J	22032
12	R	22032
12	J	22037
11	R	22037
11	J	22042
10	R	22042
10	J	22047
9	R	22047
9	J	22052
8	R	22052
8	J	22057
6	R	22057
15	N	22057
15	J	22058
16	N	22058
16	J	22059
6	W	22059
16	R	22059
16	J	22064
15	R	22064
15	J	22069
16	R	22069
16	J	22074
15	R	22074
15	J	22079
14	R	22079
7	J	22084
14	J	22084
7	R	22084
7	W	22084
13	R	22084
13	J	22089
12	R	22089
12	J	22094
11	R	22094
11	J	22099
10	R	22099
10	J	22104
9	R	22104
9	J	22109
8	R	22109
8	J	22114
16	R	22114
16	J	22119
15	R	22119
15	J	22124
14	R	22124
14	J	22129
13	R	22129
13	J	22134
12	R	22134
12	J	22139
11	R	22139
11	J	22144
10	R	22144
10	J	22149
9	R	22149
9	J	22154
8	R	22154
8	J	22159
16	R	22159
16	J	22164
15	R	22164
15	J	22169
14	R	22169
14	J	22174
13	R	22174
13	J	22179
12	R	22179
12	J	22184
11	R	22184
7	J	22189
11	J	22189
7	R	22189
7	W	22189
10	R	22189
10	J	22194
9	R	22194
9	J	22199
8	R	22199
8	J	22204
16	R	22204
16	J	22209
15	R	22209
15	J	22214
14	R	22214
14	J	22219
13	R	22219
13	J	22224
12	R	22224
12	J	22229
11	R	22229
11	J	22234
10	R	22234
10	J	22239
9	R	22239
9	J	22244
8	R	22244
8	J	22249
16	R	22249
16	J	22254
15	R	22254
15	J	22259
14	R	22259
14	J	22264
13	R	22264
13	J	22269
12	R	22269
12	J	22274
11	R	22274
11	J	22279
10	R	22279
10	J	22284
9	R	22284
9	J	22289
8	R	22289
7	J	22294
8	J	22294
7	R	22294
7	W	22294
16	R	22294
16	J	22299
15	R	22299
15	J	22304
14	R	22304
14	J	22309
13	R	22309
13	J	22314
12	R	22314
12	J	22319
11	R	22319
11	J	22324
10	R	22324
10	J	22329
9	R	22329
9	J	22334
8	R	22334
8	J	22339
16	R	22339
16	J	22344
15	R	22344
15	J	22349
14	R	22349
14	J	22354
13	R	22354
13	J	22359
12	R	22359
12	J	22364
11	R	22364
11	J	22369
10	R	22369
10	J	22374
9	R	22374
9	J	22379
8	R	22379
8	J	22384
16	R	22384
16	J	22389
15	R	22389
15	J	22394
14	R	22394
7	J	22399
14	J	22399
7	R	22399
7	W	22399
13	R	22399
13	J	22404
12	R	22404
12	J	22409
11	R	22409
11	J	22414
10	R	22414
10	J	22419
9	R	22419
9	J	22424
8	R	22424
8	J	22429
16	R	22429
16	J	22434
15	R	22434
15	J	22439
14	R	22439
14	J	22444
13	R	22444
13	J	22449
12	R	22449
12	J	22454
11	R	22454
11	J	22459
10	R	22459
10	J	22464
9	R	22464
9	J	22469
8	R	22469
8	J	22474
16	R	22474
16	J	22479
15	R	22479
15	J	22484
14	R	22484
14	J	22489
13	R	22489
13	J	22494
12	R	22494
12	J	22499
11	R	22499
7	J	22504
11	J	22504
7	R	22504
7	W	22504
10	R	22504
10	J	22509
9	R	22509
9	J	22514
8	R	22514
8	J	22519
16	R	22519
16	J	22524
15	R	22524
15	J	22529
14	R	22529
14	J	22534
13	R	22534
13	J	22539
12	R	22539
12	J	22544
11	R	22544
11	J	22549
10	R	22549
10	J	22554
9	R	22554
9	J	22559
8	R	22559
8	J	22564
16	R	22564
16	J	22569
15	R	22569
15	J	22574
14	R	22574
14	J	22579
13	R	22579
13	J	22584
12	R	22584
12	J	22589
11	R	22589
11	J	22594
10	R	22594
10	J	22599
9	R	22599
9	J	22604
8	R	22604
7	J	22609
8	J	22609
7	R	22609
7	W	22609
16	R	22609
16	J	22614
15	R	22614
15	J	22619
14	R	22619
14	J	22624
13	R	22624
13	J	22629
12	R	22629
12	J	22634
11	R	22634
11	J	22639
10	R	22639
10	J	22644
9	R	22644
9	J	22649
8	R	22649
8	J	22654
16	R	22654
16	J	22659
15	R	22659
15	J	22664
14	R	22664
14	J	22669
13	R	22669
13	J	22674
12	R	22674
12	J	22679
11	R	22679
11	J	22684
10	R	22684
10	J	22689
9	R	22689
9	J	22694
8	R	22694
8	J	22699
16	R	22699
16	J	22704
15	R	22704
15	J	22709
14	R	22709
7	J	22714
14	J	22714
7	R	22714
7	W	22714
13	R	22714
13	J	22719
12	R	22719
12	J	22724
11	R	22724
11	J	22729
10	R	22729
10	J	22734
9	R	22734
9	J	22739
8	R	22739
8	J	22744
16	R	22744
16	J	22749
15	R	22749
15	J	22754
14	R	22754
14	J	22759
13	R	22759
13	J	22764
12	R	22764
12	J	22769
11	R	22769
11	J	22774
10	R	22774
10	J	22779
9	R	22779
9	J	22784
8	R	22784
8	J	22789
16	R	22789
16	J	22794
15	R	22794
15	J	22799
14	R	22799
14	J	22804
13	R	22804
13	J	22809
12	R	22809
12	J	22814
11	R	22814
7	J	22819
11	J	22819
7	R	22819
7	W	22819
10	R	22819
10	J	22824
9	R	22824
9	J	22829
8	R	22829
8	J	22834
16	R	22834
16	J	22839
15	R	22839
15	J	22844
14	R	22844
14	J	22849
13	R	22849
13	J	22854
12	R	22854
12	J	22859
11	R	22859
11	J	22864
10	R	22864
10	J	22869
9	R	22869
9	J	22874
8	R	22874
8	W	22874
16	R	22874
16	J	22879
15	R	22879
15	J	22884
14	R	22884
14	J	22889
13	R	22889
13	J	22894
12	R	22894
12	J	22899
11	R	22899
11	J	22904
10	R	22904
10	J	22909
9	R	22909
9	J	22914
16	R	22914
16	J	22919
15	R	22919
7	J	22924
15	J	22924
7	R	22924
7	W	22924
14	R	22924
14	J	22929
13	R	22929
13	J	22934
12	R	22934
12	J	22939
11	R	22939
11	J	22944
10	R	22944
10	J	22949
9	R	22949
9	J	22954
16	R	22954
16	J	22959
15	R	22959
15	J	22964
14	R	22964
14	J	22969
13	R	22969
13	J	22974
12	R	22974
8	J	22979
12	J	22979
8	R	22979
8	J	22988
11	R	22988
11	J	22993
10	R	22993
10	J	22998
9	R	22998
9	J	23003
16	R	23003
16	J	23008
15	R	23008
15	J	23013
14	R	23013
14	J	23018
13	R	23018
13	J	23023
12	R	23023
7	J	23028
12	J	23028
7	R	23028
7	E	23028
6	J	23028
6	R	23028
6	W	23029
11	R	23029
11	J	23034
10	R	23034
10	J	23039
9	R	23039
9	J	23044
8	R	23044
8	J	23049
16	R	23049
16	J	23054
15	R	23054
15	J	23059
14	R	23059
14	J	23064
13	R	23064
13	J	23069
12	R	23069
12	J	23074
11	R	23074
11	J	23079
10	R	23079
10	J	23084
9	R	23084
9	J	23089
8	R	23089
8	J	23094
16	R	23094
16	J	23099
15	R	23099
15	J	23104
14	R	23104
14	J	23109
13	R	23109
13	J	23114
12	R	23114
12	J	23119
11	R	23119
11	J	23124
10	R	23124
10	J	23129
9	R	23129
9	J	23134
8	R	23134
8	J	23139
16	R	23139
16	J	23144
15	R	23144
15	J	23149
14	R	23149
14	J	23154
13	R	23154
13	J	23159
12	R	23159
12	J	23164
11	R	23164
11	J	23169
10	R	23169
10	J	23174
9	R	23174
9	J	23179
8	R	23179
8	J	23184
16	R	23184
16	J	23189
15	R	23189
15	J	23194
14	R	23194
14	J	23199
13	R	23199
13	J	23204
12	R	23204
12	J	23209
11	R	23209
11	J	23214
10	R	23214
10	J	23219
9	R	23219
9	J	23224
8	R	23224
8	J	23229
16	R	23229
16	J	23234
15	R	23234
15	J	23239
14	R	23239
14	J	23244
13	R	23244
13	J	23249
12	R	23249
12	J	23254
11	R	23254
11	J	23259
10	R	23259
10	J	23264
9	R	23264
9	J	23269
8	R	23269
8	J	23274
16	R	23274
16	J	23279
15	R	23279
15	J	23284
14	R	23284
14	J	23289
13	R	23289
13	J	23294
12	R	23294
12	J	23299
11	R	23299
11	J	23304
10	R	23304
10	J	23309
9	R	23309
9	J	23314
8	R	23314
8	J	23319
16	R	23319
16	J	23324
15	R	23324
15	J	23329
14	R	23329
14	J	23334
13	R	23334
13	J	23339
12	R	23339
12	J	23344
11	R	23344
11	J	23349
10	R	23349
10	J	23354
9	R	23354
9	J	23359
8	R	23359
8	J	23364
16	R	23364
16	J	23369
15	R	23369
15	J	23374
14	R	23374
14	J	23379
13	R	23379
13	J	23384
12	R	23384
12	J	23389
11	R	23389
11	J	23394
10	R	23394
10	J	23399
9	R	23399
9	J	23404
8	R	23404
8	J	23409
16	R	23409
16	J	23414
15	R	23414
15	J	23419
14	R	23419
14	J	23424
13	R	23424
13	J	23429
12	R	23429
12	J	23434
11	R	23434
11	J	23439
10	R	23439
10	J	23444
9	R	23444
9	J	23449
8	R	23449
8	J	23454
16	R	23454
16	J	23459
15	R	23459
15	J	23464
14	R	23464
14	J	23469
13	R	23469
13	J	23474
12	R	23474
12	J	23479
11	R	23479
11	J	23484
10	R	23484
10	J	23489
9	R	23489
9	J	23494
8	R	23494
8	J	23499
16	R	23499
16	J	23504
15	R	23504
15	J	23509
14	R	23509
14	J	23514
13	R	23514
13	J	23519
12	R	23519
12	J	23524
11	R	23524
11	J	23529
10	R	23529
10	J	23534
9	R	23534
9	J	23539
8	R	23539
8	J	23544
16	R	23544
16	J	23549
15	R	23549
15	J	23554
14	R	23554
14	J	23559
13	R	23559
13	J	23564
12	R	23564
12	J	23569
11	R	23569
11	J	23574
10	R	23574
10	J	23579
9	R	23579
9	J	23584
8	R	23584
8	J	23589
16	R	23589
16	J	23594
15	R	23594
15	J	23599
14	R	23599
14	J	23604
13	R	23604
13	J	23609
12	R	23609
12	J	23614
11	R	23614
11	J	23619
10	R	23619
10	J	23624
9	R	23624
9	J	23629
8	R	23629
8	J	23634
16	R	23634
16	J	23639
15	R	23639
15	J	23644
14	R	23644
14	J	23649
13	R	23649
13	J	23654
12	R	23654
12	J	23659
11	R	23659
11	J	23664
10	R	23664
10	J	23669
9	R	23669
9	J	23674
8	R	23674
8	J	23679
16	R	23679
16	J	23684
15	R	23684
15	J	23689
14	R	23689
14	J	23694
13	R	23694
13	J	23699
12	R	23699
12	J	23704
11	R	23704
11	J	23709
10	R	23709
10	J	23714
9	R	23714
9	J	23719
8	R	23719
8	J	23724
16	R	23724
16	J	23729
15	R	23729
15	J	23734
14	R	23734
14	J	23739
13	R	23739
13	J	23744
12	R	23744
12	J	23749
11	R	23749
11	J	23754
10	R	23754
10	J	23759
9	R	23759
9	W	23760
8	R	23760
8	J	23765
16	R	23765
16	J	23770
15	R	23770
15	J	23775
14	R	23775
14	J	23780
13	R	23780
13	J	23785
12	R	23785
12	J	23790
11	R	23790
11	J	23795
10	R	23795
10	J	23800
8	R	23800
8	J	23805
16	R	23805
16	J	23810
15	R	23810
15	J	23815
14	R	23815
14	J	23820
13	R	23820
13	J	23825
12	R	23825
12	J	23830
11	R	23830
11	J	23835
10	R	23835
10	J	23840
8	R	23840
8	W	23841
16	R	23841
16	J	23846
15	R	23846
15	J	23851
14	R	23851
14	J	23856
13	R	23856
9	J	23861
13	J	23861
9	R	23861
9	J	23870
12	R	23870
12	J	23875
11	R	23875
11	J	23880
10	R	23880
10	J	23885
16	R	23885
16	J	23890
15	R	23890
15	J	23895
14	R	23895
14	J	23900
13	R	23900
13	J	23905
12	R	23905
12	J	23910
11	R	23910
11	J	23915
10	R	23915
10	J	23920
9	R	23920
9	J	23925
16	R	23925
16	J	23930
15	R	23930
15	J	23935
14	R	23935
14	J	23940
13	R	23940
8	J	23945
13	J	23945
8	R	23945
8	J	23954
12	R	23954
12	J	23959
11	R	23959
11	J	23964
10	R	23964
10	J	23969
9	R	23969
9	J	23974
16	R	23974
16	J	23979
15	R	23979
15	J	23984
14	R	23984
14	J	23989
13	R	23989
13	J	23994
12	R	23994
12	J	23999
11	R	23999
11	J	24004
10	R	24004
10	J	24009
9	R	24009
9	J	24014
8	R	24014
8	J	24019
16	R	24019
16	J	24024
15	R	24024
15	J	24029
14	R	24029
14	J	24034
13	R	24034
13	J	24039
12	R	24039
12	J	24044
11	R	24044
11	J	24049
10	R	24049
10	J	24054
9	R	24054
9	J	24059
8	R	24059
8	J	24064
16	R	24064
16	J	24069
15	R	24069
15	J	24074
14	R	24074
14	J	24079
13	R	24079
3	J	24084
13	J	24084
3	R	24084
3	W	24087
12	R	24087
12	J	24092
11	R	24092
11	J	24097
10	R	24097
10	J	24102
9	R	24102
9	J	24107
8	R	24107
8	J	24112
16	R	24112
16	J	24117
15	R	24117
15	J	24122
14	R	24122
14	J	24127
13	R	24127
13	J	24132
12	R	24132
12	J	24137
11	R	24137
11	J	24142
10	R	24142
10	J	24147
9	R	24147
9	J	24152
8	R	24152
8	J	24157
16	R	24157
16	J	24162
15	R	24162
15	J	24167
14	R	24167
14	J	24172
13	R	24172
13	J	24177
12	R	24177
12	J	24182
11	R	24182
11	J	24187
10	R	24187
10	J	24192
9	R	24192
9	J	24197
8	R	24197
8	J	24202
16	R	24202
16	J	24207
15	R	24207
15	J	24212
14	R	24212
14	J	24217
13	R	24217
13	J	24222
12	R	24222
12	J	24227
11	R	24227
11	J	24232
10	R	24232
10	J	24237
9	R	24237
9	J	24242
8	R	24242
8	J	24247
16	R	24247
16	J	24252
15	R	24252
15	J	24257
14	R	24257
14	J	24262
13	R	24262
13	J	24267
12	R	24267
12	J	24272
11	R	24272
11	J	24277
10	R	24277
10	J	24282
9	R	24282
9	J	24287
8	R	24287
8	J	24292
16	R	24292
16	J	24297
15	R	24297
15	J	24302
14	R	24302
14	J	24307
13	R	24307
13	J	24312
12	R	24312
12	J	24317
11	R	24317
11	J	24322
10	R	24322
10	J	24327
9	R	24327
9	J	24332
8	R	24332
8	J	24337
16	R	24337
16	J	24342
15	R	24342
15	J	24347
14	R	24347
14	J	24352
13	R	24352
13	J	24357
12	R	24357
12	J	24362
11	R	24362
11	J	24367
10	R	24367
10	J	24372
9	R	24372
9	J	24377
8	R	24377
8	J	24382
16	R	24382
16	J	24387
15	R	24387
15	J	24392
14	R	24392
14	J	24397
13	R	24397
13	J	24402
12	R	24402
12	J	24407
11	R	24407
11	J	24412
10	R	24412
10	J	24417
9	R	24417
9	J	24422
8	R	24422
8	J	24427
16	R	24427
16	J	24432
15	R	24432
15	J	24437
14	R	24437
14	J	24442
13	R	24442
13	J	24447
12	R	24447
12	J	24452
11	R	24452
11	J	24457
10	R	24457
10	J	24462
9	R	24462
9	J	24467
8	R	24467
8	J	24472
16	R	24472
16	J	24477
15	R	24477
15	J	24482
14	R	24482
14	J	24487
13	R	24487
13	J	24492
12	R	24492
12	J	24497
11	R	24497
11	J	24502
10	R	24502
10	J	24507
9	R	24507
9	J	24512
8	R	24512
8	J	24517
16	R	24517
16	J	24522
15	R	24522
15	J	24527
14	R	24527
14	J	24532
13	R	24532
13	J	24537
12	R	24537
12	J	24542
11	R	24542
11	J	24547
10	R	24547
10	J	24552
9	R	24552
9	J	24557
8	R	24557
8	J	24562
16	R	24562
16	J	24567
15	R	24567
15	J	24572
14	R	24572
14	J	24577
13	R	24577
13	J	24582
12	R	24582
12	J	24587
11	R	24587
11	J	24592
10	R	24592
10	J	24597
9	R	24597
9	J	24602
8	R	24602
8	J	24607
16	R	24607
16	J	24612
15	R	24612
15	J	24617
14	R	24617
14	J	24622
13	R	24622
13	J	24627
12	R	24627
12	J	24632
11	R	24632
11	J	24637
10	R	24637
10	J	24642
9	R	24642
9	J	24647
8	R	24647
8	J	24652
16	R	24652
16	J	24657
15	R	24657
15	J	24662
14	R	24662
14	J	24667
13	R	24667
13	J	24672
12	R	24672
12	J	24677
11	R	24677
11	J	24682
10	R	24682
10	W	24682
9	R	24682
9	J	24687
8	R	24687
8	J	24692
16	R	24692
16	J	24697
15	R	24697
15	J	24702
14	R	24702
14	J	24707
13	R	24707
13	J	24712
12	R	24712
12	J	24717
11	R	24717
11	J	24722
9	R	24722
9	J	24727
8	R	24727
8	J	24732
16	R	24732
16	J	24737
15	R	24737
15	J	24742
14	R	24742
14	J	24747
13	R	24747
13	J	24752
12	R	24752
12	J	24757
11	R	24757
11	J	24762
9	R	24762
9	J	24767
8	R	24767
8	J	24772
16	R	24772
16	J	24777
15	R	24777
15	J	24782
14	R	24782
10	J	24787
14	J	24787
10	R	24787
10	J	24796
13	R	24796
13	J	24801
12	R	24801
12	J	24806
11	R	24806
11	J	24811
9	R	24811
9	J	24816
8	R	24816
8	W	24817
16	R	24817
16	J	24822
15	R	24822
15	J	24827
14	R	24827
14	J	24832
13	R	24832
13	J	24837
12	R	24837
12	J	24842
11	R	24842
11	J	24847
10	R	24847
10	J	24852
9	R	24852
9	J	24857
16	R	24857
16	J	24862
15	R	24862
15	J	24867
14	R	24867
14	J	24872
13	R	24872
13	J	24877
12	R	24877
12	J	24882
11	R	24882
11	J	24887
10	R	24887
10	J	24892
9	R	24892
9	J	24897
16	R	24897
16	J	24902
15	R	24902
15	J	24907
14	R	24907
14	J	24912
13	R	24912
13	J	24917
12	R	24917
8	J	24922
12	J	24922
8	R	24922
8	J	24931
11	R	24931
11	J	24936
10	R	24936
10	J	24941
9	R	24941
9	J	24946
16	R	24946
16	J	24951
15	R	24951
15	J	24956
14	R	24956
14	J	24961
13	R	24961
13	J	24966
12	R	24966
12	J	24971
11	R	24971
11	J	24976
10	R	24976
10	J	24981
9	R	24981
9	J	24986
8	R	24986
8	J	24991
16	R	24991
16	J	24996
15	R	24996
15	J	25001
14	R	25001
14	J	25006
13	R	25006
13	J	25011
12	R	25011
12	J	25016
11	R	25016
11	J	25021
10	R	25021
10	J	25026
9	R	25026
9	J	25031
8	R	25031
8	J	25036
16	R	25036
16	J	25041
15	R	25041
15	J	25046
14	R	25046
14	J	25051
13	R	25051
13	J	25056
12	R	25056
12	J	25061
11	R	25061
11	J	25066
10	R	25066
10	J	25071
9	R	25071
9	J	25076
8	R	25076
8	J	25081
16	R	25081
16	J	25086
15	R	25086
15	J	25091
14	R	25091
14	J	25096
13	R	25096
13	J	25101
12	R	25101
12	J	25106
11	R	25106
11	J	25111
10	R	25111
10	J	25116
9	R	25116
9	J	25121
8	R	25121
8	J	25126
16	R	25126
16	J	25131
15	R	25131
15	J	25136
14	R	25136
14	J	25141
13	R	25141
13	J	25146
12	R	25146
12	J	25151
11	R	25151
11	J	25156
10	R	25156
10	J	25161
9	R	25161
9	J	25166
8	R	25166
8	J	25171
16	R	25171
16	J	25176
15	R	25176
15	J	25181
14	R	25181
14	J	25186
13	R	25186
13	J	25191
12	R	25191
12	J	25196
11	R	25196
11	J	25201
10	R	25201
10	J	25206
9	R	25206
9	J	25211
8	R	25211
8	J	25216
16	R	25216
16	J	25221
15	R	25221
15	J	25226
14	R	25226
14	J	25231
13	R	25231
13	J	25236
12	R	25236
12	J	25241
11	R	25241
11	J	25246
10	R	25246
10	J	25251
9	R	25251
9	J	25256
8	R	25256
8	J	25261
16	R	25261
16	J	25266
15	R	25266
15	J	25271
14	R	25271
14	J	25276
13	R	25276
13	J	25281
12	R	25281
12	J	25286
11	R	25286
11	J	25291
10	R	25291
10	J	25296
9	R	25296
9	J	25301
8	R	25301
8	J	25306
16	R	25306
16	J	25311
15	R	25311
15	J	25316
14	R	25316
14	J	25321
13	R	25321
13	J	25326
12	R	25326
12	J	25331
11	R	25331
11	J	25336
10	R	25336
10	J	25341
9	R	25341
9	J	25346
8	R	25346
8	J	25351
16	R	25351
16	J	25356
15	R	25356
15	J	25361
14	R	25361
14	J	25366
13	R	25366
13	J	25371
12	R	25371
12	J	25376
11	R	25376
11	J	25381
10	R	25381
10	J	25386
9	R	25386
9	J	25391
8	R	25391
8	J	25396
16	R	25396
16	J	25401
15	R	25401
15	J	25406
14	R	25406
14	J	25411
13	R	25411
13	J	25416
12	R	25416
12	J	25421
11	R	25421
11	J	25426
10	R	25426
10	J	25431
9	R	25431
9	J	25436
8	R	25436
8	J	25441
16	R	25441
16	J	25446
15	R	25446
15	J	25451
14	R	25451
14	J	25456
13	R	25456
13	J	25461
12	R	25461
12	J	25466
11	R	25466
11	J	25471
10	R	25471
10	J	25476
9	R	25476
9	J	25481
8	R	25481
8	J	25486
16	R	25486
16	J	25491
15	R	25491
15	J	25496
14	R	25496
14	J	25501
13	R	25501
13	J	25506
12	R	25506
12	J	25511
11	R	25511
11	J	25516
10	R	25516
10	J	25521
9	R	25521
9	J	25526
8	R	25526
8	J	25531
16	R	25531
16	J	25536
15	R	25536
15	J	25541
14	R	25541
14	J	25546
13	R	25546
13	J	25551
12	R	25551
12	J	25556
11	R	25556
11	W	25556
10	R	25556
10	J	25561
9	R	25561
9	J	25566
8	R	25566
8	J	25571
16	R	25571
16	J	25576
15	R	25576
15	J	25581
14	R	25581
14	J	25586
13	R	25586
13	J	25591
12	R	25591
12	J	25596
10	R	25596
10	J	25601
9	R	25601
9	W	25602
8	R	25602
8	J	25607
16	R	25607
16	J	25612
15	R	25612
15	J	25617
14	R	25617
14	J	25622
13	R	25622
13	J	25627
12	R	25627
12	J	25632
10	R	25632
10	J	25637
8	R	25637
8	J	25642
16	R	25642
16	J	25647
15	R	25647
15	J	25652
14	R	25652
11	J	25657
14	J	25657
11	R	25657
11	J	25666
13	R	25666
13	J	25671
12	R	25671
12	J	25676
10	R	25676
10	J	25681
8	R	25681
8	J	25686
16	R	25686
16	J	25691
15	R	25691
15	J	25696
14	R	25696
14	J	25701
13	R	25701
9	J	25706
13	J	25706
9	R	25706
9	J	25715
12	R	25715
12	J	25720
11	R	25720
11	J	25725
10	R	25725
10	J	25730
8	R	25730
8	J	25735
16	R	25735
16	J	25740
15	R	25740
15	J	25745
14	R	25745
14	J	25750
13	R	25750
13	J	25755
12	R	25755
12	J	25760
11	R	25760
11	J	25765
10	R	25765
10	J	25770
9	R	25770
9	J	25775
8	R	25775
8	W	25776
16	R	25776
16	J	25781
15	R	25781
15	J	25786
14	R	25786
14	J	25791
13	R	25791
13	J	25796
12	R	25796
12	J	25801
11	R	25801
11	J	25806
10	R	25806
10	J	25811
9	R	25811
9	J	25816
16	R	25816
16	J	25821
15	R	25821
15	J	25826
14	R	25826
14	J	25831
13	R	25831
13	J	25836
12	R	25836
12	J	25841
11	R	25841
11	J	25846
10	R	25846
10	J	25851
9	R	25851
9	J	25856
16	R	25856
16	J	25861
15	R	25861
15	J	25866
14	R	25866
14	J	25871
13	R	25871
13	J	25876
12	R	25876
8	J	25881
12	J	25881
8	R	25881
8	J	25890
11	R	25890
11	J	25895
10	R	25895
10	J	25900
9	R	25900
9	J	25905
16	R	25905
16	J	25910
15	R	25910
15	J	25915
14	R	25915
14	J	25920
13	R	25920
13	J	25925
12	R	25925
12	J	25930
11	R	25930
11	J	25935
10	R	25935
10	J	25940
9	R	25940
9	J	25945
8	R	25945
8	J	25950
16	R	25950
16	J	25955
15	R	25955
15	J	25960
14	R	25960
14	J	25965
13	R	25965
13	J	25970
12	R	25970
12	J	25975
11	R	25975
11	J	25980
10	R	25980
10	J	25985
9	R	25985
9	J	25990
8	R	25990
8	J	25995
16	R	25995
16	J	26000
15	R	26000
15	J	26005
14	R	26005
14	J	26010
13	R	26010
13	J	26015
12	R	26015
12	J	26020
11	R	26020
11	J	26025
10	R	26025
10	J	26030
9	R	26030
9	J	26035
8	R	26035
8	J	26040
16	R	26040
16	J	26045
15	R	26045
15	J	26050
14	R	26050
14	J	26055
13	R	26055
13	J	26060
12	R	26060
12	J	26065
11	R	26065
11	J	26070
10	R	26070
10	J	26075
9	R	26075
9	J	26080
8	R	26080
8	J	26085
16	R	26085
16	J	26090
15	R	26090
15	J	26095
14	R	26095
14	J	26100
13	R	26100
13	J	26105
12	R	26105
12	J	26110
11	R	26110
11	J	26115
10	R	26115
10	J	26120
9	R	26120
9	J	26125
8	R	26125
8	J	26130
16	R	26130
16	J	26135
15	R	26135
15	J	26140
14	R	26140
14	J	26145
13	R	26145
13	J	26150
12	R	26150
12	J	26155
11	R	26155
11	J	26160
10	R	26160
10	J	26165
9	R	26165
9	J	26170
8	R	26170
8	J	26175
16	R	26175
16	J	26180
15	R	26180
15	J	26185
14	R	26185
14	J	26190
13	R	26190
13	J	26195
12	R	26195
12	J	26200
11	R	26200
11	J	26205
10	R	26205
10	J	26210
9	R	26210
9	J	26215
8	R	26215
8	J	26220
16	R	26220
16	J	26225
15	R	26225
15	J	26230
14	R	26230
14	J	26235
13	R	26235
13	J	26240
12	R	26240
12	J	26245
11	R	26245
11	J	26250
10	R	26250
10	J	26255
9	R	26255
9	J	26260
8	R	26260
8	J	26265
16	R	26265
16	J	26270
15	R	26270
15	J	26275
14	R	26275
14	J	26280
13	R	26280
13	J	26285
12	R	26285
12	J	26290
11	R	26290
11	J	26295
10	R	26295
10	J	26300
9	R	26300
9	J	26305
8	R	26305
8	J	26310
16	R	26310
16	J	26315
15	R	26315
15	J	26320
14	R	26320
14	J	26325
13	R	26325
13	J	26330
12	R	26330
12	J	26335
11	R	26335
11	J	26340
10	R	26340
10	J	26345
9	R	26345
9	J	26350
8	R	26350
8	J	26355
16	R	26355
16	J	26360
15	R	26360
15	J	26365
14	R	26365
14	J	26370
13	R	26370
13	J	26375
12	R	26375
12	J	26380
11	R	26380
11	J	26385
10	R	26385
10	J	26390
9	R	26390
9	J	26395
8	R	26395
8	J	26400
16	R	26400
16	J	26405
15	R	26405
15	J	26410
14	R	26410
14	J	26415
13	R	26415
13	J	26420
12	R	26420
12	W	26420
11	R	26420
11	J	26425
10	R	26425
10	J	26430
9	R	26430
9	J	26435
8	R	26435
8	J	26440
16	R	26440
16	J	26445
15	R	26445
15	J	26450
14	R	26450
14	J	26455
13	R	26455
13	J	26460
11	R	26460
11	J	26465
10	R	26465
10	J	26470
9	R	26470
9	J	26475
8	R	26475
8	J	26480
16	R	26480
16	J	26485
15	R	26485
15	J	26490
14	R	26490
14	J	26495
13	R	26495
13	J	26500
11	R	26500
11	J	26505
10	R	26505
10	J	26510
9	R	26510
9	J	26515
8	R	26515
8	J	26520
16	R	26520
12	J	26525
16	J	26525
12	R	26525
12	J	26534
15	R	26534
15	J	26539
14	R	26539
14	J	26544
13	R	26544
13	J	26549
11	R	26549
11	J	26554
10	R	26554
10	J	26559
9	R	26559
9	J	26564
8	R	26564
8	J	26569
16	R	26569
16	J	26574
15	R	26574
15	J	26579
14	R	26579
14	J	26584
13	R	26584
13	J	26589
12	R	26589
12	J	26594
11	R	26594
11	J	26599
10	R	26599
10	J	26604
9	R	26604
9	J	26609
8	R	26609
8	J	26614
16	R	26614
16	J	26619
15	R	26619
15	J	26624
14	R	26624
14	J	26629
13	R	26629
13	J	26634
12	R	26634
12	J	26639
11	R	26639
11	J	26644
10	R	26644
10	J	26649
9	R	26649
9	J	26654
8	R	26654
8	J	26659
16	R	26659
16	J	26664
15	R	26664
15	J	26669
14	R	26669
14	J	26674
13	R	26674
13	J	26679
12	R	26679
12	J	26684
11	R	26684
11	J	26689
10	R	26689
10	J	26694
9	R	26694
9	J	26699
8	R	26699
8	J	26704
16	R	26704
16	J	26709
15	R	26709
15	J	26714
14	R	26714
14	J	26719
13	R	26719
13	J	26724
12	R	26724
12	J	26729
11	R	26729
11	J	26734
10	R	26734
10	J	26739
9	R	26739
9	J	26744
8	R	26744
8	W	26745
16	R	26745
16	J	26750
15	R	26750
15	J	26755
14	R	26755
14	J	26760
13	R	26760
13	J	26765
12	R	26765
12	J	26770
11	R	26770
11	J	26775
10	R	26775
10	J	26780
9	R	26780
9	J	26785
16	R	26785
16	J	26790
15	R	26790
15	J	26795
14	R	26795
14	J	26800
13	R	26800
13	J	26805
12	R	26805
12	J	26810
11	R	26810
11	J	26815
10	R	26815
10	J	26820
9	R	26820
9	J	26825
16	R	26825
16	J	26830
15	R	26830
15	J	26835
14	R	26835
14	J	26840
13	R	26840
13	J	26845
12	R	26845
8	J	26850
12	J	26850
8	R	26850
8	E	26850
6	J	26850
6	R	26850
6	W	26851
11	R	26851
11	J	26856
10	R	26856
10	J	26861
9	R	26861
9	J	26866
16	R	26866
16	J	26871
15	R	26871
15	J	26876
14	R	26876
14	J	26881
13	R	26881
13	J	26886
12	R	26886
12	J	26891
11	R	26891
11	J	26896
10	R	26896
10	J	26901
9	R	26901
9	J	26906
16	R	26906
16	J	26911
15	R	26911
15	J	26916
14	R	26916
14	J	26921
13	R	26921
13	J	26926
12	R	26926
12	J	26931
11	R	26931
11	J	26936
10	R	26936
10	J	26941
9	R	26941
9	J	26946
16	R	26946
16	J	26951
15	R	26951
15	J	26956
14	R	26956
14	J	26961
13	R	26961
13	J	26966
12	R	26966
12	J	26971
11	R	26971
11	J	26976
10	R	26976
10	J	26981
9	R	26981
9	J	26986
16	R	26986
16	J	26991
15	R	26991
15	J	26996
14	R	26996
14	J	27001
13	R	27001
13	J	27006
12	R	27006
12	J	27011
11	R	27011
11	J	27016
10	R	27016
10	J	27021
9	R	27021
9	J	27026
16	R	27026
16	J	27031
15	R	27031
15	J	27036
14	R	27036
14	J	27041
13	R	27041
13	J	27046
12	R	27046
12	J	27051
11	R	27051
11	J	27056
10	R	27056
10	J	27061
9	R	27061
9	J	27066
16	R	27066
16	J	27071
15	R	27071
15	J	27076
14	R	27076
14	J	27081
13	R	27081
3	J	27086
13	J	27086
3	R	27086
3	W	27089
12	R	27089
12	J	27094
11	R	27094
11	J	27099
10	R	27099
10	J	27104
9	R	27104
9	J	27109
16	R	27109
16	J	27114
15	R	27114
15	J	27119
14	R	27119
14	J	27124
13	R	27124
13	J	27129
12	R	27129
12	J	27134
11	R	27134
11	J	27139
10	R	27139
10	J	27144
9	R	27144
9	J	27149
16	R	27149
16	J	27154
15	R	27154
15	J	27159
14	R	27159
14	J	27164
13	R	27164
13	J	27169
12	R	27169
12	J	27174
11	R	27174
11	J	27179
10	R	27179
10	J	27184
9	R	27184
9	J	27189
16	R	27189
16	J	27194
15	R	27194
15	J	27199
14	R	27199
14	J	27204
13	R	27204
13	J	27209
12	R	27209
12	J	27214
11	R	27214
11	J	27219
10	R	27219
10	J	27224
9	R	27224
9	J	27229
16	R	27229
16	J	27234
15	R	27234
15	J	27239
14	R	27239
14	J	27244
13	R	27244
13	W	27244
12	R	27244
12	J	27249
11	R	27249
11	J	27254
10	R	27254
10	J	27259
9	R	27259
9	J	27264
16	R	27264
16	J	27269
15	R	27269
15	J	27274
14	R	27274
14	J	27279
12	R	27279
12	J	27284
11	R	27284
11	J	27289
10	R	27289
10	J	27294
9	R	27294
9	J	27299
16	R	27299
16	J	27304
15	R	27304
15	J	27309
14	R	27309
14	J	27314
12	R	27314
12	J	27319
11	R	27319
11	J	27324
10	R	27324
10	W	27325
9	R	27325
9	J	27330
16	R	27330
16	J	27335
15	R	27335
15	J	27340
14	R	27340
13	J	27345
14	J	27345
13	R	27345
13	J	27354
12	R	27354
12	J	27359
11	R	27359
11	J	27364
9	R	27364
9	W	27365
16	R	27365
16	J	27370
15	R	27370
15	J	27375
14	R	27375
14	J	27380
13	R	27380
13	J	27385
12	R	27385
12	J	27390
11	R	27390
11	J	27395
16	R	27395
16	J	27400
15	R	27400
15	J	27405
14	R	27405
14	J	27410
13	R	27410
13	J	27415
12	R	27415
12	J	27420
11	R	27420
11	J	27425
16	R	27425
10	J	27430
16	J	27430
10	R	27430
10	J	27439
15	R	27439
15	J	27444
14	R	27444
14	J	27449
13	R	27449
13	J	27454
12	R	27454
12	J	27459
11	R	27459
11	J	27464
16	R	27464
9	J	27469
16	J	27469
9	R	27469
9	J	27478
15	R	27478
15	J	27483
14	R	27483
14	J	27488
13	R	27488
13	J	27493
12	R	27493
12	J	27498
11	R	27498
11	J	27503
10	R	27503
10	J	27508
16	R	27508
16	J	27513
15	R	27513
15	J	27518
14	R	27518
14	J	27523
13	R	27523
13	J	27528
12	R	27528
12	J	27533
11	R	27533
11	J	27538
10	R	27538
10	J	27543
9	R	27543
9	J	27548
16	R	27548
16	J	27553
15	R	27553
15	J	27558
14	R	27558
14	J	27563
13	R	27563
13	J	27568
12	R	27568
12	J	27573
11	R	27573
11	J	27578
10	R	27578
10	J	27583
9	R	27583
9	J	27588
16	R	27588
16	J	27593
15	R	27593
15	J	27598
14	R	27598
14	J	27603
13	R	27603
13	J	27608
12	R	27608
12	J	27613
11	R	27613
11	J	27618
10	R	27618
10	J	27623
9	R	27623
9	J	27628
16	R	27628
16	J	27633
15	R	27633
15	J	27638
14	R	27638
14	J	27643
13	R	27643
13	J	27648
12	R	27648
12	J	27653
11	R	27653
11	J	27658
10	R	27658
10	J	27663
9	R	27663
9	J	27668
16	R	27668
16	J	27673
15	R	27673
15	J	27678
14	R	27678
14	J	27683
13	R	27683
13	J	27688
12	R	27688
12	J	27693
11	R	27693
11	J	27698
10	R	27698
10	J	27703
9	R	27703
9	J	27708
16	R	27708
16	J	27713
15	R	27713
15	J	27718
14	R	27718
14	J	27723
13	R	27723
13	J	27728
12	R	27728
12	J	27733
11	R	27733
11	J	27738
10	R	27738
10	J	27743
9	R	27743
9	J	27748
16	R	27748
16	J	27753
15	R	27753
15	J	27758
14	R	27758
14	J	27763
13	R	27763
13	J	27768
12	R	27768
12	J	27773
11	R	27773
11	J	27778
10	R	27778
10	J	27783
9	R	27783
9	J	27788
16	R	27788
16	J	27793
15	R	27793
15	J	27798
14	R	27798
14	J	27803
13	R	27803
13	J	27808
12	R	27808
12	J	27813
11	R	27813
11	J	27818
10	R	27818
10	J	27823
9	R	27823
9	J	27828
16	R	27828
16	J	27833
15	R	27833
15	J	27838
14	R	27838
14	J	27843
13	R	27843
13	J	27848
12	R	27848
12	J	27853
11	R	27853
11	J	27858
10	R	27858
10	J	27863
9	R	27863
9	J	27868
16	R	27868
16	J	27873
15	R	27873
15	J	27878
14	R	27878
14	J	27883
13	R	27883
13	J	27888
12	R	27888
12	J	27893
11	R	27893
11	J	27898
10	R	27898
10	J	27903
9	R	27903
9	J	27908
16	R	27908
16	J	27913
15	R	27913
15	J	27918
14	R	27918
14	J	27923
13	R	27923
13	J	27928
12	R	27928
12	J	27933
11	R	27933
11	J	27938
10	R	27938
10	J	27943
9	R	27943
9	J	27948
16	R	27948
16	J	27953
15	R	27953
15	J	27958
14	R	27958
14	J	27963
13	R	27963
13	J	27968
12	R	27968
12	J	27973
11	R	27973
11	J	27978
10	R	27978
10	J	27983
9	R	27983
9	J	27988
16	R	27988
16	J	27993
15	R	27993
15	J	27998
14	R	27998
14	W	27998
13	R	27998
13	J	28003
12	R	28003
12	J	28008
11	R	28008
11	J	28013
10	R	28013
10	J	28018
9	R	28018
9	J	28023
16	R	28023
16	J	28028
15	R	28028
15	J	28033
13	R	28033
13	J	28038
12	R	28038
12	J	28043
11	R	28043
11	J	28048
10	R	28048
10	J	28053
9	R	28053
9	J	28058
16	R	28058
16	J	28063
15	R	28063
15	J	28068
13	R	28068
13	J	28073
12	R	28073
12	J	28078
11	R	28078
11	J	28083
10	R	28083
10	J	28088
9	R	28088
9	J	28093
16	R	28093
16	J	28098
15	R	28098
14	J	28103
15	J	28103
14	R	28103
14	J	28112
13	R	28112
13	J	28117
12	R	28117
12	J	28122
11	R	28122
11	J	28127
10	R	28127
10	J	28132
9	R	28132
9	J	28137
16	R	28137
16	J	28142
15	R	28142
15	J	28147
14	R	28147
14	J	28152
13	R	28152
13	J	28157
12	R	28157
12	J	28162
11	R	28162
11	J	28167
10	R	28167
10	J	28172
9	R	28172
9	J	28177
16	R	28177
16	J	28182
15	R	28182
15	J	28187
14	R	28187
14	J	28192
13	R	28192
13	J	28197
12	R	28197
12	J	28202
11	R	28202
11	J	28207
10	R	28207
10	J	28212
9	R	28212
9	J	28217
16	R	28217
16	J	28222
15	R	28222
15	J	28227
14	R	28227
14	J	28232
13	R	28232
13	J	28237
12	R	28237
12	J	28242
11	R	28242
11	J	28247
10	R	28247
10	J	28252
9	R	28252
9	J	28257
16	R	28257
16	J	28262
15	R	28262
15	J	28267
14	R	28267
14	J	28272
13	R	28272
13	J	28277
12	R	28277
12	J	28282
11	R	28282
11	J	28287
10	R	28287
10	J	28292
9	R	28292
9	J	28297
16	R	28297
16	J	28302
15	R	28302
15	J	28307
14	R	28307
14	J	28312
13	R	28312
13	J	28317
12	R	28317
12	J	28322
11	R	28322
11	J	28327
10	R	28327
10	J	28332
9	R	28332
9	J	28337
16	R	28337
16	J	28342
15	R	28342
15	J	28347
14	R	28347
14	J	28352
13	R	28352
13	J	28357
12	R	28357
12	J	28362
11	R	28362
11	J	28367
10	R	28367
10	J	28372
9	R	28372
9	J	28377
16	R	28377
16	J	28382
15	R	28382
15	J	28387
14	R	28387
14	J	28392
13	R	28392
13	J	28397
12	R	28397
12	J	28402
11	R	28402
11	J	28407
10	R	28407
10	J	28412
9	R	28412
9	J	28417
16	R	28417
16	J	28422
15	R	28422
15	J	28427
14	R	28427
14	J	28432
13	R	28432
13	J	28437
12	R	28437
12	J	28442
11	R	28442
11	J	28447
10	R	28447
10	J	28452
9	R	28452
9	J	28457
16	R	28457
16	J	28462
15	R	28462
15	J	28467
14	R	28467
14	J	28472
13	R	28472
13	J	28477
12	R	28477
12	J	28482
11	R	28482
11	J	28487
10	R	28487
10	J	28492
9	R	28492
9	J	28497
16	R	28497
16	J	28502
15	R	28502
15	J	28507
14	R	28507
14	J	28512
13	R	28512
13	J	28517
12	R	28517
12	J	28522
11	R	28522
11	J	28527
10	R	28527
10	J	28532
9	R	28532
9	J	28537
16	R	28537
16	J	28542
15	R	28542
15	J	28547
14	R	28547
14	J	28552
13	R	28552
13	J	28557
12	R	28557
12	J	28562
11	R	28562
11	J	28567
10	R	28567
10	J	28572
9	R	28572
9	J	28577
16	R	28577
16	J	28582
15	R	28582
15	J	28587
14	R	28587
14	J	28592
13	R	28592
13	J	28597
12	R	28597
12	J	28602
11	R	28602
11	J	28607
10	R	28607
10	J	28612
9	R	28612
9	J	28617
16	R	28617
16	J	28622
15	R	28622
15	J	28627
14	R	28627
14	J	28632
13	R	28632
13	J	28637
12	R	28637
12	J	28642
11	R	28642
11	J	28647
10	R	28647
10	J	28652
9	R	28652
9	J	28657
16	R	28657
16	J	28662
15	R	28662
15	J	28667
14	R	28667
14	J	28672
13	R	28672
13	J	28677
12	R	28677
12	J	28682
11	R	28682
11	J	28687
10	R	28687
10	J	28692
9	R	28692
9	J	28697
16	R	28697
16	J	28702
15	R	28702
15	J	28707
14	R	28707
14	J	28712
13	R	28712
13	J	28717
12	R	28717
12	J	28722
11	R	28722
11	J	28727
10	R	28727
10	J	28732
9	R	28732
9	J	28737
16	R	28737
16	J	28742
15	R	28742
15	J	28747
14	R	28747
14	J	28752
13	R	28752
13	J	28757
12	R	28757
12	J	28762
11	R	28762
11	J	28767
10	R	28767
10	J	28772
9	R	28772
9	J	28777
16	R	28777
16	J	28782
15	R	28782
15	J	28787
14	R	28787
14	J	28792
13	R	28792
13	J	28797
12	R	28797
12	J	28802
11	R	28802
11	J	28807
10	R	28807
10	J	28812
9	R	28812
9	J	28817
16	R	28817
16	J	28822
15	R	28822
15	W	28822
14	R	28822
14	J	28827
13	R	28827
13	J	28832
12	R	28832
12	J	28837
11	R	28837
11	J	28842
10	R	28842
10	J	28847
9	R	28847
9	J	28852
16	R	28852
16	J	28857
14	R	28857
14	J	28862
13	R	28862
13	J	28867
12	R	28867
12	J	28872
11	R	28872
11	W	28873
10	R	28873
10	J	28878
9	R	28878
9	J	28883
16	R	28883
16	J	28888
14	R	28888
14	J	28893
13	R	28893
13	J	28898
12	R	28898
12	J	28903
10	R	28903
10	J	28908
9	R	28908
9	J	28913
16	R	28913
16	J	28918
14	R	28918
15	J	28923
14	J	28923
15	R	28923
15	J	28932
13	R	28932
13	J	28937
12	R	28937
12	J	28942
10	R	28942
10	J	28947
9	R	28947
9	J	28952
16	R	28952
16	J	28957
15	R	28957
15	J	28962
14	R	28962
14	J	28967
13	R	28967
13	J	28972
12	R	28972
11	J	28977
12	J	28977
11	R	28977
11	E	28977
6	J	28977
6	R	28977
6	W	28978
10	R	28978
10	J	28983
9	R	28983
9	J	28988
16	R	28988
16	J	28993
15	R	28993
15	J	28998
14	R	28998
14	J	29003
13	R	29003
13	J	29008
12	R	29008
12	J	29013
10	R	29013
10	J	29018
9	R	29018
9	E	29019
6	J	29019
6	R	29019
6	W	29019
16	R	29020
16	J	29025
15	R	29025
15	J	29030
14	R	29030
14	J	29035
13	R	29035
13	J	29040
12	R	29040
12	J	29045
10	R	29045
10	J	29050
16	R	29050
16	J	29055
15	R	29055
15	J	29060
14	R	29060
14	J	29065
13	R	29065
13	J	29070
12	R	29070
12	J	29075
10	R	29075
10	J	29080
16	R	29080
16	J	29085
15	R	29085
15	J	29090
14	R	29090
14	J	29095
13	R	29095
13	J	29100
12	R	29100
12	J	29105
10	R	29105
10	J	29110
16	R	29110
16	J	29115
15	R	29115
15	J	29120
14	R	29120
14	J	29125
13	R	29125
13	J	29130
12	R	29130
12	J	29135
10	R	29135
10	J	29140
16	R	29140
16	J	29145
15	R	29145
15	J	29150
14	R	29150
14	J	29155
13	R	29155
13	J	29160
12	R	29160
12	J	29165
10	R	29165
10	J	29170
16	R	29170
16	J	29175
15	R	29175
15	J	29180
14	R	29180
14	J	29185
13	R	29185
13	J	29190
12	R	29190
12	J	29195
10	R	29195
10	J	29200
16	R	29200
16	J	29205
15	R	29205
15	J	29210
14	R	29210
14	J	29215
13	R	29215
13	J	29220
12	R	29220
12	J	29225
10	R	29225
10	J	29230
16	R	29230
16	J	29235
15	R	29235
15	J	29240
14	R	29240
14	J	29245
13	R	29245
13	J	29250
12	R	29250
12	J	29255
10	R	29255
10	J	29260
16	R	29260
16	J	29265
15	R	29265
15	J	29270
14	R	29270
14	J	29275
13	R	29275
13	J	29280
12	R	29280
12	J	29285
10	R	29285
10	J	29290
16	R	29290
16	J	29295
15	R	29295
15	J	29300
14	R	29300
14	J	29305
13	R	29305
13	J	29310
12	R	29310
12	J	29315
10	R	29315
10	J	29320
16	R	29320
16	J	29325
15	R	29325
15	J	29330
14	R	29330
14	J	29335
13	R	29335
13	J	29340
12	R	29340
12	J	29345
10	R	29345
10	J	29350
16	R	29350
16	J	29355
15	R	29355
15	J	29360
14	R	29360
14	J	29365
13	R	29365
13	J	29370
12	R	29370
12	J	29375
10	R	29375
10	J	29380
16	R	29380
16	J	29385
15	R	29385
15	J	29390
14	R	29390
14	J	29395
13	R	29395
13	J	29400
12	R	29400
12	J	29405
10	R	29405
10	J	29410
16	R	29410
16	J	29415
15	R	29415
15	J	29420
14	R	29420
14	J	29425
13	R	29425
13	J	29430
12	R	29430
12	J	29435
10	R	29435
10	J	29440
16	R	29440
16	W	29440
15	R	29440
15	J	29445
14	R	29445
14	J	29450
13	R	29450
13	J	29455
12	R	29455
12	J	29460
10	R	29460
10	J	29465
15	R	29465
15	J	29470
14	R	29470
14	J	29475
13	R	29475
13	J	29480
12	R	29480
12	J	29485
10	R	29485
10	J	29490
15	R	29490
15	J	29495
14	R	29495
14	J	29500
13	R	29500
13	J	29505
12	R	29505
12	J	29510
10	R	29510
10	J	29515
15	R	29515
15	J	29520
14	R	29520
14	J	29525
13	R	29525
13	J	29530
12	R	29530
12	J	29535
10	R	29535
10	J	29540
15	R	29540
16	J	29545
15	J	29545
16	R	29545
16	E	29545
6	J	29545
6	R	29545
6	W	29546
14	R	29546
14	J	29551
13	R	29551
13	J	29556
12	R	29556
12	J	29561
10	R	29561
10	E	29562
6	J	29562
6	R	29562
6	W	29562
15	R	29563
15	J	29568
14	R	29568
14	J	29573
13	R	29573
13	J	29578
12	R	29578
12	J	29583
15	R	29583
15	J	29588
14	R	29588
14	J	29593
13	R	29593
13	J	29598
12	R	29598
12	J	29603
15	R	29603
15	J	29608
14	R	29608
14	J	29613
13	R	29613
13	J	29618
12	R	29618
12	J	29623
15	R	29623
15	J	29628
14	R	29628
14	J	29633
13	R	29633
13	J	29638
12	R	29638
12	J	29643
15	R	29643
15	J	29648
14	R	29648
14	J	29653
13	R	29653
13	J	29658
12	R	29658
12	J	29663
15	R	29663
15	J	29668
14	R	29668
14	J	29673
13	R	29673
13	J	29678
12	R	29678
12	J	29683
15	R	29683
15	J	29688
14	R	29688
14	J	29693
13	R	29693
13	J	29698
12	R	29698
12	J	29703
15	R	29703
15	J	29708
14	R	29708
14	J	29713
13	R	29713
13	J	29718
12	R	29718
12	J	29723
15	R	29723
15	J	29728
14	R	29728
14	J	29733
13	R	29733
13	J	29738
12	R	29738
12	J	29743
15	R	29743
15	J	29748
14	R	29748
14	J	29753
13	R	29753
13	J	29758
12	R	29758
12	J	29763
15	R	29763
15	J	29768
14	R	29768
14	J	29773
13	R	29773
13	J	29778
12	R	29778
12	J	29783
15	R	29783
15	J	29788
14	R	29788
14	J	29793
13	R	29793
13	J	29798
12	R	29798
12	J	29803
15	R	29803
15	J	29808
14	R	29808
14	J	29813
13	R	29813
13	J	29818
12	R	29818
12	J	29823
15	R	29823
15	J	29828
14	R	29828
14	J	29833
13	R	29833
13	J	29838
12	R	29838
12	J	29843
15	R	29843
15	J	29848
14	R	29848
14	J	29853
13	R	29853
13	J	29858
12	R	29858
12	J	29863
15	R	29863
15	J	29868
14	R	29868
14	J	29873
13	R	29873
13	J	29878
12	R	29878
12	J	29883
15	R	29883
15	J	29888
14	R	29888
14	J	29893
13	R	29893
13	J	29898
12	R	29898
12	E	29899
6	J	29899
6	R	29899
6	W	29899
15	R	29900
15	J	29905
14	R	29905
14	J	29910
13	R	29910
13	J	29915
15	R	29915
15	J	29920
14	R	29920
14	J	29925
13	R	29925
13	J	29930
15	R	29930
15	J	29935
14	R	29935
14	J	29940
13	R	29940
13	J	29945
15	R	29945
15	J	29950
14	R	29950
14	J	29955
13	R	29955
13	J	29960
15	R	29960
15	J	29965
14	R	29965
14	J	29970
13	R	29970
13	J	29975
15	R	29975
15	J	29980
14	R	29980
14	J	29985
13	R	29985
13	J	29990
15	R	29990
15	J	29995
14	R	29995
14	J	30000
13	R	30000
13	J	30005
15	R	30005
15	J	30010
14	R	30010
14	J	30015
13	R	30015
13	J	30020
15	R	30020
15	J	30025
14	R	30025
14	J	30030
13	R	30030
13	J	30035
15	R	30035
15	J	30040
14	R	30040
14	J	30045
13	R	30045
13	J	30050
15	R	30050
15	J	30055
14	R	30055
14	J	30060
13	R	30060
13	J	30065
15	R	30065
15	J	30070
14	R	30070
14	J	30075
13	R	30075
13	J	30080
15	R	30080
15	J	30085
14	R	30085
3	J	30090
14	J	30090
3	R	30090
3	W	30093
13	R	30093
13	J	30098
15	R	30098
15	J	30103
14	R	30103
14	J	30108
13	R	30108
13	J	30113
15	R	30113
15	J	30118
14	R	30118
14	J	30123
13	R	30123
13	J	30128
15	R	30128
15	J	30133
14	R	30133
14	J	30138
13	R	30138
13	J	30143
15	R	30143
15	J	30148
14	R	30148
14	J	30153
13	R	30153
13	J	30158
15	R	30158
15	J	30163
14	R	30163
14	J	30168
13	R	30168
13	J	30173
15	R	30173
15	J	30178
14	R	30178
14	J	30183
13	R	30183
13	J	30188
15	R	30188
15	J	30193
14	R	30193
14	J	30198
13	R	30198
13	J	30203
15	R	30203
15	J	30208
14	R	30208
14	J	30213
13	R	30213
13	J	30218
15	R	30218
15	J	30223
14	R	30223
14	J	30228
13	R	30228
13	J	30233
15	R	30233
15	J	30238
14	R	30238
14	J	30243
13	R	30243
13	J	30248
15	R	30248
15	J	30253
14	R	30253
14	J	30258
13	R	30258
13	J	30263
15	R	30263
15	J	30268
14	R	30268
14	J	30273
13	R	30273
13	J	30278
15	R	30278
15	J	30283
14	R	30283
14	J	30288
13	R	30288
13	J	30293
15	R	30293
15	J	30298
14	R	30298
14	J	30303
13	R	30303
13	J	30308
15	R	30308
15	J	30313
14	R	30313
14	J	30318
13	R	30318
13	J	30323
15	R	30323
15	J	30328
14	R	30328
14	J	30333
13	R	30333
13	J	30338
15	R	30338
15	J	30343
14	R	30343
14	J	30348
13	R	30348
13	J	30353
15	R	30353
15	J	30358
14	R	30358
14	J	30363
13	R	30363
13	J	30368
15	R	30368
15	J	30373
14	R	30373
14	J	30378
13	R	30378
13	J	30383
15	R	30383
15	J	30388
14	R	30388
14	J	30393
13	R	30393
13	J	30398
15	R	30398
15	J	30403
14	R	30403
14	J	30408
13	R	30408
13	J	30413
15	R	30413
15	J	30418
14	R	30418
14	J	30423
13	R	30423
13	J	30428
15	R	30428
15	J	30433
14	R	30433
14	J	30438
13	R	30438
13	J	30443
15	R	30443
15	J	30448
14	R	30448
14	J	30453
13	R	30453
13	J	30458
15	R	30458
15	J	30463
14	R	30463
14	J	30468
13	R	30468
13	J	30473
15	R	30473
15	J	30478
14	R	30478
14	J	30483
13	R	30483
13	J	30488
15	R	30488
15	J	30493
14	R	30493
14	J	30498
13	R	30498
13	E	30499
6	J	30499
6	R	30499
6	W	30499
15	R	30500
15	J	30505
14	R	30505
14	J	30510
15	R	30510
15	J	30515
14	R	30515
14	J	30520
15	R	30520
15	J	30525
14	R	30525
14	J	30530
15	R	30530
15	J	30535
14	R	30535
14	J	30540
15	R	30540
15	J	30545
14	R	30545
14	J	30550
15	R	30550
15	J	30555
14	R	30555
14	J	30560
15	R	30560
15	J	30565
14	R	30565
14	J	30570
15	R	30570
15	J	30575
14	R	30575
14	J	30580
15	R	30580
15	J	30585
14	R	30585
14	J	30590
15	R	30590
15	J	30595
14	R	30595
14	J	30600
15	R	30600
15	J	30605
14	R	30605
14	J	30610
15	R	30610
15	J	30615
14	R	30615
14	J	30620
15	R	30620
15	J	30625
14	R	30625
14	J	30630
15	R	30630
15	J	30635
14	R	30635
14	J	30640
15	R	30640
15	J	30645
14	R	30645
14	J	30650
15	R	30650
15	J	30655
14	R	30655
14	J	30660
15	R	30660
15	J	30665
14	R	30665
14	J	30670
15	R	30670
15	J	30675
14	R	30675
14	J	30680
15	R	30680
15	J	30685
14	R	30685
14	J	30690
15	R	30690
15	J	30695
14	R	30695
14	J	30700
15	R	30700
15	J	30705
14	R	30705
14	J	30710
15	R	30710
15	J	30715
14	R	30715
14	J	30720
15	R	30720
15	J	30725
14	R	30725
14	J	30730
15	R	30730
15	J	30735
14	R	30735
14	J	30740
15	R	30740
15	J	30745
14	R	30745
14	J	30750
15	R	30750
15	J	30755
14	R	30755
14	J	30760
15	R	30760
15	J	30765
14	R	30765
14	J	30770
15	R	30770
15	J	30775
14	R	30775
14	J	30780
15	R	30780
15	J	30785
14	R	30785
14	J	30790
15	R	30790
15	J	30795
14	R	30795
14	J	30800
15	R	30800
15	J	30805
14	R	30805
14	J	30810
15	R	30810
15	J	30815
14	R	30815
14	J	30820
15	R	30820
15	J	30825
14	R	30825
14	J	30830
15	R	30830
15	J	30835
14	R	30835
14	J	30840
15	R	30840
15	J	30845
14	R	30845
14	J	30850
15	R	30850
15	J	30855
14	R	30855
14	J	30860
15	R	30860
15	J	30865
14	R	30865
14	J	30870
15	R	30870
15	J	30875
14	R	30875
14	J	30880
15	R	30880
15	J	30885
14	R	30885
14	J	30890
15	R	30890
15	J	30895
14	R	30895
14	E	30896
6	J	30896
6	R	30896
6	W	30896
15	R	30897
15	E	31098
6	J	31098
6	R	31098
6	E	31099
4	J	31099
4	R	31099
17	N	31100
17	J	31101
4	W	31101
17	R	31101
4	J	31103
17	E	31104
4	R	31104
4	W	31105
0	R	31105
3	J	33091
3	R	33091
3	W	33094
0	R	33094
4	J	33258
4	R	33258
4	W	33258
0	R	33258
4	J	33449
4	R	33449
4	W	33449
0	R	33449
4	J	33451
4	R	33451
4	W	33451
0	R	33451
4	J	33613
4	R	33613
4	W	33613
0	R	33613
4	J	33859
4	R	33859
4	W	33859
0	R	33859
4	J	34007
4	R	34007
4	W	34007
0	R	34007
4	J	34008
4	R	34008
4	W	34008
0	R	34008
4	J	34177
4	R	34177
4	W	34177
0	R	34177
4	J	34598
4	R	34598
18	N	34600
18	J	34601
4	W	34601
18	R	34601
18	E	34607
4	J	34607
4	R	34607
19	N	34607
19	J	34608
4	W	34609
19	R	34609
4	J	34611
19	E	34612
4	R	34612
4	W	34613
0	R	34613
4	J	34720
4	R	34720
4	W	34721
0	R	34721
3	J	36092
3	R	36092
