1	N	46
1	J	46
0	J	46
1	R	46
2	N	47
2	J	47
1	W	47
2	R	47
3	N	65
3	J	66
2	J	66
3	R	66
3	W	71
2	R	71
2	E	77
1	J	77
1	R	77
4	N	77
4	J	78
1	W	78
4	R	78
5	N	115
5	J	116
4	W	116
5	R	116
4	J	118
5	E	119
4	R	119
4	W	125
0	R	125
4	J	2466
4	R	2466
4	W	2466
0	R	2466
4	J	2661
4	R	2661
4	W	2661
0	R	2661
4	J	2792
4	R	2792
4	W	2792
0	R	2792
4	J	2910
4	R	2910
4	W	2910
0	R	2910
3	J	3069
3	R	3069
3	W	3072
0	R	3072
4	J	4092
4	R	4092
4	W	4092
0	R	4092
4	J	4352
4	R	4352
4	W	4352
0	R	4353
4	J	4470
4	R	4470
4	W	4470
0	R	4470
4	J	4644
4	R	4645
4	W	4645
0	R	4645
4	J	4734
4	R	4735
4	W	4735
0	R	4735
4	J	4907
4	R	4907
4	W	4908
0	R	4908
4	J	5204
4	R	5204
4	W	5204
0	R	5204
4	J	5335
4	R	5335
4	W	5335
0	R	5335
4	J	5523
4	R	5523
4	W	5523
0	R	5523
4	J	5633
4	R	5633
4	W	5633
0	R	5633
4	J	6018
4	R	6018
4	W	6018
0	R	6018
3	J	6070
3	R	6070
3	W	6072
0	R	6072
4	J	6138
4	R	6138
4	W	6138
0	R	6138
4	J	6291
4	R	6291
4	W	6291
0	R	6291
4	J	6411
4	R	6411
4	W	6411
0	R	6411
4	J	6545
4	R	6545
4	W	6545
0	R	6545
4	J	6666
4	R	6666
4	W	6666
0	R	6666
4	J	6772
4	R	6772
4	W	6773
0	R	6773
4	J	6907
4	R	6907
4	W	6907
0	R	6907
4	J	7202
4	R	7202
4	W	7202
0	R	7202
4	J	7335
4	R	7335
4	W	7335
0	R	7335
4	J	7397
4	R	7397
4	W	7397
0	R	7397
4	J	7558
4	R	7558
4	W	7558
0	R	7558
4	J	7859
4	R	7859
4	W	7859
0	R	7859
4	J	7903
4	R	7903
4	W	7903
0	R	7903
4	J	7995
4	R	7995
4	W	7995
0	R	7995
4	J	8799
4	R	8799
4	W	8799
0	R	8799
4	J	8927
4	R	8927
4	W	8927
0	R	8927
4	J	9032
4	R	9032
4	W	9032
0	R	9032
3	J	9071
3	R	9071
3	W	9073
0	R	9073
4	J	9166
4	R	9166
4	W	9166
0	R	9166
4	J	9376
4	R	9377
4	W	9377
0	R	9377
4	J	9515
4	R	9515
4	W	9515
0	R	9515
4	J	9788
4	R	9788
4	W	9788
0	R	9788
4	J	9939
4	R	9939
4	W	9939
0	R	9939
4	J	10210
4	R	10210
4	W	10210
0	R	10211
4	J	10342
4	R	10342
4	W	10342
0	R	10342
4	J	10465
4	R	10466
4	W	10466
0	R	10466
4	J	10617
4	R	10617
4	W	10617
0	R	10618
4	J	10755
4	R	10755
6	N	10756
6	J	10757
4	W	10757
6	R	10757
7	N	10759
7	J	10760
6	J	10760
7	R	10760
7	W	10761
6	R	10761
8	N	10762
8	J	10762
9	N	10763
9	J	10763
10	N	10764
10	J	10765
6	J	10765
10	R	10765
10	J	10768
9	R	10768
9	J	10771
8	R	10771
8	J	10774
10	R	10774
10	J	10777
9	R	10777
9	J	10780
8	R	10780
8	J	10783
6	R	10783
11	N	10783
11	J	10784
12	N	10784
12	J	10785
13	N	10785
13	J	10786
6	J	10786
13	R	10786
13	J	10789
12	R	10789
12	J	10792
11	R	10792
11	J	10795
13	R	10795
13	J	10798
12	R	10798
12	J	10801
11	R	10801
11	J	10804
10	R	10804
10	J	10807
9	R	10807
9	J	10810
8	R	10810
8	J	10813
6	R	10813
14	N	10813
14	J	10814
15	N	10814
15	J	10815
16	N	10815
16	J	10816
6	J	10816
16	R	10816
16	J	10819
15	R	10819
15	J	10822
14	R	10822
14	J	10825
16	R	10825
16	J	10828
15	R	10828
15	J	10831
14	R	10831
14	J	10834
13	R	10834
13	J	10837
12	R	10837
12	J	10840
11	R	10840
11	J	10843
10	R	10843
10	J	10846
9	R	10846
9	J	10849
8	R	10849
8	J	10852
6	R	10852
6	W	10852
16	R	10852
16	J	10855
15	R	10855
15	J	10858
14	R	10858
14	J	10861
13	R	10861
7	J	10864
13	J	10864
7	R	10864
7	W	10864
12	R	10864
12	J	10867
11	R	10867
11	J	10870
10	R	10870
10	J	10873
9	R	10873
9	J	10876
8	R	10876
8	J	10879
16	R	10879
16	J	10882
15	R	10882
15	J	10885
14	R	10885
14	J	10888
13	R	10888
13	J	10891
12	R	10891
12	J	10894
11	R	10894
11	J	10897
10	R	10897
10	J	10900
9	R	10900
9	J	10903
8	R	10903
8	J	10906
16	R	10906
16	J	10909
15	R	10909
15	J	10912
14	R	10912
14	J	10915
13	R	10915
13	J	10918
12	R	10918
12	J	10921
11	R	10921
11	J	10924
10	R	10924
10	J	10927
9	R	10927
9	J	10930
8	R	10930
8	J	10933
16	R	10933
16	J	10936
15	R	10936
15	J	10939
14	R	10939
14	J	10942
13	R	10942
13	J	10945
12	R	10945
12	J	10948
11	R	10948
11	J	10951
10	R	10951
10	J	10954
9	R	10954
9	J	10957
8	R	10957
8	J	10960
16	R	10960
16	J	10963
15	R	10963
7	J	10966
15	J	10966
7	R	10966
7	W	10966
14	R	10966
14	J	10969
13	R	10969
13	J	10972
12	R	10972
12	J	10975
11	R	10975
11	J	10978
10	R	10978
10	J	10981
9	R	10981
9	J	10984
8	R	10984
8	J	10987
16	R	10987
16	J	10990
15	R	10990
15	J	10993
14	R	10993
14	J	10996
13	R	10996
13	J	10999
12	R	10999
12	J	11002
11	R	11002
11	J	11005
10	R	11005
10	J	11008
9	R	11008
9	J	11011
8	R	11011
8	J	11014
16	R	11014
16	J	11017
15	R	11017
15	J	11020
14	R	11020
14	J	11023
13	R	11023
13	J	11026
12	R	11026
12	J	11029
11	R	11029
11	J	11032
10	R	11032
10	J	11035
9	R	11035
9	J	11038
8	R	11038
8	J	11041
16	R	11041
16	J	11044
15	R	11044
15	J	11047
14	R	11047
14	J	11050
13	R	11050
13	J	11053
12	R	11053
12	J	11056
11	R	11056
11	J	11059
10	R	11059
10	J	11062
9	R	11062
9	J	11065
8	R	11065
7	J	11068
8	J	11068
7	R	11068
7	W	11068
16	R	11068
16	J	11071
15	R	11071
15	J	11074
14	R	11074
14	J	11077
13	R	11077
13	J	11080
12	R	11080
12	J	11083
11	R	11083
11	J	11086
10	R	11086
10	J	11089
9	R	11089
9	J	11092
8	R	11092
8	J	11095
16	R	11095
16	J	11098
15	R	11098
15	J	11101
14	R	11101
14	J	11104
13	R	11104
13	J	11107
12	R	11107
12	J	11110
11	R	11110
11	J	11113
10	R	11113
10	J	11116
9	R	11116
9	J	11119
8	R	11119
8	J	11122
16	R	11122
16	J	11125
15	R	11125
15	J	11128
14	R	11128
14	J	11131
13	R	11131
13	J	11134
12	R	11134
12	J	11137
11	R	11137
11	J	11140
10	R	11140
10	J	11143
9	R	11143
9	J	11146
8	R	11146
8	J	11149
16	R	11149
16	J	11152
15	R	11152
15	J	11155
14	R	11155
14	J	11158
13	R	11158
13	J	11161
12	R	11161
12	J	11164
11	R	11164
11	J	11167
10	R	11167
7	J	11170
10	J	11170
7	R	11170
7	W	11170
9	R	11170
9	J	11173
8	R	11173
8	J	11176
16	R	11176
16	J	11179
15	R	11179
15	J	11182
14	R	11182
14	J	11185
13	R	11185
13	J	11188
12	R	11188
12	J	11191
11	R	11191
11	J	11194
10	R	11194
10	J	11197
9	R	11197
9	J	11200
8	R	11200
8	J	11203
16	R	11203
16	J	11206
15	R	11206
15	J	11209
14	R	11209
14	J	11212
13	R	11212
13	J	11215
12	R	11215
12	J	11218
11	R	11218
11	J	11221
10	R	11221
10	J	11224
9	R	11224
9	J	11227
8	R	11227
8	J	11230
16	R	11230
16	J	11233
15	R	11233
15	J	11236
14	R	11236
14	J	11239
13	R	11239
13	J	11242
12	R	11242
12	J	11245
11	R	11245
11	J	11248
10	R	11248
10	J	11251
9	R	11251
9	J	11254
8	R	11254
8	J	11257
16	R	11257
16	J	11260
15	R	11260
15	J	11263
14	R	11263
14	J	11266
13	R	11266
13	J	11269
12	R	11269
7	J	11272
12	J	11272
7	R	11272
7	W	11272
11	R	11272
11	J	11275
10	R	11275
10	J	11278
9	R	11278
9	J	11281
8	R	11281
8	J	11284
16	R	11284
16	J	11287
15	R	11287
15	J	11290
14	R	11290
14	J	11293
13	R	11293
13	J	11296
12	R	11296
12	J	11299
11	R	11299
11	J	11302
10	R	11302
10	J	11305
9	R	11305
9	J	11308
8	R	11308
8	J	11311
16	R	11311
16	J	11314
15	R	11314
15	J	11317
14	R	11317
14	J	11320
13	R	11320
13	J	11323
12	R	11323
12	J	11326
11	R	11326
11	J	11329
10	R	11329
10	J	11332
9	R	11332
9	J	11335
8	R	11335
8	J	11338
16	R	11338
16	J	11341
15	R	11341
15	J	11344
14	R	11344
14	J	11347
13	R	11347
13	J	11350
12	R	11350
12	J	11353
11	R	11353
11	J	11356
10	R	11356
10	J	11359
9	R	11359
9	J	11362
8	R	11362
8	J	11365
16	R	11365
16	J	11368
15	R	11368
15	J	11371
14	R	11371
7	J	11374
14	J	11374
7	R	11374
7	W	11374
13	R	11374
13	J	11377
12	R	11377
12	J	11380
11	R	11380
11	J	11383
10	R	11383
10	J	11386
9	R	11386
9	J	11389
8	R	11389
8	J	11392
16	R	11392
16	J	11395
15	R	11395
15	J	11398
14	R	11398
14	J	11401
13	R	11401
13	J	11404
12	R	11404
12	J	11407
11	R	11407
11	J	11410
10	R	11410
10	J	11413
9	R	11413
9	J	11416
8	R	11416
8	J	11419
16	R	11419
16	J	11422
15	R	11422
15	J	11425
14	R	11425
14	J	11428
13	R	11428
13	J	11431
12	R	11431
12	J	11434
11	R	11434
11	J	11437
10	R	11437
10	J	11440
9	R	11440
9	J	11443
8	R	11443
8	J	11446
16	R	11446
16	J	11449
15	R	11449
15	J	11452
14	R	11452
14	J	11455
13	R	11455
13	J	11458
12	R	11458
12	J	11461
11	R	11461
11	J	11464
10	R	11464
10	J	11467
9	R	11467
9	J	11470
8	R	11470
8	J	11473
16	R	11473
7	J	11476
16	J	11476
7	R	11476
7	W	11476
15	R	11476
15	J	11479
14	R	11479
14	J	11482
13	R	11482
13	J	11485
12	R	11485
12	J	11488
11	R	11488
11	J	11491
10	R	11491
10	J	11494
9	R	11494
9	J	11497
8	R	11497
8	J	11500
16	R	11500
16	J	11503
15	R	11503
15	J	11506
14	R	11506
14	J	11509
13	R	11509
13	J	11512
12	R	11512
12	J	11515
11	R	11515
11	J	11518
10	R	11518
10	J	11521
9	R	11521
9	J	11524
8	R	11524
8	J	11527
16	R	11527
16	J	11530
15	R	11530
15	J	11533
14	R	11533
14	J	11536
13	R	11536
13	J	11539
12	R	11539
12	J	11542
11	R	11542
11	J	11545
10	R	11545
10	J	11548
9	R	11548
9	J	11551
8	R	11551
8	J	11554
16	R	11554
16	J	11557
15	R	11557
15	J	11560
14	R	11560
14	J	11563
13	R	11563
13	J	11566
12	R	11566
12	J	11569
11	R	11569
11	J	11572
10	R	11572
10	J	11575
9	R	11575
7	J	11578
9	J	11578
7	R	11578
7	W	11578
8	R	11578
8	J	11581
16	R	11581
16	J	11584
15	R	11584
15	J	11587
14	R	11587
14	J	11590
13	R	11590
13	J	11593
12	R	11593
12	J	11596
11	R	11596
11	J	11599
10	R	11599
10	J	11602
9	R	11602
9	J	11605
8	R	11605
8	J	11608
16	R	11608
16	J	11611
15	R	11611
15	J	11614
14	R	11614
14	J	11617
13	R	11617
13	J	11620
12	R	11620
12	J	11623
11	R	11623
11	J	11626
10	R	11626
10	J	11629
9	R	11629
9	J	11632
8	R	11632
8	J	11635
16	R	11635
16	J	11638
15	R	11638
15	J	11641
14	R	11641
14	J	11644
13	R	11644
13	J	11647
12	R	11647
12	J	11650
11	R	11650
11	J	11653
10	R	11653
10	J	11656
9	R	11656
9	J	11659
8	R	11659
8	W	11660
16	R	11660
16	J	11663
15	R	11663
15	J	11666
14	R	11666
14	J	11669
13	R	11669
13	J	11672
12	R	11672
12	J	11675
11	R	11675
11	J	11678
10	R	11678
7	J	11681
10	J	11681
7	R	11681
7	W	11681
9	R	11681
9	J	11684
16	R	11684
16	J	11687
15	R	11687
15	J	11690
14	R	11690
14	J	11693
13	R	11693
13	J	11696
12	R	11696
12	J	11699
11	R	11699
11	J	11702
10	R	11702
10	J	11705
9	R	11705
9	J	11708
16	R	11708
16	J	11711
15	R	11711
15	J	11714
14	R	11714
14	J	11717
13	R	11717
13	J	11720
12	R	11720
12	J	11723
11	R	11723
11	J	11726
10	R	11726
10	J	11729
9	R	11729
9	J	11732
16	R	11732
16	J	11735
15	R	11735
15	J	11738
14	R	11738
14	J	11741
13	R	11741
13	J	11744
12	R	11744
12	J	11747
11	R	11747
11	J	11750
10	R	11750
10	J	11753
9	R	11753
9	J	11756
16	R	11756
16	J	11759
15	R	11759
8	J	11762
15	J	11762
8	R	11762
8	J	11767
14	R	11767
14	J	11770
13	R	11770
13	J	11773
12	R	11773
12	J	11776
11	R	11776
11	J	11779
10	R	11779
7	J	11782
10	J	11782
7	R	11782
7	E	11782
6	J	11782
6	R	11782
6	W	11783
9	R	11783
9	J	11786
16	R	11786
16	J	11789
15	R	11789
15	J	11792
14	R	11792
14	J	11795
13	R	11795
13	J	11798
12	R	11798
12	J	11801
11	R	11801
11	J	11804
10	R	11804
10	J	11807
9	R	11807
9	J	11810
8	R	11810
8	J	11813
16	R	11813
16	J	11816
15	R	11816
15	J	11819
14	R	11819
14	J	11822
13	R	11822
13	J	11825
12	R	11825
12	J	11828
11	R	11828
11	J	11831
10	R	11831
10	J	11834
9	R	11834
9	J	11837
8	R	11837
8	J	11840
16	R	11840
16	J	11843
15	R	11843
15	J	11846
14	R	11846
14	J	11849
13	R	11849
13	J	11852
12	R	11852
12	J	11855
11	R	11855
11	J	11858
10	R	11858
10	J	11861
9	R	11861
9	J	11864
8	R	11864
8	J	11867
16	R	11867
16	J	11870
15	R	11870
15	J	11873
14	R	11873
14	J	11876
13	R	11876
13	J	11879
12	R	11879
12	J	11882
11	R	11882
11	J	11885
10	R	11885
10	J	11888
9	R	11888
9	J	11891
8	R	11891
8	J	11894
16	R	11894
16	J	11897
15	R	11897
15	J	11900
14	R	11900
14	J	11903
13	R	11903
13	J	11906
12	R	11906
12	J	11909
11	R	11909
11	J	11912
10	R	11912
10	J	11915
9	R	11915
9	J	11918
8	R	11918
8	J	11921
16	R	11921
16	J	11924
15	R	11924
15	J	11927
14	R	11927
14	J	11930
13	R	11930
13	J	11933
12	R	11933
12	J	11936
11	R	11936
11	J	11939
10	R	11939
10	J	11942
9	R	11942
9	J	11945
8	R	11945
8	J	11948
16	R	11948
16	J	11951
15	R	11951
15	J	11954
14	R	11954
14	J	11957
13	R	11957
13	J	11960
12	R	11960
12	J	11963
11	R	11963
11	J	11966
10	R	11966
10	J	11969
9	R	11969
9	J	11972
8	R	11972
8	J	11975
16	R	11975
16	J	11978
15	R	11978
15	J	11981
14	R	11981
14	J	11984
13	R	11984
13	J	11987
12	R	11987
12	J	11990
11	R	11990
11	J	11993
10	R	11993
10	J	11996
9	R	11996
9	J	11999
8	R	11999
8	J	12002
16	R	12002
16	J	12005
15	R	12005
15	J	12008
14	R	12008
14	J	12011
13	R	12011
13	J	12014
12	R	12014
12	J	12017
11	R	12017
11	J	12020
10	R	12020
10	J	12023
9	R	12023
9	J	12026
8	R	12026
8	J	12029
16	R	12029
16	J	12032
15	R	12032
15	J	12035
14	R	12035
14	J	12038
13	R	12038
13	J	12041
12	R	12041
12	J	12044
11	R	12044
11	J	12047
10	R	12047
10	J	12050
9	R	12050
9	J	12053
8	R	12053
8	J	12056
16	R	12056
16	J	12059
15	R	12059
15	J	12062
14	R	12062
14	J	12065
13	R	12065
13	J	12068
12	R	12068
12	J	12071
11	R	12071
3	J	12074
11	J	12074
3	R	12074
3	W	12077
10	R	12077
10	J	12080
9	R	12080
9	J	12083
8	R	12083
8	J	12086
16	R	12086
16	J	12089
15	R	12089
15	J	12092
14	R	12092
14	J	12095
13	R	12095
13	J	12098
12	R	12098
12	J	12101
11	R	12101
11	J	12104
10	R	12104
10	J	12107
9	R	12107
9	J	12110
8	R	12110
8	J	12113
16	R	12113
16	J	12116
15	R	12116
15	J	12119
14	R	12119
14	J	12122
13	R	12122
13	J	12125
12	R	12125
12	J	12128
11	R	12128
11	J	12131
10	R	12131
10	J	12134
9	R	12134
9	J	12137
8	R	12137
8	J	12140
16	R	12140
16	J	12143
15	R	12143
15	J	12146
14	R	12146
14	J	12149
13	R	12149
13	J	12152
12	R	12152
12	J	12155
11	R	12155
11	J	12158
10	R	12158
10	J	12161
9	R	12161
9	J	12164
8	R	12164
8	J	12167
16	R	12167
16	J	12170
15	R	12170
15	J	12173
14	R	12173
14	J	12176
13	R	12176
13	J	12179
12	R	12179
12	J	12182
11	R	12182
11	J	12185
10	R	12185
10	J	12188
9	R	12188
9	J	12191
8	R	12191
8	J	12194
16	R	12194
16	J	12197
15	R	12197
15	J	12200
14	R	12200
14	J	12203
13	R	12203
13	J	12206
12	R	12206
12	J	12209
11	R	12209
11	J	12212
10	R	12212
10	J	12215
9	R	12215
9	J	12218
8	R	12218
8	J	12221
16	R	12221
16	J	12224
15	R	12224
15	J	12227
14	R	12227
14	J	12230
13	R	12230
13	J	12233
12	R	12233
12	J	12236
11	R	12236
11	J	12239
10	R	12239
10	J	12242
9	R	12242
9	J	12245
8	R	12245
8	J	12248
16	R	12248
16	J	12251
15	R	12251
15	J	12254
14	R	12254
14	J	12257
13	R	12257
13	J	12260
12	R	12260
12	J	12263
11	R	12263
11	J	12266
10	R	12266
10	J	12269
9	R	12269
9	J	12272
8	R	12272
8	J	12275
16	R	12275
16	J	12278
15	R	12278
15	J	12281
14	R	12281
14	J	12284
13	R	12284
13	J	12287
12	R	12287
12	J	12290
11	R	12290
11	J	12293
10	R	12293
10	J	12296
9	R	12296
9	J	12299
8	R	12299
8	J	12302
16	R	12302
16	J	12305
15	R	12305
15	J	12308
14	R	12308
14	J	12311
13	R	12311
13	J	12314
12	R	12314
12	J	12317
11	R	12317
11	J	12320
10	R	12320
10	J	12323
9	R	12323
9	J	12326
8	R	12326
8	J	12329
16	R	12329
16	J	12332
15	R	12332
15	J	12335
14	R	12335
14	J	12338
13	R	12338
13	J	12341
12	R	12341
12	J	12344
11	R	12344
11	J	12347
10	R	12347
10	J	12350
9	R	12350
9	J	12353
8	R	12353
8	J	12356
16	R	12356
16	J	12359
15	R	12359
15	J	12362
14	R	12362
14	J	12365
13	R	12365
13	J	12368
12	R	12368
12	J	12371
11	R	12371
11	J	12374
10	R	12374
10	J	12377
9	R	12377
9	J	12380
8	R	12380
8	J	12383
16	R	12383
16	J	12386
15	R	12386
15	J	12389
14	R	12389
14	J	12392
13	R	12392
13	J	12395
12	R	12395
12	J	12398
11	R	12398
11	J	12401
10	R	12401
10	J	12404
9	R	12404
9	J	12407
8	R	12407
8	J	12410
16	R	12410
16	J	12413
15	R	12413
15	J	12416
14	R	12416
14	J	12419
13	R	12419
13	J	12422
12	R	12422
12	J	12425
11	R	12425
11	J	12428
10	R	12428
10	J	12431
9	R	12431
9	J	12434
8	R	12434
8	J	12437
16	R	12437
16	J	12440
15	R	12440
15	J	12443
14	R	12443
14	J	12446
13	R	12446
13	J	12449
12	R	12449
12	J	12452
11	R	12452
11	J	12455
10	R	12455
10	J	12458
9	R	12458
9	J	12461
8	R	12461
8	J	12464
16	R	12464
16	J	12467
15	R	12467
15	J	12470
14	R	12470
14	J	12473
13	R	12473
13	J	12476
12	R	12476
12	J	12479
11	R	12479
11	J	12482
10	R	12482
10	J	12485
9	R	12485
9	J	12488
8	R	12488
8	J	12491
16	R	12491
16	J	12494
15	R	12494
15	J	12497
14	R	12497
14	J	12500
13	R	12500
13	J	12503
12	R	12503
12	J	12506
11	R	12506
11	J	12509
10	R	12509
10	J	12512
9	R	12512
9	J	12515
8	R	12515
8	J	12518
16	R	12518
16	J	12521
15	R	12521
15	J	12524
14	R	12524
14	J	12527
13	R	12527
13	J	12530
12	R	12530
12	J	12533
11	R	12533
11	J	12536
10	R	12536
10	J	12539
9	R	12539
9	W	12541
8	R	12541
8	J	12544
16	R	12544
16	J	12547
15	R	12547
15	J	12550
14	R	12550
14	J	12553
13	R	12553
13	J	12556
12	R	12556
12	J	12559
11	R	12559
11	J	12562
10	R	12562
10	J	12565
8	R	12565
8	J	12568
16	R	12568
16	J	12571
15	R	12571
15	J	12574
14	R	12574
14	J	12577
13	R	12577
13	J	12580
12	R	12580
12	J	12583
11	R	12583
11	J	12586
10	R	12586
10	J	12589
8	R	12589
8	J	12592
16	R	12592
16	J	12595
15	R	12595
15	J	12598
14	R	12598
14	J	12601
13	R	12601
13	J	12604
12	R	12604
12	J	12607
11	R	12607
11	J	12610
10	R	12610
10	J	12613
8	R	12613
8	J	12616
16	R	12616
16	J	12619
15	R	12619
15	J	12622
14	R	12622
14	J	12625
13	R	12625
13	J	12628
12	R	12628
12	J	12631
11	R	12631
11	J	12634
10	R	12634
10	J	12637
8	R	12637
8	W	12639
16	R	12639
9	J	12642
16	J	12642
9	R	12642
9	J	12647
15	R	12647
15	J	12650
14	R	12650
14	J	12653
13	R	12653
13	J	12656
12	R	12656
12	J	12659
11	R	12659
11	J	12662
10	R	12662
10	J	12665
16	R	12665
16	J	12668
15	R	12668
15	J	12671
14	R	12671
14	J	12674
13	R	12674
13	J	12677
12	R	12677
12	J	12680
11	R	12680
11	J	12683
10	R	12683
10	J	12686
9	R	12686
9	J	12689
16	R	12689
16	J	12692
15	R	12692
15	J	12695
14	R	12695
14	J	12698
13	R	12698
13	J	12701
12	R	12701
12	J	12704
11	R	12704
11	J	12707
10	R	12707
10	J	12710
9	R	12710
9	J	12713
16	R	12713
16	J	12716
15	R	12716
15	J	12719
14	R	12719
14	J	12722
13	R	12722
13	J	12725
12	R	12725
12	J	12728
11	R	12728
11	J	12731
10	R	12731
10	J	12734
9	R	12734
9	J	12737
16	R	12737
8	J	12740
16	J	12740
8	R	12740
8	J	12745
15	R	12745
15	J	12748
14	R	12748
14	J	12751
13	R	12751
13	J	12754
12	R	12754
12	J	12757
11	R	12757
11	J	12760
10	R	12760
10	J	12763
9	R	12763
9	J	12766
16	R	12766
16	J	12769
15	R	12769
15	J	12772
14	R	12772
14	J	12775
13	R	12775
13	J	12778
12	R	12778
12	J	12781
11	R	12781
11	J	12784
10	R	12784
10	J	12787
9	R	12787
9	J	12790
8	R	12790
8	J	12793
16	R	12793
16	J	12796
15	R	12796
15	J	12799
14	R	12799
14	J	12802
13	R	12802
13	J	12805
12	R	12805
12	J	12808
11	R	12808
11	J	12811
10	R	12811
10	J	12814
9	R	12814
9	J	12817
8	R	12817
8	J	12820
16	R	12820
16	J	12823
15	R	12823
15	J	12826
14	R	12826
14	J	12829
13	R	12829
13	J	12832
12	R	12832
12	J	12835
11	R	12835
11	J	12838
10	R	12838
10	J	12841
9	R	12841
9	J	12844
8	R	12844
8	J	12847
16	R	12847
16	J	12850
15	R	12850
15	J	12853
14	R	12853
14	J	12856
13	R	12856
13	J	12859
12	R	12859
12	J	12862
11	R	12862
11	J	12865
10	R	12865
10	J	12868
9	R	12868
9	J	12871
8	R	12871
8	J	12874
16	R	12874
16	J	12877
15	R	12877
15	J	12880
14	R	12880
14	J	12883
13	R	12883
13	J	12886
12	R	12886
12	J	12889
11	R	12889
11	J	12892
10	R	12892
10	J	12895
9	R	12895
9	J	12898
8	R	12898
8	J	12901
16	R	12901
16	J	12904
15	R	12904
15	J	12907
14	R	12907
14	J	12910
13	R	12910
13	J	12913
12	R	12913
12	J	12916
11	R	12916
11	J	12919
10	R	12919
10	J	12922
9	R	12922
9	J	12925
8	R	12925
8	J	12928
16	R	12928
16	J	12931
15	R	12931
15	J	12934
14	R	12934
14	J	12937
13	R	12937
13	J	12940
12	R	12940
12	J	12943
11	R	12943
11	J	12946
10	R	12946
10	J	12949
9	R	12949
9	J	12952
8	R	12952
8	J	12955
16	R	12955
16	J	12958
15	R	12958
15	J	12961
14	R	12961
14	J	12964
13	R	12964
13	J	12967
12	R	12967
12	J	12970
11	R	12970
11	J	12973
10	R	12973
10	J	12976
9	R	12976
9	J	12979
8	R	12979
8	J	12982
16	R	12982
16	J	12985
15	R	12985
15	J	12988
14	R	12988
14	J	12991
13	R	12991
13	J	12994
12	R	12994
12	J	12997
11	R	12997
11	J	13000
10	R	13000
10	J	13003
9	R	13003
9	J	13006
8	R	13006
8	J	13009
16	R	13009
16	J	13012
15	R	13012
15	J	13015
14	R	13015
14	J	13018
13	R	13018
13	J	13021
12	R	13021
12	J	13024
11	R	13024
11	J	13027
10	R	13027
10	J	13030
9	R	13030
9	J	13033
8	R	13033
8	J	13036
16	R	13036
16	J	13039
15	R	13039
15	J	13042
14	R	13042
14	J	13045
13	R	13045
13	J	13048
12	R	13048
12	J	13051
11	R	13051
11	J	13054
10	R	13054
10	J	13057
9	R	13057
9	J	13060
8	R	13060
8	J	13063
16	R	13063
16	J	13066
15	R	13066
15	J	13069
14	R	13069
14	J	13072
13	R	13072
13	J	13075
12	R	13075
12	J	13078
11	R	13078
11	J	13081
10	R	13081
10	J	13084
9	R	13084
9	J	13087
8	R	13087
8	J	13090
16	R	13090
16	J	13093
15	R	13093
15	J	13096
14	R	13096
14	J	13099
13	R	13099
13	J	13102
12	R	13102
12	J	13105
11	R	13105
11	J	13108
10	R	13108
10	J	13111
9	R	13111
9	J	13114
8	R	13114
8	J	13117
16	R	13117
16	J	13120
15	R	13120
15	J	13123
14	R	13123
14	J	13126
13	R	13126
13	J	13129
12	R	13129
12	J	13132
11	R	13132
11	J	13135
10	R	13135
10	J	13138
9	R	13138
9	J	13141
8	R	13141
8	J	13144
16	R	13144
16	J	13147
15	R	13147
15	J	13150
14	R	13150
14	J	13153
13	R	13153
13	J	13156
12	R	13156
12	J	13159
11	R	13159
11	J	13162
10	R	13162
10	J	13165
9	R	13165
9	J	13168
8	R	13168
8	J	13171
16	R	13171
16	J	13174
15	R	13174
15	J	13177
14	R	13177
14	J	13180
13	R	13180
13	J	13183
12	R	13183
12	J	13186
11	R	13186
11	J	13189
10	R	13189
10	J	13192
9	R	13192
9	J	13195
8	R	13195
8	J	13198
16	R	13198
16	J	13201
15	R	13201
15	J	13204
14	R	13204
14	J	13207
13	R	13207
13	J	13210
12	R	13210
12	J	13213
11	R	13213
11	J	13216
10	R	13216
10	J	13219
9	R	13219
9	J	13222
8	R	13222
8	J	13225
16	R	13225
16	J	13228
15	R	13228
15	J	13231
14	R	13231
14	J	13234
13	R	13234
13	J	13237
12	R	13237
12	J	13240
11	R	13240
11	J	13243
10	R	13243
10	J	13246
9	R	13246
9	J	13249
8	R	13249
8	J	13252
16	R	13252
16	J	13255
15	R	13255
15	J	13258
14	R	13258
14	J	13261
13	R	13261
13	J	13264
12	R	13264
12	J	13267
11	R	13267
11	J	13270
10	R	13270
10	J	13273
9	R	13273
9	J	13276
8	R	13276
8	J	13279
16	R	13279
16	J	13282
15	R	13282
15	J	13285
14	R	13285
14	J	13288
13	R	13288
13	J	13291
12	R	13291
12	J	13294
11	R	13294
11	J	13297
10	R	13297
10	J	13300
9	R	13300
9	J	13303
8	R	13303
8	J	13306
16	R	13306
16	J	13309
15	R	13309
15	J	13312
14	R	13312
14	J	13315
13	R	13315
13	J	13318
12	R	13318
12	J	13321
11	R	13321
11	J	13324
10	R	13324
10	J	13327
9	R	13327
9	J	13330
8	R	13330
8	J	13333
16	R	13333
16	J	13336
15	R	13336
15	J	13339
14	R	13339
14	J	13342
13	R	13342
13	J	13345
12	R	13345
12	J	13348
11	R	13348
11	J	13351
10	R	13351
10	J	13354
9	R	13354
9	J	13357
8	R	13357
8	J	13360
16	R	13360
16	J	13363
15	R	13363
15	J	13366
14	R	13366
14	J	13369
13	R	13369
13	J	13372
12	R	13372
12	J	13375
11	R	13375
11	J	13378
10	R	13378
10	J	13381
9	R	13381
9	J	13384
8	R	13384
8	J	13387
16	R	13387
16	J	13390
15	R	13390
15	J	13393
14	R	13393
14	J	13396
13	R	13396
13	J	13399
12	R	13399
12	J	13402
11	R	13402
11	J	13405
10	R	13405
10	J	13408
9	R	13408
9	J	13411
8	R	13411
8	J	13414
16	R	13414
16	J	13417
15	R	13417
15	J	13420
14	R	13420
14	J	13423
13	R	13423
13	J	13426
12	R	13426
12	J	13429
11	R	13429
11	J	13432
10	R	13432
10	W	13432
9	R	13432
9	J	13435
8	R	13435
8	J	13438
16	R	13438
16	J	13441
15	R	13441
15	J	13444
14	R	13444
14	J	13447
13	R	13447
13	J	13450
12	R	13450
12	J	13453
11	R	13453
11	J	13456
9	R	13456
9	J	13459
8	R	13459
8	J	13462
16	R	13462
16	J	13465
15	R	13465
15	J	13468
14	R	13468
14	J	13471
13	R	13471
13	J	13474
12	R	13474
12	J	13477
11	R	13477
11	J	13480
9	R	13480
9	J	13483
8	R	13483
8	J	13486
16	R	13486
16	J	13489
15	R	13489
15	J	13492
14	R	13492
14	J	13495
13	R	13495
13	J	13498
12	R	13498
12	J	13501
11	R	13501
11	J	13504
9	R	13504
9	J	13507
8	R	13507
8	J	13510
16	R	13510
16	J	13513
15	R	13513
15	J	13516
14	R	13516
14	J	13519
13	R	13519
13	J	13522
12	R	13522
12	J	13525
11	R	13525
11	J	13528
9	R	13528
9	J	13531
8	R	13531
10	J	13534
8	J	13534
10	R	13534
10	J	13539
16	R	13539
16	J	13542
15	R	13542
15	J	13545
14	R	13545
14	J	13548
13	R	13548
13	J	13551
12	R	13551
12	J	13554
11	R	13554
11	J	13557
10	R	13557
10	J	13560
9	R	13560
9	J	13563
8	R	13563
8	J	13566
16	R	13566
16	J	13569
15	R	13569
15	J	13572
14	R	13572
14	J	13575
13	R	13575
13	J	13578
12	R	13578
12	J	13581
11	R	13581
11	J	13584
10	R	13584
10	J	13587
9	R	13587
9	J	13590
8	R	13590
8	J	13593
16	R	13593
16	J	13596
15	R	13596
15	J	13599
14	R	13599
14	J	13602
13	R	13602
13	J	13605
12	R	13605
12	J	13608
11	R	13608
11	J	13611
10	R	13611
10	J	13614
9	R	13614
9	J	13617
8	R	13617
8	W	13619
16	R	13619
16	J	13622
15	R	13622
15	J	13625
14	R	13625
14	J	13628
13	R	13628
13	J	13631
12	R	13631
12	J	13634
11	R	13634
11	J	13637
10	R	13637
10	J	13640
9	R	13640
9	J	13643
16	R	13643
16	J	13646
15	R	13646
15	J	13649
14	R	13649
14	J	13652
13	R	13652
13	J	13655
12	R	13655
12	J	13658
11	R	13658
11	J	13661
10	R	13661
10	J	13664
9	R	13664
9	J	13667
16	R	13667
16	J	13670
15	R	13670
15	J	13673
14	R	13673
14	J	13676
13	R	13676
13	J	13679
12	R	13679
12	J	13682
11	R	13682
11	J	13685
10	R	13685
10	J	13688
9	R	13688
9	J	13691
16	R	13691
16	J	13694
15	R	13694
15	J	13697
14	R	13697
14	J	13700
13	R	13700
13	J	13703
12	R	13703
12	J	13706
11	R	13706
11	J	13709
10	R	13709
10	J	13712
9	R	13712
9	J	13715
16	R	13715
16	J	13718
15	R	13718
8	J	13721
15	J	13721
8	R	13721
8	J	13726
14	R	13726
14	J	13729
13	R	13729
13	J	13732
12	R	13732
12	J	13735
11	R	13735
11	J	13738
10	R	13738
10	J	13741
9	R	13741
9	J	13744
16	R	13744
16	J	13747
15	R	13747
15	J	13750
14	R	13750
14	J	13753
13	R	13753
13	J	13756
12	R	13756
12	J	13759
11	R	13759
11	J	13762
10	R	13762
10	J	13765
9	R	13765
9	J	13768
8	R	13768
8	J	13771
16	R	13771
16	J	13774
15	R	13774
15	J	13777
14	R	13777
14	J	13780
13	R	13780
13	J	13783
12	R	13783
12	J	13786
11	R	13786
11	J	13789
10	R	13789
10	J	13792
9	R	13792
9	J	13795
8	R	13795
8	J	13798
16	R	13798
16	J	13801
15	R	13801
15	J	13804
14	R	13804
14	J	13807
13	R	13807
13	J	13810
12	R	13810
12	J	13813
11	R	13813
11	J	13816
10	R	13816
10	J	13819
9	R	13819
9	J	13822
8	R	13822
8	J	13825
16	R	13825
16	J	13828
15	R	13828
15	J	13831
14	R	13831
14	J	13834
13	R	13834
13	J	13837
12	R	13837
12	J	13840
11	R	13840
11	J	13843
10	R	13843
10	J	13846
9	R	13846
9	J	13849
8	R	13849
8	J	13852
16	R	13852
16	J	13855
15	R	13855
15	J	13858
14	R	13858
14	J	13861
13	R	13861
13	J	13864
12	R	13864
12	J	13867
11	R	13867
11	J	13870
10	R	13870
10	J	13873
9	R	13873
9	J	13876
8	R	13876
8	J	13879
16	R	13879
16	J	13882
15	R	13882
15	J	13885
14	R	13885
14	J	13888
13	R	13888
13	J	13891
12	R	13891
12	J	13894
11	R	13894
11	J	13897
10	R	13897
10	J	13900
9	R	13900
9	J	13903
8	R	13903
8	J	13906
16	R	13906
16	J	13909
15	R	13909
15	J	13912
14	R	13912
14	J	13915
13	R	13915
13	J	13918
12	R	13918
12	J	13921
11	R	13921
11	J	13924
10	R	13924
10	J	13927
9	R	13927
9	J	13930
8	R	13930
8	J	13933
16	R	13933
16	J	13936
15	R	13936
15	J	13939
14	R	13939
14	J	13942
13	R	13942
13	J	13945
12	R	13945
12	J	13948
11	R	13948
11	J	13951
10	R	13951
10	J	13954
9	R	13954
9	J	13957
8	R	13957
8	J	13960
16	R	13960
16	J	13963
15	R	13963
15	J	13966
14	R	13966
14	J	13969
13	R	13969
13	J	13972
12	R	13972
12	J	13975
11	R	13975
11	J	13978
10	R	13978
10	J	13981
9	R	13981
9	J	13984
8	R	13984
8	J	13987
16	R	13987
16	J	13990
15	R	13990
15	J	13993
14	R	13993
14	J	13996
13	R	13996
13	J	13999
12	R	13999
12	J	14002
11	R	14002
11	J	14005
10	R	14005
10	J	14008
9	R	14008
9	J	14011
8	R	14011
8	J	14014
16	R	14014
16	J	14017
15	R	14017
15	J	14020
14	R	14020
14	J	14023
13	R	14023
13	J	14026
12	R	14026
12	J	14029
11	R	14029
11	J	14032
10	R	14032
10	J	14035
9	R	14035
9	J	14038
8	R	14038
8	J	14041
16	R	14041
16	J	14044
15	R	14044
15	J	14047
14	R	14047
14	J	14050
13	R	14050
13	J	14053
12	R	14053
12	J	14056
11	R	14056
11	J	14059
10	R	14059
10	J	14062
9	R	14062
9	J	14065
8	R	14065
8	J	14068
16	R	14068
16	J	14071
15	R	14071
15	J	14074
14	R	14074
14	J	14077
13	R	14077
13	J	14080
12	R	14080
12	J	14083
11	R	14083
11	J	14086
10	R	14086
10	J	14089
9	R	14089
9	J	14092
8	R	14092
8	J	14095
16	R	14095
16	J	14098
15	R	14098
15	J	14101
14	R	14101
14	J	14104
13	R	14104
13	J	14107
12	R	14107
12	J	14110
11	R	14110
11	J	14113
10	R	14113
10	J	14116
9	R	14116
9	J	14119
8	R	14119
8	J	14122
16	R	14122
16	J	14125
15	R	14125
15	J	14128
14	R	14128
14	J	14131
13	R	14131
13	J	14134
12	R	14134
12	J	14137
11	R	14137
11	J	14140
10	R	14140
10	J	14143
9	R	14143
9	J	14146
8	R	14146
8	J	14149
16	R	14149
16	J	14152
15	R	14152
15	J	14155
14	R	14155
14	J	14158
13	R	14158
13	J	14161
12	R	14161
12	J	14164
11	R	14164
11	J	14167
10	R	14167
10	J	14170
9	R	14170
9	J	14173
8	R	14173
8	J	14176
16	R	14176
16	J	14179
15	R	14179
15	J	14182
14	R	14182
14	J	14185
13	R	14185
13	J	14188
12	R	14188
12	J	14191
11	R	14191
11	J	14194
10	R	14194
10	J	14197
9	R	14197
9	J	14200
8	R	14200
8	J	14203
16	R	14203
16	J	14206
15	R	14206
15	J	14209
14	R	14209
14	J	14212
13	R	14212
13	J	14215
12	R	14215
12	J	14218
11	R	14218
11	J	14221
10	R	14221
10	J	14224
9	R	14224
9	J	14227
8	R	14227
8	J	14230
16	R	14230
16	J	14233
15	R	14233
15	J	14236
14	R	14236
14	J	14239
13	R	14239
13	J	14242
12	R	14242
12	J	14245
11	R	14245
11	J	14248
10	R	14248
10	J	14251
9	R	14251
9	J	14254
8	R	14254
8	J	14257
16	R	14257
16	J	14260
15	R	14260
15	J	14263
14	R	14263
14	J	14266
13	R	14266
13	J	14269
12	R	14269
12	J	14272
11	R	14272
11	J	14275
10	R	14275
10	J	14278
9	R	14278
9	J	14281
8	R	14281
8	J	14284
16	R	14284
16	J	14287
15	R	14287
15	J	14290
14	R	14290
14	J	14293
13	R	14293
13	J	14296
12	R	14296
12	J	14299
11	R	14299
11	J	14302
10	R	14302
10	J	14305
9	R	14305
9	J	14308
8	R	14308
8	J	14311
16	R	14311
16	J	14314
15	R	14314
15	J	14317
14	R	14317
14	J	14320
13	R	14320
13	J	14323
12	R	14323
12	J	14326
11	R	14326
11	W	14327
10	R	14327
10	J	14330
9	R	14330
9	J	14333
8	R	14333
8	J	14336
16	R	14336
16	J	14339
15	R	14339
15	J	14342
14	R	14342
14	J	14345
13	R	14345
13	J	14348
12	R	14348
12	J	14351
10	R	14351
10	J	14354
9	R	14354
9	J	14357
8	R	14357
8	J	14360
16	R	14360
16	J	14363
15	R	14363
15	J	14366
14	R	14366
14	J	14369
13	R	14369
13	J	14372
12	R	14372
12	J	14375
10	R	14375
10	J	14378
9	R	14378
9	J	14381
8	R	14381
8	J	14384
16	R	14384
16	J	14387
15	R	14387
15	J	14390
14	R	14390
14	J	14393
13	R	14393
13	J	14396
12	R	14396
12	J	14399
10	R	14399
10	J	14402
9	R	14402
9	W	14402
8	R	14402
8	J	14405
16	R	14405
16	J	14408
15	R	14408
15	J	14411
14	R	14411
14	J	14414
13	R	14414
13	J	14417
12	R	14417
12	J	14420
10	R	14420
10	J	14423
8	R	14423
8	J	14426
16	R	14426
11	J	14429
16	J	14429
11	R	14429
11	J	14434
15	R	14434
15	J	14437
14	R	14437
14	J	14440
13	R	14440
13	J	14443
12	R	14443
12	J	14446
10	R	14446
10	J	14449
8	R	14449
8	J	14452
16	R	14452
16	J	14455
15	R	14455
15	J	14458
14	R	14458
14	J	14461
13	R	14461
13	J	14464
12	R	14464
12	J	14467
11	R	14467
11	J	14470
10	R	14470
10	J	14473
8	R	14473
8	J	14476
16	R	14476
16	J	14479
15	R	14479
15	J	14482
14	R	14482
14	J	14485
13	R	14485
13	J	14488
12	R	14488
12	J	14491
11	R	14491
11	J	14494
10	R	14494
10	J	14497
8	R	14497
8	J	14500
16	R	14500
9	J	14503
16	J	14503
9	R	14503
9	J	14508
15	R	14508
15	J	14511
14	R	14511
14	J	14514
13	R	14514
13	J	14517
12	R	14517
12	J	14520
11	R	14520
11	J	14523
10	R	14523
10	J	14526
8	R	14526
8	J	14529
16	R	14529
16	J	14532
15	R	14532
15	J	14535
14	R	14535
14	J	14538
13	R	14538
13	J	14541
12	R	14541
12	J	14544
11	R	14544
11	J	14547
10	R	14547
10	J	14550
9	R	14550
9	J	14553
8	R	14553
8	J	14556
16	R	14556
16	J	14559
15	R	14559
15	J	14562
14	R	14562
14	J	14565
13	R	14565
13	J	14568
12	R	14568
12	J	14571
11	R	14571
11	J	14574
10	R	14574
10	J	14577
9	R	14577
9	J	14580
8	R	14580
8	W	14582
16	R	14582
16	J	14585
15	R	14585
15	J	14588
14	R	14588
14	J	14591
13	R	14591
13	J	14594
12	R	14594
12	J	14597
11	R	14597
11	J	14600
10	R	14600
10	J	14603
9	R	14603
9	J	14606
16	R	14606
16	J	14609
15	R	14609
15	J	14612
14	R	14612
14	J	14615
13	R	14615
13	J	14618
12	R	14618
12	J	14621
11	R	14621
11	J	14624
10	R	14624
10	J	14627
9	R	14627
9	J	14630
16	R	14630
16	J	14633
15	R	14633
15	J	14636
14	R	14636
14	J	14639
13	R	14639
13	J	14642
12	R	14642
12	J	14645
11	R	14645
11	J	14648
10	R	14648
10	J	14651
9	R	14651
9	J	14654
16	R	14654
16	J	14657
15	R	14657
15	J	14660
14	R	14660
14	J	14663
13	R	14663
13	J	14666
12	R	14666
12	J	14669
11	R	14669
11	J	14672
10	R	14672
10	J	14675
9	R	14675
9	J	14678
16	R	14678
16	J	14681
15	R	14681
8	J	14684
15	J	14684
8	R	14684
8	J	14689
14	R	14689
14	J	14692
13	R	14692
13	J	14695
12	R	14695
12	J	14698
11	R	14698
11	J	14701
10	R	14701
10	J	14704
9	R	14704
9	J	14707
16	R	14707
16	J	14710
15	R	14710
15	J	14713
14	R	14713
14	J	14716
13	R	14716
13	J	14719
12	R	14719
12	J	14722
11	R	14722
11	J	14725
10	R	14725
10	J	14728
9	R	14728
9	J	14731
8	R	14731
8	J	14734
16	R	14734
16	J	14737
15	R	14737
15	J	14740
14	R	14740
14	J	14743
13	R	14743
13	J	14746
12	R	14746
12	J	14749
11	R	14749
11	J	14752
10	R	14752
10	J	14755
9	R	14755
9	J	14758
8	R	14758
8	J	14761
16	R	14761
16	J	14764
15	R	14764
15	J	14767
14	R	14767
14	J	14770
13	R	14770
13	J	14773
12	R	14773
12	J	14776
11	R	14776
11	J	14779
10	R	14779
10	J	14782
9	R	14782
9	J	14785
8	R	14785
8	J	14788
16	R	14788
16	J	14791
15	R	14791
15	J	14794
14	R	14794
14	J	14797
13	R	14797
13	J	14800
12	R	14800
12	J	14803
11	R	14803
11	J	14806
10	R	14806
10	J	14809
9	R	14809
9	J	14812
8	R	14812
8	J	14815
16	R	14815
16	J	14818
15	R	14818
15	J	14821
14	R	14821
14	J	14824
13	R	14824
13	J	14827
12	R	14827
12	J	14830
11	R	14830
11	J	14833
10	R	14833
10	J	14836
9	R	14836
9	J	14839
8	R	14839
8	J	14842
16	R	14842
16	J	14845
15	R	14845
15	J	14848
14	R	14848
14	J	14851
13	R	14851
13	J	14854
12	R	14854
12	J	14857
11	R	14857
11	J	14860
10	R	14860
10	J	14863
9	R	14863
9	J	14866
8	R	14866
8	J	14869
16	R	14869
16	J	14872
15	R	14872
15	J	14875
14	R	14875
14	J	14878
13	R	14878
13	J	14881
12	R	14881
12	J	14884
11	R	14884
11	J	14887
10	R	14887
10	J	14890
9	R	14890
9	J	14893
8	R	14893
8	J	14896
16	R	14896
16	J	14899
15	R	14899
15	J	14902
14	R	14902
14	J	14905
13	R	14905
13	J	14908
12	R	14908
12	J	14911
11	R	14911
11	J	14914
10	R	14914
10	J	14917
9	R	14917
9	J	14920
8	R	14920
8	J	14923
16	R	14923
16	J	14926
15	R	14926
15	J	14929
14	R	14929
14	J	14932
13	R	14932
13	J	14935
12	R	14935
12	J	14938
11	R	14938
11	J	14941
10	R	14941
10	J	14944
9	R	14944
9	J	14947
8	R	14947
8	J	14950
16	R	14950
16	J	14953
15	R	14953
15	J	14956
14	R	14956
14	J	14959
13	R	14959
13	J	14962
12	R	14962
12	J	14965
11	R	14965
11	J	14968
10	R	14968
10	J	14971
9	R	14971
9	J	14974
8	R	14974
8	J	14977
16	R	14977
16	J	14980
15	R	14980
15	J	14983
14	R	14983
14	J	14986
13	R	14986
13	J	14989
12	R	14989
12	J	14992
11	R	14992
11	J	14995
10	R	14995
10	J	14998
9	R	14998
9	J	15001
8	R	15001
8	J	15004
16	R	15004
16	J	15007
15	R	15007
15	J	15010
14	R	15010
14	J	15013
13	R	15013
13	J	15016
12	R	15016
12	J	15019
11	R	15019
11	J	15022
10	R	15022
10	J	15025
9	R	15025
9	J	15028
8	R	15028
8	J	15031
16	R	15031
16	J	15034
15	R	15034
15	J	15037
14	R	15037
14	J	15040
13	R	15040
13	J	15043
12	R	15043
12	J	15046
11	R	15046
11	J	15049
10	R	15049
10	J	15052
9	R	15052
9	J	15055
8	R	15055
8	J	15058
16	R	15058
16	J	15061
15	R	15061
15	J	15064
14	R	15064
14	J	15067
13	R	15067
13	J	15070
12	R	15070
12	J	15073
11	R	15073
3	J	15076
11	J	15076
3	R	15076
3	W	15079
10	R	15079
10	J	15082
9	R	15082
9	J	15085
8	R	15085
8	J	15088
16	R	15088
16	J	15091
15	R	15091
15	J	15094
14	R	15094
14	J	15097
13	R	15097
13	J	15100
12	R	15100
12	J	15103
11	R	15103
11	J	15106
10	R	15106
10	J	15109
9	R	15109
9	J	15112
8	R	15112
8	J	15115
16	R	15115
16	J	15118
15	R	15118
15	J	15121
14	R	15121
14	J	15124
13	R	15124
13	J	15127
12	R	15127
12	J	15130
11	R	15130
11	J	15133
10	R	15133
10	J	15136
9	R	15136
9	J	15139
8	R	15139
8	J	15142
16	R	15142
16	J	15145
15	R	15145
15	J	15148
14	R	15148
14	J	15151
13	R	15151
13	J	15154
12	R	15154
12	J	15157
11	R	15157
11	J	15160
10	R	15160
10	J	15163
9	R	15163
9	J	15166
8	R	15166
8	J	15169
16	R	15169
16	J	15172
15	R	15172
15	J	15175
14	R	15175
14	J	15178
13	R	15178
13	J	15181
12	R	15181
12	W	15183
11	R	15183
11	J	15186
10	R	15186
10	J	15189
9	R	15189
9	J	15192
8	R	15192
8	J	15195
16	R	15195
16	J	15198
15	R	15198
15	J	15201
14	R	15201
14	J	15204
13	R	15204
13	J	15207
11	R	15207
11	J	15210
10	R	15210
10	J	15213
9	R	15213
9	J	15216
8	R	15216
8	J	15219
16	R	15219
16	J	15222
15	R	15222
15	J	15225
14	R	15225
14	J	15228
13	R	15228
13	J	15231
11	R	15231
11	J	15234
10	R	15234
10	J	15237
9	R	15237
9	J	15240
8	R	15240
8	J	15243
16	R	15243
16	J	15246
15	R	15246
15	J	15249
14	R	15249
14	J	15252
13	R	15252
13	J	15255
11	R	15255
11	J	15258
10	R	15258
10	J	15261
9	R	15261
9	J	15264
8	R	15264
8	J	15267
16	R	15267
16	J	15270
15	R	15270
15	J	15273
14	R	15273
14	J	15276
13	R	15276
13	J	15279
11	R	15279
11	J	15282
10	R	15282
12	J	15285
10	J	15285
12	R	15285
12	J	15290
9	R	15290
9	J	15293
8	R	15293
8	J	15296
16	R	15296
16	J	15299
15	R	15299
15	J	15302
14	R	15302
14	J	15305
13	R	15305
13	J	15308
12	R	15308
12	J	15311
11	R	15311
11	J	15314
10	R	15314
10	J	15317
9	R	15317
9	J	15320
8	R	15320
8	J	15323
16	R	15323
16	J	15326
15	R	15326
15	J	15329
14	R	15329
14	J	15332
13	R	15332
13	J	15335
12	R	15335
12	J	15338
11	R	15338
11	J	15341
10	R	15341
10	J	15344
9	R	15344
9	J	15347
8	R	15347
8	J	15350
16	R	15350
16	J	15353
15	R	15353
15	J	15356
14	R	15356
14	J	15359
13	R	15359
13	J	15362
12	R	15362
12	J	15365
11	R	15365
11	J	15368
10	R	15368
10	J	15371
9	R	15371
9	J	15374
8	R	15374
8	J	15377
16	R	15377
16	J	15380
15	R	15380
15	J	15383
14	R	15383
14	J	15386
13	R	15386
13	J	15389
12	R	15389
12	J	15392
11	R	15392
11	J	15395
10	R	15395
10	J	15398
9	R	15398
9	J	15401
8	R	15401
8	J	15404
16	R	15404
16	J	15407
15	R	15407
15	J	15410
14	R	15410
14	J	15413
13	R	15413
13	J	15416
12	R	15416
12	J	15419
11	R	15419
11	J	15422
10	R	15422
10	J	15425
9	R	15425
9	J	15428
8	R	15428
8	J	15431
16	R	15431
16	J	15434
15	R	15434
15	J	15437
14	R	15437
14	J	15440
13	R	15440
13	J	15443
12	R	15443
12	J	15446
11	R	15446
11	J	15449
10	R	15449
10	J	15452
9	R	15452
9	J	15455
8	R	15455
8	J	15458
16	R	15458
16	J	15461
15	R	15461
15	J	15464
14	R	15464
14	J	15467
13	R	15467
13	J	15470
12	R	15470
12	J	15473
11	R	15473
11	J	15476
10	R	15476
10	J	15479
9	R	15479
9	J	15482
8	R	15482
8	J	15485
16	R	15485
16	J	15488
15	R	15488
15	J	15491
14	R	15491
14	J	15494
13	R	15494
13	J	15497
12	R	15497
12	J	15500
11	R	15500
11	J	15503
10	R	15503
10	J	15506
9	R	15506
9	J	15509
8	R	15509
8	J	15512
16	R	15512
16	J	15515
15	R	15515
15	J	15518
14	R	15518
14	J	15521
13	R	15521
13	J	15524
12	R	15524
12	J	15527
11	R	15527
11	J	15530
10	R	15530
10	J	15533
9	R	15533
9	J	15536
8	R	15536
8	J	15539
16	R	15539
16	J	15542
15	R	15542
15	J	15545
14	R	15545
14	J	15548
13	R	15548
13	J	15551
12	R	15551
12	J	15554
11	R	15554
11	J	15557
10	R	15557
10	J	15560
9	R	15560
9	J	15563
8	R	15563
8	W	15565
16	R	15565
16	J	15568
15	R	15568
15	J	15571
14	R	15571
14	J	15574
13	R	15574
13	J	15577
12	R	15577
12	J	15580
11	R	15580
11	J	15583
10	R	15583
10	J	15586
9	R	15586
9	J	15589
16	R	15589
16	J	15592
15	R	15592
15	J	15595
14	R	15595
14	J	15598
13	R	15598
13	J	15601
12	R	15601
12	J	15604
11	R	15604
11	J	15607
10	R	15607
10	J	15610
9	R	15610
9	J	15613
16	R	15613
16	J	15616
15	R	15616
15	J	15619
14	R	15619
14	J	15622
13	R	15622
13	J	15625
12	R	15625
12	J	15628
11	R	15628
11	J	15631
10	R	15631
10	J	15634
9	R	15634
9	J	15637
16	R	15637
16	J	15640
15	R	15640
15	J	15643
14	R	15643
14	J	15646
13	R	15646
13	J	15649
12	R	15649
12	J	15652
11	R	15652
11	J	15655
10	R	15655
10	J	15658
9	R	15658
9	J	15661
16	R	15661
16	J	15664
15	R	15664
8	J	15667
15	J	15667
8	R	15667
8	E	15667
6	J	15667
6	R	15667
6	W	15668
14	R	15668
14	J	15671
13	R	15671
13	J	15674
12	R	15674
12	J	15677
11	R	15677
11	J	15680
10	R	15680
10	J	15683
9	R	15683
9	J	15686
16	R	15686
16	J	15689
15	R	15689
15	J	15692
14	R	15692
14	J	15695
13	R	15695
13	J	15698
12	R	15698
12	J	15701
11	R	15701
11	J	15704
10	R	15704
10	J	15707
9	R	15707
9	J	15710
16	R	15710
16	J	15713
15	R	15713
15	J	15716
14	R	15716
14	J	15719
13	R	15719
13	J	15722
12	R	15722
12	J	15725
11	R	15725
11	J	15728
10	R	15728
10	J	15731
9	R	15731
9	J	15734
16	R	15734
16	J	15737
15	R	15737
15	J	15740
14	R	15740
14	J	15743
13	R	15743
13	J	15746
12	R	15746
12	J	15749
11	R	15749
11	J	15752
10	R	15752
10	J	15755
9	R	15755
9	J	15758
16	R	15758
16	J	15761
15	R	15761
15	J	15764
14	R	15764
14	J	15767
13	R	15767
13	J	15770
12	R	15770
12	J	15773
11	R	15773
11	J	15776
10	R	15776
10	J	15779
9	R	15779
9	J	15782
16	R	15782
16	J	15785
15	R	15785
15	J	15788
14	R	15788
14	J	15791
13	R	15791
13	J	15794
12	R	15794
12	J	15797
11	R	15797
11	J	15800
10	R	15800
10	J	15803
9	R	15803
9	J	15806
16	R	15806
16	J	15809
15	R	15809
15	J	15812
14	R	15812
14	J	15815
13	R	15815
13	J	15818
12	R	15818
12	J	15821
11	R	15821
11	J	15824
10	R	15824
10	J	15827
9	R	15827
9	J	15830
16	R	15830
16	J	15833
15	R	15833
15	J	15836
14	R	15836
14	J	15839
13	R	15839
13	J	15842
12	R	15842
12	J	15845
11	R	15845
11	J	15848
10	R	15848
10	J	15851
9	R	15851
9	J	15854
16	R	15854
16	J	15857
15	R	15857
15	J	15860
14	R	15860
14	J	15863
13	R	15863
13	J	15866
12	R	15866
12	J	15869
11	R	15869
11	J	15872
10	R	15872
10	J	15875
9	R	15875
9	J	15878
16	R	15878
16	J	15881
15	R	15881
15	J	15884
14	R	15884
14	J	15887
13	R	15887
13	J	15890
12	R	15890
12	J	15893
11	R	15893
11	J	15896
10	R	15896
10	J	15899
9	R	15899
9	J	15902
16	R	15902
16	J	15905
15	R	15905
15	J	15908
14	R	15908
14	J	15911
13	R	15911
13	J	15914
12	R	15914
12	J	15917
11	R	15917
11	J	15920
10	R	15920
10	J	15923
9	R	15923
9	J	15926
16	R	15926
16	J	15929
15	R	15929
15	J	15932
14	R	15932
14	J	15935
13	R	15935
13	J	15938
12	R	15938
12	J	15941
11	R	15941
11	J	15944
10	R	15944
10	J	15947
9	R	15947
9	J	15950
16	R	15950
16	J	15953
15	R	15953
15	J	15956
14	R	15956
14	J	15959
13	R	15959
13	J	15962
12	R	15962
12	J	15965
11	R	15965
11	J	15968
10	R	15968
10	J	15971
9	R	15971
9	J	15974
16	R	15974
16	J	15977
15	R	15977
15	J	15980
14	R	15980
14	J	15983
13	R	15983
13	J	15986
12	R	15986
12	J	15989
11	R	15989
11	J	15992
10	R	15992
10	J	15995
9	R	15995
9	J	15998
16	R	15998
16	J	16001
15	R	16001
15	J	16004
14	R	16004
14	J	16007
13	R	16007
13	J	16010
12	R	16010
12	J	16013
11	R	16013
11	J	16016
10	R	16016
10	J	16019
9	R	16019
9	J	16022
16	R	16022
16	J	16025
15	R	16025
15	J	16028
14	R	16028
14	J	16031
13	R	16031
13	W	16031
12	R	16031
12	J	16034
11	R	16034
11	J	16037
10	R	16037
10	J	16040
9	R	16040
9	J	16043
16	R	16043
16	J	16046
15	R	16046
15	J	16049
14	R	16049
14	J	16052
12	R	16052
12	J	16055
11	R	16055
11	J	16058
10	R	16058
10	J	16061
9	R	16061
9	J	16064
16	R	16064
16	J	16067
15	R	16067
15	J	16070
14	R	16070
14	J	16073
12	R	16073
12	J	16076
11	R	16076
11	J	16079
10	R	16079
10	W	16080
9	R	16080
9	J	16083
16	R	16083
16	J	16086
15	R	16086
15	J	16089
14	R	16089
14	J	16092
12	R	16092
12	J	16095
11	R	16095
11	J	16098
9	R	16098
9	J	16101
16	R	16101
16	J	16104
15	R	16104
15	J	16107
14	R	16107
14	J	16110
12	R	16110
12	J	16113
11	R	16113
11	J	16116
9	R	16116
9	J	16119
16	R	16119
16	J	16122
15	R	16122
15	J	16125
14	R	16125
14	J	16128
12	R	16128
12	J	16131
11	R	16131
13	J	16134
11	J	16134
13	R	16134
13	J	16139
9	R	16139
9	J	16142
16	R	16142
16	J	16145
15	R	16145
15	J	16148
14	R	16148
14	J	16151
13	R	16151
13	J	16154
12	R	16154
12	J	16157
11	R	16157
11	J	16160
9	R	16160
9	J	16163
16	R	16163
16	J	16166
15	R	16166
15	J	16169
14	R	16169
14	J	16172
13	R	16172
13	J	16175
12	R	16175
12	J	16178
11	R	16178
10	J	16181
11	J	16181
10	R	16181
10	J	16186
9	R	16186
9	W	16186
16	R	16186
16	J	16189
15	R	16189
15	J	16192
14	R	16192
14	J	16195
13	R	16195
13	J	16198
12	R	16198
12	J	16201
11	R	16201
11	J	16204
10	R	16204
10	J	16207
16	R	16207
16	J	16210
15	R	16210
15	J	16213
14	R	16213
14	J	16216
13	R	16216
13	J	16219
12	R	16219
12	J	16222
11	R	16222
11	J	16225
10	R	16225
10	J	16228
16	R	16228
16	J	16231
15	R	16231
15	J	16234
14	R	16234
14	J	16237
13	R	16237
13	J	16240
12	R	16240
12	J	16243
11	R	16243
11	J	16246
10	R	16246
10	J	16249
16	R	16249
16	J	16252
15	R	16252
15	J	16255
14	R	16255
14	J	16258
13	R	16258
13	J	16261
12	R	16261
12	J	16264
11	R	16264
11	J	16267
10	R	16267
10	J	16270
16	R	16270
16	J	16273
15	R	16273
15	J	16276
14	R	16276
14	J	16279
13	R	16279
13	J	16282
12	R	16282
12	J	16285
11	R	16285
9	J	16288
11	J	16288
9	R	16288
9	J	16293
10	R	16293
10	J	16296
16	R	16296
16	J	16299
15	R	16299
15	J	16302
14	R	16302
14	J	16305
13	R	16305
13	J	16308
12	R	16308
12	J	16311
11	R	16311
11	J	16314
10	R	16314
10	J	16317
9	R	16317
9	J	16320
16	R	16320
16	J	16323
15	R	16323
15	J	16326
14	R	16326
14	J	16329
13	R	16329
13	J	16332
12	R	16332
12	J	16335
11	R	16335
11	J	16338
10	R	16338
10	J	16341
9	R	16341
9	J	16344
16	R	16344
16	J	16347
15	R	16347
15	J	16350
14	R	16350
14	J	16353
13	R	16353
13	J	16356
12	R	16356
12	J	16359
11	R	16359
11	J	16362
10	R	16362
10	J	16365
9	R	16365
9	J	16368
16	R	16368
16	J	16371
15	R	16371
15	J	16374
14	R	16374
14	J	16377
13	R	16377
13	J	16380
12	R	16380
12	J	16383
11	R	16383
11	J	16386
10	R	16386
10	J	16389
9	R	16389
9	J	16392
16	R	16392
16	J	16395
15	R	16395
15	J	16398
14	R	16398
14	J	16401
13	R	16401
13	J	16404
12	R	16404
12	J	16407
11	R	16407
11	J	16410
10	R	16410
10	J	16413
9	R	16413
9	J	16416
16	R	16416
16	J	16419
15	R	16419
15	J	16422
14	R	16422
14	J	16425
13	R	16425
13	J	16428
12	R	16428
12	J	16431
11	R	16431
11	J	16434
10	R	16434
10	J	16437
9	R	16437
9	J	16440
16	R	16440
16	J	16443
15	R	16443
15	J	16446
14	R	16446
14	J	16449
13	R	16449
13	J	16452
12	R	16452
12	J	16455
11	R	16455
11	J	16458
10	R	16458
10	J	16461
9	R	16461
9	J	16464
16	R	16464
16	J	16467
15	R	16467
15	J	16470
14	R	16470
14	J	16473
13	R	16473
13	J	16476
12	R	16476
12	J	16479
11	R	16479
11	J	16482
10	R	16482
10	J	16485
9	R	16485
9	J	16488
16	R	16488
16	J	16491
15	R	16491
15	J	16494
14	R	16494
14	J	16497
13	R	16497
13	J	16500
12	R	16500
12	J	16503
11	R	16503
11	J	16506
10	R	16506
10	J	16509
9	R	16509
9	J	16512
16	R	16512
16	J	16515
15	R	16515
15	J	16518
14	R	16518
14	J	16521
13	R	16521
13	J	16524
12	R	16524
12	J	16527
11	R	16527
11	J	16530
10	R	16530
10	J	16533
9	R	16533
9	J	16536
16	R	16536
16	J	16539
15	R	16539
15	J	16542
14	R	16542
14	J	16545
13	R	16545
13	J	16548
12	R	16548
12	J	16551
11	R	16551
11	J	16554
10	R	16554
10	J	16557
9	R	16557
9	J	16560
16	R	16560
16	J	16563
15	R	16563
15	J	16566
14	R	16566
14	J	16569
13	R	16569
13	J	16572
12	R	16572
12	J	16575
11	R	16575
11	J	16578
10	R	16578
10	J	16581
9	R	16581
9	J	16584
16	R	16584
16	J	16587
15	R	16587
15	J	16590
14	R	16590
14	J	16593
13	R	16593
13	J	16596
12	R	16596
12	J	16599
11	R	16599
11	J	16602
10	R	16602
10	J	16605
9	R	16605
9	J	16608
16	R	16608
16	J	16611
15	R	16611
15	J	16614
14	R	16614
14	J	16617
13	R	16617
13	J	16620
12	R	16620
12	J	16623
11	R	16623
11	J	16626
10	R	16626
10	J	16629
9	R	16629
9	J	16632
16	R	16632
16	J	16635
15	R	16635
15	J	16638
14	R	16638
14	J	16641
13	R	16641
13	J	16644
12	R	16644
12	J	16647
11	R	16647
11	J	16650
10	R	16650
10	J	16653
9	R	16653
9	J	16656
16	R	16656
16	J	16659
15	R	16659
15	J	16662
14	R	16662
14	J	16665
13	R	16665
13	J	16668
12	R	16668
12	J	16671
11	R	16671
11	J	16674
10	R	16674
10	J	16677
9	R	16677
9	J	16680
16	R	16680
16	J	16683
15	R	16683
15	J	16686
14	R	16686
14	J	16689
13	R	16689
13	J	16692
12	R	16692
12	J	16695
11	R	16695
11	J	16698
10	R	16698
10	J	16701
9	R	16701
9	J	16704
16	R	16704
16	J	16707
15	R	16707
15	J	16710
14	R	16710
14	J	16713
13	R	16713
13	J	16716
12	R	16716
12	J	16719
11	R	16719
11	J	16722
10	R	16722
10	J	16725
9	R	16725
9	J	16728
16	R	16728
16	J	16731
15	R	16731
15	J	16734
14	R	16734
14	J	16737
13	R	16737
13	J	16740
12	R	16740
12	J	16743
11	R	16743
11	J	16746
10	R	16746
10	J	16749
9	R	16749
9	J	16752
16	R	16752
16	J	16755
15	R	16755
15	J	16758
14	R	16758
14	J	16761
13	R	16761
13	J	16764
12	R	16764
12	J	16767
11	R	16767
11	J	16770
10	R	16770
10	J	16773
9	R	16773
9	J	16776
16	R	16776
16	J	16779
15	R	16779
15	J	16782
14	R	16782
14	J	16785
13	R	16785
13	J	16788
12	R	16788
12	J	16791
11	R	16791
11	J	16794
10	R	16794
10	J	16797
9	R	16797
9	J	16800
16	R	16800
16	J	16803
15	R	16803
15	J	16806
14	R	16806
14	W	16807
13	R	16807
13	J	16810
12	R	16810
12	J	16813
11	R	16813
11	J	16816
10	R	16816
10	J	16819
9	R	16819
9	J	16822
16	R	16822
16	J	16825
15	R	16825
15	J	16828
13	R	16828
13	J	16831
12	R	16831
12	J	16834
11	R	16834
11	J	16837
10	R	16837
10	J	16840
9	R	16840
9	J	16843
16	R	16843
16	J	16846
15	R	16846
15	J	16849
13	R	16849
13	J	16852
12	R	16852
12	J	16855
11	R	16855
11	J	16858
10	R	16858
10	J	16861
9	R	16861
9	J	16864
16	R	16864
16	J	16867
15	R	16867
15	J	16870
13	R	16870
13	J	16873
12	R	16873
12	J	16876
11	R	16876
11	J	16879
10	R	16879
10	J	16882
9	R	16882
9	J	16885
16	R	16885
16	J	16888
15	R	16888
15	J	16891
13	R	16891
13	J	16894
12	R	16894
12	J	16897
11	R	16897
11	J	16900
10	R	16900
10	J	16903
9	R	16903
9	J	16906
16	R	16906
14	J	16909
16	J	16909
14	R	16909
14	J	16914
15	R	16914
15	J	16917
13	R	16917
13	J	16920
12	R	16920
12	J	16923
11	R	16923
11	J	16926
10	R	16926
10	J	16929
9	R	16929
9	J	16932
16	R	16932
16	J	16935
15	R	16935
15	J	16938
14	R	16938
14	J	16941
13	R	16941
13	J	16944
12	R	16944
12	J	16947
11	R	16947
11	J	16950
10	R	16950
10	J	16953
9	R	16953
9	J	16956
16	R	16956
16	J	16959
15	R	16959
15	J	16962
14	R	16962
14	J	16965
13	R	16965
13	J	16968
12	R	16968
12	J	16971
11	R	16971
11	J	16974
10	R	16974
10	J	16977
9	R	16977
9	J	16980
16	R	16980
16	J	16983
15	R	16983
15	J	16986
14	R	16986
14	J	16989
13	R	16989
13	J	16992
12	R	16992
12	J	16995
11	R	16995
11	J	16998
10	R	16998
10	J	17001
9	R	17001
9	J	17004
16	R	17004
16	J	17007
15	R	17007
15	J	17010
14	R	17010
14	J	17013
13	R	17013
13	J	17016
12	R	17016
12	J	17019
11	R	17019
11	J	17022
10	R	17022
10	J	17025
9	R	17025
9	J	17028
16	R	17028
16	J	17031
15	R	17031
15	J	17034
14	R	17034
14	J	17037
13	R	17037
13	J	17040
12	R	17040
12	J	17043
11	R	17043
11	J	17046
10	R	17046
10	J	17049
9	R	17049
9	J	17052
16	R	17052
16	J	17055
15	R	17055
15	J	17058
14	R	17058
14	J	17061
13	R	17061
13	J	17064
12	R	17064
12	J	17067
11	R	17067
11	J	17070
10	R	17070
10	J	17073
9	R	17073
9	J	17076
16	R	17076
16	J	17079
15	R	17079
15	J	17082
14	R	17082
14	J	17085
13	R	17085
13	J	17088
12	R	17088
12	J	17091
11	R	17091
11	J	17094
10	R	17094
10	J	17097
9	R	17097
9	J	17100
16	R	17100
16	J	17103
15	R	17103
15	J	17106
14	R	17106
14	J	17109
13	R	17109
13	J	17112
12	R	17112
12	J	17115
11	R	17115
11	J	17118
10	R	17118
10	J	17121
9	R	17121
9	J	17124
16	R	17124
16	J	17127
15	R	17127
15	J	17130
14	R	17130
14	J	17133
13	R	17133
13	J	17136
12	R	17136
12	J	17139
11	R	17139
11	J	17142
10	R	17142
10	J	17145
9	R	17145
9	J	17148
16	R	17148
16	J	17151
15	R	17151
15	J	17154
14	R	17154
14	J	17157
13	R	17157
13	J	17160
12	R	17160
12	J	17163
11	R	17163
11	J	17166
10	R	17166
10	J	17169
9	R	17169
9	J	17172
16	R	17172
16	J	17175
15	R	17175
15	J	17178
14	R	17178
14	J	17181
13	R	17181
13	J	17184
12	R	17184
12	J	17187
11	R	17187
11	J	17190
10	R	17190
10	J	17193
9	R	17193
9	J	17196
16	R	17196
16	J	17199
15	R	17199
15	J	17202
14	R	17202
14	J	17205
13	R	17205
13	J	17208
12	R	17208
12	J	17211
11	R	17211
11	J	17214
10	R	17214
10	J	17217
9	R	17217
9	J	17220
16	R	17220
16	J	17223
15	R	17223
15	J	17226
14	R	17226
14	J	17229
13	R	17229
13	J	17232
12	R	17232
12	J	17235
11	R	17235
11	J	17238
10	R	17238
10	J	17241
9	R	17241
9	J	17244
16	R	17244
16	J	17247
15	R	17247
15	J	17250
14	R	17250
14	J	17253
13	R	17253
13	J	17256
12	R	17256
12	J	17259
11	R	17259
11	J	17262
10	R	17262
10	J	17265
9	R	17265
9	J	17268
16	R	17268
16	J	17271
15	R	17271
15	J	17274
14	R	17274
14	J	17277
13	R	17277
13	J	17280
12	R	17280
12	J	17283
11	R	17283
11	J	17286
10	R	17286
10	J	17289
9	R	17289
9	J	17292
16	R	17292
16	J	17295
15	R	17295
15	J	17298
14	R	17298
14	J	17301
13	R	17301
13	J	17304
12	R	17304
12	J	17307
11	R	17307
11	J	17310
10	R	17310
10	J	17313
9	R	17313
9	J	17316
16	R	17316
16	J	17319
15	R	17319
15	J	17322
14	R	17322
14	J	17325
13	R	17325
13	J	17328
12	R	17328
12	J	17331
11	R	17331
11	J	17334
10	R	17334
10	J	17337
9	R	17337
9	J	17340
16	R	17340
16	J	17343
15	R	17343
15	J	17346
14	R	17346
14	J	17349
13	R	17349
13	J	17352
12	R	17352
12	J	17355
11	R	17355
11	J	17358
10	R	17358
10	J	17361
9	R	17361
9	J	17364
16	R	17364
16	J	17367
15	R	17367
15	J	17370
14	R	17370
14	J	17373
13	R	17373
13	J	17376
12	R	17376
12	J	17379
11	R	17379
11	J	17382
10	R	17382
10	J	17385
9	R	17385
9	J	17388
16	R	17388
16	J	17391
15	R	17391
15	J	17394
14	R	17394
14	J	17397
13	R	17397
13	J	17400
12	R	17400
12	J	17403
11	R	17403
11	J	17406
10	R	17406
10	J	17409
9	R	17409
9	J	17412
16	R	17412
16	J	17415
15	R	17415
15	J	17418
14	R	17418
14	J	17421
13	R	17421
13	J	17424
12	R	17424
12	J	17427
11	R	17427
11	J	17430
10	R	17430
10	J	17433
9	R	17433
9	J	17436
16	R	17436
16	J	17439
15	R	17439
15	J	17442
14	R	17442
14	J	17445
13	R	17445
13	J	17448
12	R	17448
12	J	17451
11	R	17451
11	J	17454
10	R	17454
10	J	17457
9	R	17457
9	J	17460
16	R	17460
16	J	17463
15	R	17463
15	J	17466
14	R	17466
14	J	17469
13	R	17469
13	J	17472
12	R	17472
12	J	17475
11	R	17475
11	J	17478
10	R	17478
10	J	17481
9	R	17481
9	J	17484
16	R	17484
16	J	17487
15	R	17487
15	J	17490
14	R	17490
14	J	17493
13	R	17493
13	J	17496
12	R	17496
12	J	17499
11	R	17499
11	J	17502
10	R	17502
10	J	17505
9	R	17505
9	J	17508
16	R	17508
16	J	17511
15	R	17511
15	J	17514
14	R	17514
14	J	17517
13	R	17517
13	J	17520
12	R	17520
12	J	17523
11	R	17523
11	J	17526
10	R	17526
10	J	17529
9	R	17529
9	J	17532
16	R	17532
16	J	17535
15	R	17535
15	J	17538
14	R	17538
14	J	17541
13	R	17541
13	J	17544
12	R	17544
12	J	17547
11	R	17547
11	J	17550
10	R	17550
10	J	17553
9	R	17553
9	J	17556
16	R	17556
16	J	17559
15	R	17559
15	J	17562
14	R	17562
14	J	17565
13	R	17565
13	J	17568
12	R	17568
12	J	17571
11	R	17571
11	J	17574
10	R	17574
10	J	17577
9	R	17577
9	J	17580
16	R	17580
16	J	17583
15	R	17583
15	W	17585
14	R	17585
14	J	17588
13	R	17588
13	J	17591
12	R	17591
12	J	17594
11	R	17594
11	J	17597
10	R	17597
10	J	17600
9	R	17600
9	J	17603
16	R	17603
16	J	17606
14	R	17606
14	J	17609
13	R	17609
13	J	17612
12	R	17612
12	J	17615
11	R	17615
11	J	17618
10	R	17618
10	J	17621
9	R	17621
9	J	17624
16	R	17624
16	J	17627
14	R	17627
14	J	17630
13	R	17630
13	J	17633
12	R	17633
12	J	17636
11	R	17636
11	J	17639
10	R	17639
10	J	17642
9	R	17642
9	J	17645
16	R	17645
16	J	17648
14	R	17648
14	J	17651
13	R	17651
13	J	17654
12	R	17654
12	J	17657
11	R	17657
11	W	17659
10	R	17659
10	J	17662
9	R	17662
9	J	17665
16	R	17665
16	J	17668
14	R	17668
14	J	17671
13	R	17671
13	J	17674
12	R	17674
12	J	17677
10	R	17677
10	J	17680
9	R	17680
9	J	17683
16	R	17683
15	J	17686
16	J	17686
15	R	17686
15	J	17691
14	R	17691
14	J	17694
13	R	17694
13	J	17697
12	R	17697
12	J	17700
10	R	17700
10	J	17703
9	R	17703
9	J	17706
16	R	17706
16	J	17709
15	R	17709
15	J	17712
14	R	17712
14	J	17715
13	R	17715
13	J	17718
12	R	17718
12	J	17721
10	R	17721
10	J	17724
9	R	17724
9	J	17727
16	R	17727
16	J	17730
15	R	17730
15	J	17733
14	R	17733
14	J	17736
13	R	17736
13	J	17739
12	R	17739
12	J	17742
10	R	17742
10	J	17745
9	R	17745
9	J	17748
16	R	17748
16	J	17751
15	R	17751
15	J	17754
14	R	17754
14	J	17757
13	R	17757
11	J	17760
13	J	17760
11	R	17760
11	E	17760
6	J	17760
6	R	17760
6	W	17761
12	R	17761
12	J	17764
10	R	17764
10	J	17767
9	R	17767
9	J	17770
16	R	17770
16	J	17773
15	R	17773
15	J	17776
14	R	17776
14	J	17779
13	R	17779
13	J	17782
12	R	17782
12	J	17785
10	R	17785
10	J	17788
9	R	17788
9	J	17791
16	R	17791
16	J	17794
15	R	17794
15	J	17797
14	R	17797
14	J	17800
13	R	17800
13	J	17803
12	R	17803
12	J	17806
10	R	17806
10	J	17809
9	R	17809
9	J	17812
16	R	17812
16	J	17815
15	R	17815
15	J	17818
14	R	17818
14	J	17821
13	R	17821
13	J	17824
12	R	17824
12	J	17827
10	R	17827
10	J	17830
9	R	17830
9	E	17830
6	J	17830
6	R	17830
6	W	17831
16	R	17831
16	J	17834
15	R	17834
15	J	17837
14	R	17837
14	J	17840
13	R	17840
13	J	17843
12	R	17843
12	J	17846
10	R	17846
10	J	17849
16	R	17849
16	J	17852
15	R	17852
15	J	17855
14	R	17855
14	J	17858
13	R	17858
13	J	17861
12	R	17861
12	J	17864
10	R	17864
10	J	17867
16	R	17867
16	J	17870
15	R	17870
15	J	17873
14	R	17873
14	J	17876
13	R	17876
13	J	17879
12	R	17879
12	J	17882
10	R	17882
10	J	17885
16	R	17885
16	J	17888
15	R	17888
15	J	17891
14	R	17891
14	J	17894
13	R	17894
13	J	17897
12	R	17897
12	J	17900
10	R	17900
10	J	17903
16	R	17903
16	J	17906
15	R	17906
15	J	17909
14	R	17909
14	J	17912
13	R	17912
13	J	17915
12	R	17915
12	J	17918
10	R	17918
10	J	17921
16	R	17921
16	J	17924
15	R	17924
15	J	17927
14	R	17927
14	J	17930
13	R	17930
13	J	17933
12	R	17933
12	J	17936
10	R	17936
10	J	17939
16	R	17939
16	J	17942
15	R	17942
15	J	17945
14	R	17945
14	J	17948
13	R	17948
13	J	17951
12	R	17951
12	J	17954
10	R	17954
10	J	17957
16	R	17957
16	J	17960
15	R	17960
15	J	17963
14	R	17963
14	J	17966
13	R	17966
13	J	17969
12	R	17969
12	J	17972
10	R	17972
10	J	17975
16	R	17975
16	J	17978
15	R	17978
15	J	17981
14	R	17981
14	J	17984
13	R	17984
13	J	17987
12	R	17987
12	J	17990
10	R	17990
10	J	17993
16	R	17993
16	J	17996
15	R	17996
15	J	17999
14	R	17999
14	J	18002
13	R	18002
13	J	18005
12	R	18005
12	J	18008
10	R	18008
10	J	18011
16	R	18011
16	J	18014
15	R	18014
15	J	18017
14	R	18017
14	J	18020
13	R	18020
13	J	18023
12	R	18023
12	J	18026
10	R	18026
10	J	18029
16	R	18029
16	J	18032
15	R	18032
15	J	18035
14	R	18035
14	J	18038
13	R	18038
13	J	18041
12	R	18041
12	J	18044
10	R	18044
10	J	18047
16	R	18047
16	J	18050
15	R	18050
15	J	18053
14	R	18053
14	J	18056
13	R	18056
13	J	18059
12	R	18059
12	J	18062
10	R	18062
10	J	18065
16	R	18065
16	J	18068
15	R	18068
15	J	18071
14	R	18071
14	J	18074
13	R	18074
3	J	18077
13	J	18077
3	R	18077
3	W	18080
12	R	18080
12	J	18083
10	R	18083
10	J	18086
16	R	18086
16	J	18089
15	R	18089
15	J	18092
14	R	18092
14	J	18095
13	R	18095
13	J	18098
12	R	18098
12	J	18101
10	R	18101
10	J	18104
16	R	18104
16	J	18107
15	R	18107
15	J	18110
14	R	18110
14	J	18113
13	R	18113
13	J	18116
12	R	18116
12	J	18119
10	R	18119
10	J	18122
16	R	18122
16	J	18125
15	R	18125
15	J	18128
14	R	18128
14	J	18131
13	R	18131
13	J	18134
12	R	18134
12	J	18137
10	R	18137
10	J	18140
16	R	18140
16	J	18143
15	R	18143
15	J	18146
14	R	18146
14	J	18149
13	R	18149
13	J	18152
12	R	18152
12	J	18155
10	R	18155
10	J	18158
16	R	18158
16	J	18161
15	R	18161
15	J	18164
14	R	18164
14	J	18167
13	R	18167
13	J	18170
12	R	18170
12	J	18173
10	R	18173
10	J	18176
16	R	18176
16	J	18179
15	R	18179
15	J	18182
14	R	18182
14	J	18185
13	R	18185
13	J	18188
12	R	18188
12	J	18191
10	R	18191
10	J	18194
16	R	18194
16	J	18197
15	R	18197
15	J	18200
14	R	18200
14	J	18203
13	R	18203
13	J	18206
12	R	18206
12	J	18209
10	R	18209
10	J	18212
16	R	18212
16	J	18215
15	R	18215
15	J	18218
14	R	18218
14	J	18221
13	R	18221
13	J	18224
12	R	18224
12	J	18227
10	R	18227
10	J	18230
16	R	18230
16	W	18230
15	R	18230
15	J	18233
14	R	18233
14	J	18236
13	R	18236
13	J	18239
12	R	18239
12	J	18242
10	R	18242
10	J	18245
15	R	18245
15	J	18248
14	R	18248
14	J	18251
13	R	18251
13	J	18254
12	R	18254
12	J	18257
10	R	18257
10	J	18260
15	R	18260
15	J	18263
14	R	18263
14	J	18266
13	R	18266
13	J	18269
12	R	18269
12	J	18272
10	R	18272
10	J	18275
15	R	18275
15	J	18278
14	R	18278
14	J	18281
13	R	18281
13	J	18284
12	R	18284
12	J	18287
10	R	18287
10	J	18290
15	R	18290
15	J	18293
14	R	18293
14	J	18296
13	R	18296
13	J	18299
12	R	18299
12	J	18302
10	R	18302
10	J	18305
15	R	18305
15	J	18308
14	R	18308
14	J	18311
13	R	18311
13	J	18314
12	R	18314
12	J	18317
10	R	18317
10	E	18318
6	J	18318
6	R	18318
6	W	18318
15	R	18319
15	J	18322
14	R	18322
14	J	18325
13	R	18325
13	J	18328
12	R	18328
16	J	18331
12	J	18331
16	R	18331
16	E	18331
6	J	18331
6	R	18331
6	W	18332
15	R	18332
15	J	18335
14	R	18335
14	J	18338
13	R	18338
13	J	18341
12	R	18341
12	J	18344
15	R	18344
15	J	18347
14	R	18347
14	J	18350
13	R	18350
13	J	18353
12	R	18353
12	J	18356
15	R	18356
15	J	18359
14	R	18359
14	J	18362
13	R	18362
13	J	18365
12	R	18365
12	J	18368
15	R	18368
15	J	18371
14	R	18371
14	J	18374
13	R	18374
13	J	18377
12	R	18377
12	J	18380
15	R	18380
15	J	18383
14	R	18383
14	J	18386
13	R	18386
13	J	18389
12	R	18389
12	J	18392
15	R	18392
15	J	18395
14	R	18395
14	J	18398
13	R	18398
13	J	18401
12	R	18401
12	J	18404
15	R	18404
15	J	18407
14	R	18407
14	J	18410
13	R	18410
13	J	18413
12	R	18413
12	J	18416
15	R	18416
15	J	18419
14	R	18419
14	J	18422
13	R	18422
13	J	18425
12	R	18425
12	J	18428
15	R	18428
15	J	18431
14	R	18431
14	J	18434
13	R	18434
13	J	18437
12	R	18437
12	J	18440
15	R	18440
15	J	18443
14	R	18443
14	J	18446
13	R	18446
13	J	18449
12	R	18449
12	J	18452
15	R	18452
15	J	18455
14	R	18455
14	J	18458
13	R	18458
13	J	18461
12	R	18461
12	J	18464
15	R	18464
15	J	18467
14	R	18467
14	J	18470
13	R	18470
13	J	18473
12	R	18473
12	J	18476
15	R	18476
15	J	18479
14	R	18479
14	J	18482
13	R	18482
13	J	18485
12	R	18485
12	J	18488
15	R	18488
15	J	18491
14	R	18491
14	J	18494
13	R	18494
13	J	18497
12	R	18497
12	J	18500
15	R	18500
15	J	18503
14	R	18503
14	J	18506
13	R	18506
13	J	18509
12	R	18509
12	J	18512
15	R	18512
15	J	18515
14	R	18515
14	J	18518
13	R	18518
13	J	18521
12	R	18521
12	J	18524
15	R	18524
15	J	18527
14	R	18527
14	J	18530
13	R	18530
13	J	18533
12	R	18533
12	J	18536
15	R	18536
15	J	18539
14	R	18539
14	J	18542
13	R	18542
13	J	18545
12	R	18545
12	J	18548
15	R	18548
15	J	18551
14	R	18551
14	J	18554
13	R	18554
13	J	18557
12	R	18557
12	J	18560
15	R	18560
15	J	18563
14	R	18563
14	J	18566
13	R	18566
13	J	18569
12	R	18569
12	J	18572
15	R	18572
15	J	18575
14	R	18575
14	J	18578
13	R	18578
13	J	18581
12	R	18581
12	J	18584
15	R	18584
15	J	18587
14	R	18587
14	J	18590
13	R	18590
13	J	18593
12	R	18593
12	J	18596
15	R	18596
15	J	18599
14	R	18599
14	J	18602
13	R	18602
13	J	18605
12	R	18605
12	J	18608
15	R	18608
15	J	18611
14	R	18611
14	J	18614
13	R	18614
13	J	18617
12	R	18617
12	J	18620
15	R	18620
15	J	18623
14	R	18623
14	J	18626
13	R	18626
13	J	18629
12	R	18629
12	J	18632
15	R	18632
15	J	18635
14	R	18635
14	J	18638
13	R	18638
13	J	18641
12	R	18641
12	J	18644
15	R	18644
15	J	18647
14	R	18647
14	J	18650
13	R	18650
13	J	18653
12	R	18653
12	J	18656
15	R	18656
15	J	18659
14	R	18659
14	J	18662
13	R	18662
13	J	18665
12	R	18665
12	J	18668
15	R	18668
15	J	18671
14	R	18671
14	J	18674
13	R	18674
13	J	18677
12	R	18677
12	E	18677
6	J	18677
6	R	18677
6	W	18678
15	R	18678
15	J	18681
14	R	18681
14	J	18684
13	R	18684
13	J	18687
15	R	18687
15	J	18690
14	R	18690
14	J	18693
13	R	18693
13	J	18696
15	R	18696
15	J	18699
14	R	18699
14	J	18702
13	R	18702
13	J	18705
15	R	18705
15	J	18708
14	R	18708
14	J	18711
13	R	18711
13	J	18714
15	R	18714
15	J	18717
14	R	18717
14	J	18720
13	R	18720
13	J	18723
15	R	18723
15	J	18726
14	R	18726
14	J	18729
13	R	18729
13	J	18732
15	R	18732
15	J	18735
14	R	18735
14	J	18738
13	R	18738
13	J	18741
15	R	18741
15	J	18744
14	R	18744
14	J	18747
13	R	18747
13	J	18750
15	R	18750
15	J	18753
14	R	18753
14	J	18756
13	R	18756
13	J	18759
15	R	18759
15	J	18762
14	R	18762
14	J	18765
13	R	18765
13	J	18768
15	R	18768
15	J	18771
14	R	18771
14	J	18774
13	R	18774
13	J	18777
15	R	18777
15	J	18780
14	R	18780
14	J	18783
13	R	18783
13	J	18786
15	R	18786
15	J	18789
14	R	18789
14	J	18792
13	R	18792
13	J	18795
15	R	18795
15	J	18798
14	R	18798
14	J	18801
13	R	18801
13	J	18804
15	R	18804
15	J	18807
14	R	18807
14	J	18810
13	R	18810
13	J	18813
15	R	18813
15	J	18816
14	R	18816
14	J	18819
13	R	18819
13	J	18822
15	R	18822
15	J	18825
14	R	18825
14	J	18828
13	R	18828
13	J	18831
15	R	18831
15	J	18834
14	R	18834
14	J	18837
13	R	18837
13	J	18840
15	R	18840
15	J	18843
14	R	18843
14	J	18846
13	R	18846
13	J	18849
15	R	18849
15	J	18852
14	R	18852
14	J	18855
13	R	18855
13	J	18858
15	R	18858
15	J	18861
14	R	18861
14	J	18864
13	R	18864
13	J	18867
15	R	18867
15	J	18870
14	R	18870
14	J	18873
13	R	18873
13	J	18876
15	R	18876
15	J	18879
14	R	18879
14	J	18882
13	R	18882
13	J	18885
15	R	18885
15	J	18888
14	R	18888
14	J	18891
13	R	18891
13	J	18894
15	R	18894
15	J	18897
14	R	18897
14	J	18900
13	R	18900
13	J	18903
15	R	18903
15	J	18906
14	R	18906
14	J	18909
13	R	18909
13	J	18912
15	R	18912
15	J	18915
14	R	18915
14	J	18918
13	R	18918
13	J	18921
15	R	18921
15	J	18924
14	R	18924
14	J	18927
13	R	18927
13	J	18930
15	R	18930
15	J	18933
14	R	18933
14	J	18936
13	R	18936
13	J	18939
15	R	18939
15	J	18942
14	R	18942
14	J	18945
13	R	18945
13	J	18948
15	R	18948
15	J	18951
14	R	18951
14	J	18954
13	R	18954
13	J	18957
15	R	18957
15	J	18960
14	R	18960
14	J	18963
13	R	18963
13	J	18966
15	R	18966
15	J	18969
14	R	18969
14	J	18972
13	R	18972
13	J	18975
15	R	18975
15	J	18978
14	R	18978
14	J	18981
13	R	18981
13	J	18984
15	R	18984
15	J	18987
14	R	18987
14	J	18990
13	R	18990
13	J	18993
15	R	18993
15	J	18996
14	R	18996
14	J	18999
13	R	18999
13	J	19002
15	R	19002
15	J	19005
14	R	19005
14	J	19008
13	R	19008
13	J	19011
15	R	19011
15	J	19014
14	R	19014
14	J	19017
13	R	19017
13	J	19020
15	R	19020
15	J	19023
14	R	19023
14	J	19026
13	R	19026
13	J	19029
15	R	19029
15	J	19032
14	R	19032
14	J	19035
13	R	19035
13	J	19038
15	R	19038
15	J	19041
14	R	19041
14	J	19044
13	R	19044
13	J	19047
15	R	19047
15	J	19050
14	R	19050
14	J	19053
13	R	19053
13	J	19056
15	R	19056
15	J	19059
14	R	19059
14	J	19062
13	R	19062
13	J	19065
15	R	19065
15	J	19068
14	R	19068
14	J	19071
13	R	19071
13	J	19074
15	R	19074
15	J	19077
14	R	19077
14	J	19080
13	R	19080
13	J	19083
15	R	19083
15	J	19086
14	R	19086
14	J	19089
13	R	19089
13	J	19092
15	R	19092
15	J	19095
14	R	19095
14	J	19098
13	R	19098
13	J	19101
15	R	19101
15	J	19104
14	R	19104
14	J	19107
13	R	19107
13	J	19110
15	R	19110
15	J	19113
14	R	19113
14	J	19116
13	R	19116
13	J	19119
15	R	19119
15	J	19122
14	R	19122
14	J	19125
13	R	19125
13	J	19128
15	R	19128
15	J	19131
14	R	19131
14	J	19134
13	R	19134
13	J	19137
15	R	19137
15	J	19140
14	R	19140
14	J	19143
13	R	19143
13	J	19146
15	R	19146
15	J	19149
14	R	19149
14	J	19152
13	R	19152
13	J	19155
15	R	19155
15	J	19158
14	R	19158
14	J	19161
13	R	19161
13	J	19164
15	R	19164
15	J	19167
14	R	19167
14	J	19170
13	R	19170
13	J	19173
15	R	19173
15	J	19176
14	R	19176
14	J	19179
13	R	19179
13	J	19182
15	R	19182
15	J	19185
14	R	19185
14	J	19188
13	R	19188
13	J	19191
15	R	19191
15	J	19194
14	R	19194
14	J	19197
13	R	19197
13	J	19200
15	R	19200
15	J	19203
14	R	19203
14	J	19206
13	R	19206
13	J	19209
15	R	19209
15	J	19212
14	R	19212
14	J	19215
13	R	19215
13	J	19218
15	R	19218
15	J	19221
14	R	19221
14	J	19224
13	R	19224
13	J	19227
15	R	19227
15	J	19230
14	R	19230
14	J	19233
13	R	19233
13	J	19236
15	R	19236
15	J	19239
14	R	19239
14	J	19242
13	R	19242
13	J	19245
15	R	19245
15	J	19248
14	R	19248
14	J	19251
13	R	19251
13	J	19254
15	R	19254
15	J	19257
14	R	19257
14	J	19260
13	R	19260
13	J	19263
15	R	19263
15	J	19266
14	R	19266
14	J	19269
13	R	19269
13	J	19272
15	R	19272
15	J	19275
14	R	19275
14	J	19278
13	R	19278
13	J	19281
15	R	19281
15	J	19284
14	R	19284
14	J	19287
13	R	19287
13	E	19288
6	J	19288
6	R	19288
6	W	19288
15	R	19289
15	J	19292
14	R	19292
14	J	19295
15	R	19295
15	J	19298
14	R	19298
14	J	19301
15	R	19301
15	J	19304
14	R	19304
14	J	19307
15	R	19307
15	J	19310
14	R	19310
14	J	19313
15	R	19313
15	J	19316
14	R	19316
14	J	19319
15	R	19319
15	J	19322
14	R	19322
14	J	19325
15	R	19325
15	J	19328
14	R	19328
14	J	19331
15	R	19331
15	J	19334
14	R	19334
14	J	19337
15	R	19337
15	J	19340
14	R	19340
14	J	19343
15	R	19343
15	J	19346
14	R	19346
14	J	19349
15	R	19349
15	J	19352
14	R	19352
14	J	19355
15	R	19355
15	J	19358
14	R	19358
14	J	19361
15	R	19361
15	J	19364
14	R	19364
14	J	19367
15	R	19367
15	J	19370
14	R	19370
14	J	19373
15	R	19373
15	J	19376
14	R	19376
14	J	19379
15	R	19379
15	J	19382
14	R	19382
14	J	19385
15	R	19385
15	J	19388
14	R	19388
14	J	19391
15	R	19391
15	J	19394
14	R	19394
14	J	19397
15	R	19397
15	J	19400
14	R	19400
14	J	19403
15	R	19403
15	J	19406
14	R	19406
14	J	19409
15	R	19409
15	J	19412
14	R	19412
14	J	19415
15	R	19415
15	J	19418
14	R	19418
14	J	19421
15	R	19421
15	J	19424
14	R	19424
14	J	19427
15	R	19427
15	J	19430
14	R	19430
14	J	19433
15	R	19433
15	J	19436
14	R	19436
14	J	19439
15	R	19439
15	J	19442
14	R	19442
14	J	19445
15	R	19445
15	J	19448
14	R	19448
14	J	19451
15	R	19451
15	J	19454
14	R	19454
14	J	19457
15	R	19457
15	J	19460
14	R	19460
14	J	19463
15	R	19463
15	J	19466
14	R	19466
14	J	19469
15	R	19469
15	J	19472
14	R	19472
14	J	19475
15	R	19475
15	J	19478
14	R	19478
14	J	19481
15	R	19481
15	J	19484
14	R	19484
14	J	19487
15	R	19487
15	J	19490
14	R	19490
14	J	19493
15	R	19493
15	J	19496
14	R	19496
14	J	19499
15	R	19499
15	J	19502
14	R	19502
14	J	19505
15	R	19505
15	J	19508
14	R	19508
14	J	19511
15	R	19511
15	J	19514
14	R	19514
14	J	19517
15	R	19517
15	J	19520
14	R	19520
14	J	19523
15	R	19523
15	J	19526
14	R	19526
14	J	19529
15	R	19529
15	J	19532
14	R	19532
14	J	19535
15	R	19535
15	J	19538
14	R	19538
14	J	19541
15	R	19541
15	J	19544
14	R	19544
14	J	19547
15	R	19547
15	J	19550
14	R	19550
14	J	19553
15	R	19553
15	J	19556
14	R	19556
14	J	19559
15	R	19559
15	J	19562
14	R	19562
14	J	19565
15	R	19565
15	J	19568
14	R	19568
14	J	19571
15	R	19571
15	J	19574
14	R	19574
14	J	19577
15	R	19577
15	J	19580
14	R	19580
14	J	19583
15	R	19583
15	J	19586
14	R	19586
14	J	19589
15	R	19589
15	J	19592
14	R	19592
14	J	19595
15	R	19595
15	J	19598
14	R	19598
14	J	19601
15	R	19601
15	J	19604
14	R	19604
14	J	19607
15	R	19607
15	J	19610
14	R	19610
14	J	19613
15	R	19613
15	J	19616
14	R	19616
14	J	19619
15	R	19619
15	J	19622
14	R	19622
14	J	19625
15	R	19625
15	J	19628
14	R	19628
14	J	19631
15	R	19631
15	J	19634
14	R	19634
14	J	19637
15	R	19637
15	J	19640
14	R	19640
14	J	19643
15	R	19643
15	J	19646
14	R	19646
14	J	19649
15	R	19649
15	J	19652
14	R	19652
14	J	19655
15	R	19655
15	J	19658
14	R	19658
14	J	19661
15	R	19661
15	J	19664
14	R	19664
14	J	19667
15	R	19667
15	J	19670
14	R	19670
14	J	19673
15	R	19673
15	J	19676
14	R	19676
14	J	19679
15	R	19679
15	J	19682
14	R	19682
14	J	19685
15	R	19685
15	J	19688
14	R	19688
14	E	19690
6	J	19690
6	R	19690
6	W	19691
15	R	19691
15	E	19889
6	J	19889
6	R	19889
6	E	19890
4	J	19890
4	R	19890
17	N	19891
17	J	19892
4	W	19892
17	R	19892
4	J	19894
17	J	19895
4	R	19895
4	W	19895
17	R	19895
4	J	19895
17	E	19896
4	R	19896
4	W	19896
0	R	19896
3	J	21078
3	R	21078
3	W	21081
0	R	21081
4	J	21989
4	R	21989
4	W	21989
0	R	21989
4	J	22126
4	R	22126
4	W	22126
0	R	22126
4	J	22202
4	R	22202
4	W	22202
0	R	22202
4	J	22292
4	R	22292
4	W	22292
0	R	22293
4	J	22611
4	R	22611
4	W	22611
0	R	22611
4	J	22737
4	R	22737
4	W	22737
0	R	22737
4	J	22797
4	R	22797
4	W	22797
0	R	22797
4	J	22929
4	R	22929
4	W	22929
0	R	22929
4	J	23755
4	R	23755
18	N	23757
18	J	23758
4	W	23758
18	R	23758
18	E	23764
4	J	23764
4	R	23764
19	N	23764
19	J	23765
4	W	23765
19	R	23766
4	J	23768
19	E	23769
4	R	23769
4	W	23770
0	R	23770
4	J	23855
4	R	23855
4	W	23855
0	R	23855
3	J	24079
3	R	24079
3	W	24081
0	R	24081
3	J	27080
3	R	27080
