1	N	46
1	J	46
0	J	46
1	R	46
2	N	46
2	J	47
1	W	47
2	R	47
3	N	65
3	J	66
2	J	66
3	R	66
3	J	71
2	R	71
2	J	73
3	R	73
3	W	73
2	R	73
2	E	77
1	J	77
1	R	77
4	N	77
4	J	78
1	W	78
4	R	78
5	N	115
5	J	116
4	W	116
5	R	116
4	J	119
5	E	119
4	R	119
4	W	126
0	R	126
3	J	3069
3	R	3069
3	W	3072
0	R	3072
4	J	3127
4	R	3127
4	W	3128
0	R	3128
4	J	3316
4	R	3316
4	W	3316
0	R	3316
4	J	3458
4	R	3458
4	W	3458
0	R	3458
4	J	3669
4	R	3669
4	W	3669
0	R	3669
4	J	5188
4	R	5188
4	W	5188
0	R	5188
4	J	5442
4	R	5442
4	W	5442
0	R	5443
4	J	5515
4	R	5515
4	W	5515
0	R	5515
4	J	5568
4	R	5568
4	W	5568
0	R	5568
4	J	5704
4	R	5705
4	W	5705
0	R	5705
4	J	5762
4	R	5762
4	W	5762
0	R	5762
4	J	6069
4	R	6069
4	W	6070
3	J	6070
3	R	6070
3	W	6072
0	R	6072
4	J	6269
4	R	6269
4	W	6269
0	R	6269
4	J	6423
4	R	6423
4	W	6423
0	R	6423
4	J	6618
4	R	6618
4	W	6619
0	R	6619
4	J	6909
4	R	6909
4	W	6909
0	R	6909
4	J	7009
4	R	7009
4	W	7009
0	R	7009
4	J	7130
4	R	7131
4	W	7131
0	R	7131
4	J	7240
4	R	7240
4	W	7240
0	R	7240
4	J	7507
4	R	7507
6	N	7508
6	J	7509
4	J	7509
6	R	7509
7	N	7511
7	J	7512
8	N	7513
8	J	7513
6	J	7513
8	R	7514
8	J	7516
7	R	7516
7	W	7516
4	R	7516
4	W	7516
8	R	7516
8	J	7518
6	R	7518
9	N	7518
9	J	7519
10	N	7519
10	J	7520
6	J	7520
10	R	7520
10	J	7522
9	R	7522
9	J	7524
10	R	7524
10	J	7526
9	R	7526
9	J	7528
8	R	7528
8	J	7530
6	R	7530
11	N	7530
11	J	7531
12	N	7531
12	J	7532
6	J	7532
12	R	7532
12	J	7534
11	R	7534
11	J	7536
12	R	7536
12	J	7538
11	R	7538
11	J	7540
10	R	7540
10	J	7542
9	R	7542
9	J	7544
8	R	7544
8	J	7546
6	R	7546
13	N	7546
13	J	7547
14	N	7547
14	J	7548
6	J	7548
14	R	7548
14	J	7550
13	R	7550
13	J	7552
14	R	7552
14	J	7554
13	R	7554
13	J	7556
12	R	7556
12	J	7558
11	R	7558
11	J	7560
10	R	7560
10	J	7562
9	R	7562
9	J	7564
8	R	7564
8	J	7566
6	R	7566
15	N	7566
15	J	7567
16	N	7567
16	J	7568
6	J	7568
16	R	7568
16	J	7570
15	R	7570
15	J	7572
16	R	7572
16	J	7574
15	R	7574
15	J	7576
14	R	7576
14	J	7578
13	R	7578
13	J	7580
12	R	7580
12	J	7582
11	R	7582
11	J	7584
10	R	7584
10	J	7586
9	R	7586
9	J	7588
8	R	7588
8	J	7590
6	R	7590
6	W	7590
16	R	7590
16	J	7592
15	R	7592
15	J	7594
14	R	7594
14	J	7596
13	R	7596
13	J	7598
12	R	7598
12	J	7600
11	R	7600
11	J	7602
10	R	7602
10	J	7604
9	R	7604
9	J	7606
8	R	7606
8	J	7608
16	R	7608
16	J	7610
15	R	7610
15	J	7612
14	R	7612
14	J	7614
13	R	7614
13	J	7616
12	R	7616
7	J	7618
12	J	7618
7	R	7618
7	W	7618
11	R	7618
11	J	7620
10	R	7620
10	J	7622
9	R	7622
9	J	7624
8	R	7624
8	J	7626
16	R	7626
16	J	7628
15	R	7628
15	J	7630
14	R	7630
14	J	7632
13	R	7632
13	J	7634
12	R	7634
12	J	7636
11	R	7636
11	J	7638
10	R	7638
10	J	7640
9	R	7640
9	J	7642
8	R	7642
8	J	7644
16	R	7644
16	J	7646
15	R	7646
15	J	7648
14	R	7648
14	J	7650
13	R	7650
13	J	7652
12	R	7652
12	J	7654
11	R	7654
11	J	7656
10	R	7656
10	J	7658
9	R	7658
9	J	7660
8	R	7660
8	J	7662
16	R	7662
16	J	7664
15	R	7664
15	J	7666
14	R	7666
14	J	7668
13	R	7668
13	J	7670
12	R	7670
12	J	7672
11	R	7672
11	J	7674
10	R	7674
10	J	7676
9	R	7676
9	J	7678
8	R	7678
8	J	7680
16	R	7680
16	J	7682
15	R	7682
15	J	7684
14	R	7684
14	J	7686
13	R	7686
13	J	7688
12	R	7688
12	J	7690
11	R	7690
11	J	7692
10	R	7692
10	J	7694
9	R	7694
9	J	7696
8	R	7696
8	J	7698
16	R	7698
16	J	7700
15	R	7700
15	J	7702
14	R	7702
14	J	7704
13	R	7704
13	J	7706
12	R	7706
12	J	7708
11	R	7708
11	J	7710
10	R	7710
10	J	7712
9	R	7712
9	J	7714
8	R	7714
8	J	7716
16	R	7716
16	J	7718
15	R	7718
7	J	7720
15	J	7720
7	R	7720
7	W	7720
14	R	7720
14	J	7722
13	R	7722
13	J	7724
12	R	7724
12	J	7726
11	R	7726
11	J	7728
10	R	7728
10	J	7730
9	R	7730
9	J	7732
8	R	7732
8	J	7734
16	R	7734
16	J	7736
15	R	7736
15	J	7738
14	R	7738
14	J	7740
13	R	7740
13	J	7742
12	R	7742
12	J	7744
11	R	7744
11	J	7746
10	R	7746
10	J	7748
9	R	7748
9	J	7750
8	R	7750
8	J	7752
16	R	7752
16	J	7754
15	R	7754
15	J	7756
14	R	7756
14	J	7758
13	R	7758
13	J	7760
12	R	7760
12	J	7762
11	R	7762
11	J	7764
10	R	7764
10	J	7766
9	R	7766
9	J	7768
8	R	7768
8	J	7770
16	R	7770
16	J	7772
15	R	7772
15	J	7774
14	R	7774
14	J	7776
13	R	7776
13	J	7778
12	R	7778
12	J	7780
11	R	7780
11	J	7782
10	R	7782
10	J	7784
9	R	7784
9	J	7786
8	R	7786
8	J	7788
16	R	7788
16	J	7790
15	R	7790
15	J	7792
14	R	7792
14	J	7794
13	R	7794
13	J	7796
12	R	7796
12	J	7798
11	R	7798
11	J	7800
10	R	7800
10	J	7802
9	R	7802
9	J	7804
8	R	7804
8	J	7806
16	R	7806
16	J	7808
15	R	7808
15	J	7810
14	R	7810
14	J	7812
13	R	7812
13	J	7814
12	R	7814
12	J	7816
11	R	7816
11	J	7818
10	R	7818
10	J	7820
9	R	7820
7	J	7822
9	J	7822
7	R	7822
7	W	7822
8	R	7822
8	J	7824
16	R	7824
16	J	7826
15	R	7826
15	J	7828
14	R	7828
14	J	7830
13	R	7830
13	J	7832
12	R	7832
12	J	7834
11	R	7834
11	J	7836
10	R	7836
10	J	7838
9	R	7838
9	J	7840
8	R	7840
8	J	7842
16	R	7842
16	J	7844
15	R	7844
15	J	7846
14	R	7846
14	J	7848
13	R	7848
13	J	7850
12	R	7850
12	J	7852
11	R	7852
11	J	7854
10	R	7854
10	J	7856
9	R	7856
9	J	7858
8	R	7858
8	J	7860
16	R	7860
16	J	7862
15	R	7862
15	J	7864
14	R	7864
14	J	7866
13	R	7866
13	J	7868
12	R	7868
12	J	7870
11	R	7870
11	J	7872
10	R	7872
10	J	7874
9	R	7874
9	J	7876
8	R	7876
8	J	7878
16	R	7878
16	J	7880
15	R	7880
15	J	7882
14	R	7882
14	J	7884
13	R	7884
13	J	7886
12	R	7886
12	J	7888
11	R	7888
11	J	7890
10	R	7890
10	J	7892
9	R	7892
9	J	7894
8	R	7894
8	J	7896
16	R	7896
16	J	7898
15	R	7898
15	J	7900
14	R	7900
14	J	7902
13	R	7902
13	J	7904
12	R	7904
12	J	7906
11	R	7906
11	J	7908
10	R	7908
10	J	7910
9	R	7910
9	J	7912
8	R	7912
8	J	7914
16	R	7914
16	J	7916
15	R	7916
15	J	7918
14	R	7918
14	J	7920
13	R	7920
13	J	7922
12	R	7922
7	J	7924
12	J	7924
7	R	7924
7	W	7924
11	R	7924
11	J	7926
10	R	7926
10	J	7928
9	R	7928
9	J	7930
8	R	7930
8	J	7932
16	R	7932
16	J	7934
15	R	7934
15	J	7936
14	R	7936
14	J	7938
13	R	7938
13	J	7940
12	R	7940
12	J	7942
11	R	7942
11	J	7944
10	R	7944
10	J	7946
9	R	7946
9	J	7948
8	R	7948
8	J	7950
16	R	7950
16	J	7952
15	R	7952
15	J	7954
14	R	7954
14	J	7956
13	R	7956
13	J	7958
12	R	7958
12	J	7960
11	R	7960
11	J	7962
10	R	7962
10	J	7964
9	R	7964
9	J	7966
8	R	7966
8	J	7968
16	R	7968
16	J	7970
15	R	7970
15	J	7972
14	R	7972
14	J	7974
13	R	7974
13	J	7976
12	R	7976
12	J	7978
11	R	7978
11	J	7980
10	R	7980
10	J	7982
9	R	7982
9	J	7984
8	R	7984
8	J	7986
16	R	7986
16	J	7988
15	R	7988
15	J	7990
14	R	7990
14	J	7992
13	R	7992
13	J	7994
12	R	7994
12	J	7996
11	R	7996
11	J	7998
10	R	7998
10	J	8000
9	R	8000
9	J	8002
8	R	8002
8	J	8004
16	R	8004
16	J	8006
15	R	8006
15	J	8008
14	R	8008
14	J	8010
13	R	8010
13	J	8012
12	R	8012
12	J	8014
11	R	8014
11	J	8016
10	R	8016
10	J	8018
9	R	8018
9	J	8020
8	R	8020
8	J	8022
16	R	8022
16	J	8024
15	R	8024
7	J	8026
15	J	8026
7	R	8026
7	W	8026
14	R	8026
14	J	8028
13	R	8028
13	J	8030
12	R	8030
12	J	8032
11	R	8032
11	J	8034
10	R	8034
10	J	8036
9	R	8036
9	J	8038
8	R	8038
8	J	8040
16	R	8040
16	J	8042
15	R	8042
15	J	8044
14	R	8044
14	J	8046
13	R	8046
13	J	8048
12	R	8048
12	J	8050
11	R	8050
11	J	8052
10	R	8052
10	J	8054
9	R	8054
9	J	8056
8	R	8056
8	J	8058
16	R	8058
16	J	8060
15	R	8060
15	J	8062
14	R	8062
14	J	8064
13	R	8064
13	J	8066
12	R	8066
12	J	8068
11	R	8068
11	J	8070
10	R	8070
10	J	8072
9	R	8072
9	J	8074
8	R	8074
8	J	8076
16	R	8076
16	J	8078
15	R	8078
15	J	8080
14	R	8080
14	J	8082
13	R	8082
13	J	8084
12	R	8084
12	J	8086
11	R	8086
11	J	8088
10	R	8088
10	J	8090
9	R	8090
9	J	8092
8	R	8092
8	J	8094
16	R	8094
16	J	8096
15	R	8096
15	J	8098
14	R	8098
14	J	8100
13	R	8100
13	J	8102
12	R	8102
12	J	8104
11	R	8104
11	J	8106
10	R	8106
10	J	8108
9	R	8108
9	J	8110
8	R	8110
8	J	8112
16	R	8112
16	J	8114
15	R	8114
15	J	8116
14	R	8116
14	J	8118
13	R	8118
13	J	8120
12	R	8120
12	J	8122
11	R	8122
11	J	8124
10	R	8124
10	J	8126
9	R	8126
7	J	8128
9	J	8128
7	R	8128
7	W	8128
8	R	8128
8	J	8130
16	R	8130
16	J	8132
15	R	8132
15	J	8134
14	R	8134
14	J	8136
13	R	8136
13	J	8138
12	R	8138
12	J	8140
11	R	8140
11	J	8142
10	R	8142
10	J	8144
9	R	8144
9	J	8146
8	R	8146
8	J	8148
16	R	8148
16	J	8150
15	R	8150
15	J	8152
14	R	8152
14	J	8154
13	R	8154
13	J	8156
12	R	8156
12	J	8158
11	R	8158
11	J	8160
10	R	8160
10	J	8162
9	R	8162
9	J	8164
8	R	8164
8	J	8166
16	R	8166
16	J	8168
15	R	8168
15	J	8170
14	R	8170
14	J	8172
13	R	8172
13	J	8174
12	R	8174
12	J	8176
11	R	8176
11	J	8178
10	R	8178
10	J	8180
9	R	8180
9	J	8182
8	R	8182
8	J	8184
16	R	8184
16	J	8186
15	R	8186
15	J	8188
14	R	8188
14	J	8190
13	R	8190
13	J	8192
12	R	8192
12	J	8194
11	R	8194
11	J	8196
10	R	8196
10	J	8198
9	R	8198
9	J	8200
8	R	8200
8	J	8202
16	R	8202
16	J	8204
15	R	8204
15	J	8206
14	R	8206
14	J	8208
13	R	8208
13	J	8210
12	R	8210
12	J	8212
11	R	8212
11	J	8214
10	R	8214
10	J	8216
9	R	8216
9	J	8218
8	R	8218
8	J	8220
16	R	8220
16	J	8222
15	R	8222
15	J	8224
14	R	8224
14	J	8226
13	R	8226
13	J	8228
12	R	8228
7	J	8230
12	J	8230
7	R	8230
7	W	8230
11	R	8230
11	J	8232
10	R	8232
10	J	8234
9	R	8234
9	J	8236
8	R	8236
8	J	8238
16	R	8238
16	J	8240
15	R	8240
15	J	8242
14	R	8242
14	J	8244
13	R	8244
13	J	8246
12	R	8246
12	J	8248
11	R	8248
11	J	8250
10	R	8250
10	J	8252
9	R	8252
9	J	8254
8	R	8254
8	J	8256
16	R	8256
16	J	8258
15	R	8258
15	J	8260
14	R	8260
14	J	8262
13	R	8262
13	J	8264
12	R	8264
12	J	8266
11	R	8266
11	J	8268
10	R	8268
10	J	8270
9	R	8270
9	J	8272
8	R	8272
8	J	8274
16	R	8274
16	J	8276
15	R	8276
15	J	8278
14	R	8278
14	J	8280
13	R	8280
13	J	8282
12	R	8282
12	J	8284
11	R	8284
11	J	8286
10	R	8286
10	J	8288
9	R	8288
9	J	8290
8	R	8290
8	J	8292
16	R	8292
16	J	8294
15	R	8294
15	J	8296
14	R	8296
14	J	8298
13	R	8298
13	J	8300
12	R	8300
12	J	8302
11	R	8302
11	J	8304
10	R	8304
10	J	8306
9	R	8306
9	J	8308
8	R	8308
8	J	8310
16	R	8310
16	J	8312
15	R	8312
15	J	8314
14	R	8314
14	J	8316
13	R	8316
13	J	8318
12	R	8318
12	J	8320
11	R	8320
11	J	8322
10	R	8322
10	J	8324
9	R	8324
9	J	8326
8	R	8326
8	J	8328
16	R	8328
16	J	8330
15	R	8330
7	J	8332
15	J	8332
7	R	8332
7	W	8332
14	R	8332
14	J	8334
13	R	8334
13	J	8336
12	R	8336
12	J	8338
11	R	8338
11	J	8340
10	R	8340
10	J	8342
9	R	8342
9	J	8344
8	R	8344
8	J	8346
16	R	8346
16	J	8348
15	R	8348
15	J	8350
14	R	8350
14	J	8352
13	R	8352
13	J	8354
12	R	8354
12	J	8356
11	R	8356
11	J	8358
10	R	8358
10	J	8360
9	R	8360
9	J	8362
8	R	8362
8	J	8364
16	R	8364
16	J	8366
15	R	8366
15	J	8368
14	R	8368
14	J	8370
13	R	8370
13	J	8372
12	R	8372
12	J	8374
11	R	8374
11	J	8376
10	R	8376
10	J	8378
9	R	8378
9	J	8380
8	R	8380
8	J	8382
16	R	8382
16	J	8384
15	R	8384
15	J	8386
14	R	8386
14	J	8388
13	R	8388
13	J	8390
12	R	8390
12	J	8392
11	R	8392
11	J	8394
10	R	8394
10	J	8396
9	R	8396
9	J	8398
8	R	8398
8	W	8399
16	R	8399
16	J	8401
15	R	8401
15	J	8403
14	R	8403
14	J	8405
13	R	8405
13	J	8407
12	R	8407
12	J	8409
11	R	8409
11	J	8411
10	R	8411
10	J	8413
9	R	8413
9	J	8415
16	R	8415
16	J	8417
15	R	8417
15	J	8419
14	R	8419
14	J	8421
13	R	8421
13	J	8423
12	R	8423
12	J	8425
11	R	8425
11	J	8427
10	R	8427
10	J	8429
9	R	8429
9	J	8431
16	R	8431
7	J	8433
16	J	8433
7	R	8433
7	W	8433
15	R	8433
15	J	8435
14	R	8435
14	J	8437
13	R	8437
13	J	8439
12	R	8439
12	J	8441
11	R	8441
11	J	8443
10	R	8443
10	J	8445
9	R	8445
9	J	8447
16	R	8447
16	J	8449
15	R	8449
15	J	8451
14	R	8451
14	J	8453
13	R	8453
13	J	8455
12	R	8455
12	J	8457
11	R	8457
11	J	8459
10	R	8459
10	J	8461
9	R	8461
9	J	8463
16	R	8463
16	J	8465
15	R	8465
15	J	8467
14	R	8467
14	J	8469
13	R	8469
13	J	8471
12	R	8471
12	J	8473
11	R	8473
11	J	8475
10	R	8475
10	J	8477
9	R	8477
9	J	8479
16	R	8479
16	J	8481
15	R	8481
15	J	8483
14	R	8483
14	J	8485
13	R	8485
13	J	8487
12	R	8487
12	J	8489
11	R	8489
11	J	8491
10	R	8491
10	J	8493
9	R	8493
9	J	8495
16	R	8495
16	J	8497
15	R	8497
15	J	8499
14	R	8499
8	J	8501
14	J	8501
8	R	8501
8	J	8504
13	R	8504
13	J	8506
12	R	8506
12	J	8508
11	R	8508
11	J	8510
10	R	8510
10	J	8512
9	R	8512
9	J	8514
16	R	8514
16	J	8516
15	R	8516
15	J	8518
14	R	8518
14	J	8520
13	R	8520
13	J	8522
12	R	8522
12	J	8524
11	R	8524
11	J	8526
10	R	8526
10	J	8528
9	R	8528
9	J	8530
8	R	8530
8	J	8532
16	R	8532
7	J	8534
16	J	8534
7	R	8534
7	E	8534
6	J	8534
6	R	8534
6	J	8535
15	R	8535
15	J	8537
14	R	8537
14	J	8539
13	R	8539
13	J	8541
12	R	8541
12	J	8543
11	R	8543
11	J	8545
10	R	8545
10	J	8547
9	R	8547
9	J	8549
8	R	8549
8	J	8551
6	R	8551
6	W	8551
16	R	8551
16	J	8553
15	R	8553
15	J	8555
14	R	8555
14	J	8557
13	R	8557
13	J	8559
12	R	8559
12	J	8561
11	R	8561
11	J	8563
10	R	8563
10	J	8565
9	R	8565
9	J	8567
8	R	8567
8	J	8569
16	R	8569
16	J	8571
15	R	8571
15	J	8573
14	R	8573
14	J	8575
13	R	8575
13	J	8577
12	R	8577
12	J	8579
11	R	8579
11	J	8581
10	R	8581
10	J	8583
9	R	8583
9	J	8585
8	R	8585
8	J	8587
16	R	8587
16	J	8589
15	R	8589
15	J	8591
14	R	8591
14	J	8593
13	R	8593
13	J	8595
12	R	8595
12	J	8597
11	R	8597
11	J	8599
10	R	8599
10	J	8601
9	R	8601
9	J	8603
8	R	8603
8	J	8605
16	R	8605
16	J	8607
15	R	8607
15	J	8609
14	R	8609
14	J	8611
13	R	8611
13	J	8613
12	R	8613
12	J	8615
11	R	8615
11	J	8617
10	R	8617
10	J	8619
9	R	8619
9	J	8621
8	R	8621
8	J	8623
16	R	8623
16	J	8625
15	R	8625
15	J	8627
14	R	8627
14	J	8629
13	R	8629
13	J	8631
12	R	8631
12	J	8633
11	R	8633
11	J	8635
10	R	8635
10	J	8637
9	R	8637
9	J	8639
8	R	8639
8	J	8641
16	R	8641
16	J	8643
15	R	8643
15	J	8645
14	R	8645
14	J	8647
13	R	8647
13	J	8649
12	R	8649
12	J	8651
11	R	8651
11	J	8653
10	R	8653
10	J	8655
9	R	8655
9	J	8657
8	R	8657
8	J	8659
16	R	8659
16	J	8661
15	R	8661
15	J	8663
14	R	8663
14	J	8665
13	R	8665
13	J	8667
12	R	8667
12	J	8669
11	R	8669
11	J	8671
10	R	8671
10	J	8673
9	R	8673
9	J	8675
8	R	8675
8	J	8677
16	R	8677
16	J	8679
15	R	8679
15	J	8681
14	R	8681
14	J	8683
13	R	8683
13	J	8685
12	R	8685
12	J	8687
11	R	8687
11	J	8689
10	R	8689
10	J	8691
9	R	8691
9	J	8693
8	R	8693
8	J	8695
16	R	8695
16	J	8697
15	R	8697
15	J	8699
14	R	8699
14	J	8701
13	R	8701
13	J	8703
12	R	8703
12	J	8705
11	R	8705
11	J	8707
10	R	8707
10	J	8709
9	R	8709
9	J	8711
8	R	8711
8	J	8713
16	R	8713
16	J	8715
15	R	8715
15	J	8717
14	R	8717
14	J	8719
13	R	8719
13	J	8721
12	R	8721
12	J	8723
11	R	8723
11	J	8725
10	R	8725
10	J	8727
9	R	8727
9	J	8729
8	R	8729
8	J	8731
16	R	8731
16	J	8733
15	R	8733
15	J	8735
14	R	8735
14	J	8737
13	R	8737
13	J	8739
12	R	8739
12	J	8741
11	R	8741
11	J	8743
10	R	8743
10	J	8745
9	R	8745
9	J	8747
8	R	8747
8	J	8749
16	R	8749
16	J	8751
15	R	8751
15	J	8753
14	R	8753
14	J	8755
13	R	8755
13	J	8757
12	R	8757
12	J	8759
11	R	8759
11	J	8761
10	R	8761
10	J	8763
9	R	8763
9	J	8765
8	R	8765
8	J	8767
16	R	8767
16	J	8769
15	R	8769
15	J	8771
14	R	8771
14	J	8773
13	R	8773
13	J	8775
12	R	8775
12	J	8777
11	R	8777
11	J	8779
10	R	8779
10	J	8781
9	R	8781
9	J	8783
8	R	8783
8	J	8785
16	R	8785
16	J	8787
15	R	8787
15	J	8789
14	R	8789
14	J	8791
13	R	8791
13	J	8793
12	R	8793
12	J	8795
11	R	8795
11	J	8797
10	R	8797
10	J	8799
9	R	8799
9	J	8801
8	R	8801
8	J	8803
16	R	8803
16	J	8805
15	R	8805
15	J	8807
14	R	8807
14	J	8809
13	R	8809
13	J	8811
12	R	8811
12	J	8813
11	R	8813
11	J	8815
10	R	8815
10	J	8817
9	R	8817
9	J	8819
8	R	8819
8	J	8821
16	R	8821
16	J	8823
15	R	8823
15	J	8825
14	R	8825
14	J	8827
13	R	8827
13	J	8829
12	R	8829
12	J	8831
11	R	8831
11	J	8833
10	R	8833
10	J	8835
9	R	8835
9	J	8837
8	R	8837
8	J	8839
16	R	8839
16	J	8841
15	R	8841
15	J	8843
14	R	8843
14	J	8845
13	R	8845
13	J	8847
12	R	8847
12	J	8849
11	R	8849
11	J	8851
10	R	8851
10	J	8853
9	R	8853
9	J	8855
8	R	8855
8	J	8857
16	R	8857
16	J	8859
15	R	8859
15	J	8861
14	R	8861
14	J	8863
13	R	8863
13	J	8865
12	R	8865
12	J	8867
11	R	8867
11	J	8869
10	R	8869
10	J	8871
9	R	8871
9	J	8873
8	R	8873
8	J	8875
16	R	8875
16	J	8877
15	R	8877
15	J	8879
14	R	8879
14	J	8881
13	R	8881
13	J	8883
12	R	8883
12	J	8885
11	R	8885
11	J	8887
10	R	8887
10	J	8889
9	R	8889
9	J	8891
8	R	8891
8	J	8893
16	R	8893
16	J	8895
15	R	8895
15	J	8897
14	R	8897
14	J	8899
13	R	8899
13	J	8901
12	R	8901
12	J	8903
11	R	8903
11	J	8905
10	R	8905
10	J	8907
9	R	8907
9	J	8909
8	R	8909
8	J	8911
16	R	8911
16	J	8913
15	R	8913
15	J	8915
14	R	8915
14	J	8917
13	R	8917
13	J	8919
12	R	8919
12	J	8921
11	R	8921
11	J	8923
10	R	8923
10	J	8925
9	R	8925
9	J	8927
8	R	8927
8	J	8929
16	R	8929
16	J	8931
15	R	8931
15	J	8933
14	R	8933
14	J	8935
13	R	8935
13	J	8937
12	R	8937
12	J	8939
11	R	8939
11	J	8941
10	R	8941
10	J	8943
9	R	8943
9	J	8945
8	R	8945
8	J	8947
16	R	8947
16	J	8949
15	R	8949
15	J	8951
14	R	8951
14	J	8953
13	R	8953
13	J	8955
12	R	8955
12	J	8957
11	R	8957
11	J	8959
10	R	8959
10	J	8961
9	R	8961
9	J	8963
8	R	8963
8	J	8965
16	R	8965
16	J	8967
15	R	8967
15	J	8969
14	R	8969
14	J	8971
13	R	8971
13	J	8973
12	R	8973
12	J	8975
11	R	8975
11	J	8977
10	R	8977
10	J	8979
9	R	8979
9	J	8981
8	R	8981
8	J	8983
16	R	8983
16	J	8985
15	R	8985
15	J	8987
14	R	8987
14	J	8989
13	R	8989
13	J	8991
12	R	8991
12	J	8993
11	R	8993
11	J	8995
10	R	8995
10	J	8997
9	R	8997
9	J	8999
8	R	8999
8	J	9001
16	R	9001
16	J	9003
15	R	9003
15	J	9005
14	R	9005
14	J	9007
13	R	9007
13	J	9009
12	R	9009
12	J	9011
11	R	9011
11	J	9013
10	R	9013
10	J	9015
9	R	9015
9	J	9017
8	R	9017
8	J	9019
16	R	9019
16	J	9021
15	R	9021
15	J	9023
14	R	9023
14	J	9025
13	R	9025
13	J	9027
12	R	9027
12	J	9029
11	R	9029
11	J	9031
10	R	9031
10	J	9033
9	R	9033
9	J	9035
8	R	9035
8	J	9037
16	R	9037
16	J	9039
15	R	9039
15	J	9041
14	R	9041
14	J	9043
13	R	9043
13	J	9045
12	R	9045
12	J	9047
11	R	9047
11	J	9049
10	R	9049
10	J	9051
9	R	9051
9	J	9053
8	R	9053
8	J	9055
16	R	9055
16	J	9057
15	R	9057
15	J	9059
14	R	9059
14	J	9061
13	R	9061
13	J	9063
12	R	9063
12	J	9065
11	R	9065
11	J	9067
10	R	9067
10	J	9069
9	R	9069
3	J	9071
9	J	9071
3	R	9071
3	J	9074
8	R	9074
8	J	9076
16	R	9076
16	J	9078
15	R	9078
15	J	9080
14	R	9080
14	J	9082
13	R	9082
13	J	9084
12	R	9084
12	J	9086
11	R	9086
11	J	9088
10	R	9088
10	J	9090
9	R	9090
9	J	9092
8	R	9092
8	J	9094
3	R	9094
3	W	9094
16	R	9094
16	J	9096
15	R	9096
15	J	9098
14	R	9098
14	J	9100
13	R	9100
13	J	9102
12	R	9102
12	J	9104
11	R	9104
11	J	9106
10	R	9106
10	J	9108
9	R	9108
9	J	9110
8	R	9110
8	J	9112
16	R	9112
16	J	9114
15	R	9114
15	J	9116
14	R	9116
14	J	9118
13	R	9118
13	J	9120
12	R	9120
12	J	9122
11	R	9122
11	J	9124
10	R	9124
10	J	9126
9	R	9126
9	J	9128
8	R	9128
8	J	9130
16	R	9130
16	J	9132
15	R	9132
15	J	9134
14	R	9134
14	J	9136
13	R	9136
13	J	9138
12	R	9138
12	J	9140
11	R	9140
11	J	9142
10	R	9142
10	J	9144
9	R	9144
9	J	9146
8	R	9146
8	J	9148
16	R	9148
16	J	9150
15	R	9150
15	J	9152
14	R	9152
14	J	9154
13	R	9154
13	J	9156
12	R	9156
12	J	9158
11	R	9158
11	J	9160
10	R	9160
10	J	9162
9	R	9162
9	J	9164
8	R	9164
8	J	9166
16	R	9166
16	J	9168
15	R	9168
15	J	9170
14	R	9170
14	J	9172
13	R	9172
13	J	9174
12	R	9174
12	J	9176
11	R	9176
11	J	9178
10	R	9178
10	J	9180
9	R	9180
9	J	9182
8	R	9182
8	J	9184
16	R	9184
16	J	9186
15	R	9186
15	J	9188
14	R	9188
14	J	9190
13	R	9190
13	J	9192
12	R	9192
12	J	9194
11	R	9194
11	J	9196
10	R	9196
10	J	9198
9	R	9198
9	J	9200
8	R	9200
8	J	9202
16	R	9202
16	J	9204
15	R	9204
15	J	9206
14	R	9206
14	J	9208
13	R	9208
13	J	9210
12	R	9210
12	J	9212
11	R	9212
11	J	9214
10	R	9214
10	J	9216
9	R	9216
9	J	9218
8	R	9218
8	J	9220
16	R	9220
16	J	9222
15	R	9222
15	J	9224
14	R	9224
14	J	9226
13	R	9226
13	J	9228
12	R	9228
12	J	9230
11	R	9230
11	J	9232
10	R	9232
10	J	9234
9	R	9234
9	J	9236
8	R	9236
8	J	9238
16	R	9238
16	J	9240
15	R	9240
15	J	9242
14	R	9242
14	J	9244
13	R	9244
13	J	9246
12	R	9246
12	J	9248
11	R	9248
11	J	9250
10	R	9250
10	J	9252
9	R	9252
9	J	9254
8	R	9254
8	J	9256
16	R	9256
16	J	9258
15	R	9258
15	J	9260
14	R	9260
14	J	9262
13	R	9262
13	J	9264
12	R	9264
12	J	9266
11	R	9266
11	J	9268
10	R	9268
10	J	9270
9	R	9270
9	J	9272
8	R	9272
8	J	9274
16	R	9274
16	J	9276
15	R	9276
15	J	9278
14	R	9278
14	J	9280
13	R	9280
13	J	9282
12	R	9282
12	J	9284
11	R	9284
11	J	9286
10	R	9286
10	J	9288
9	R	9288
9	J	9290
8	R	9290
8	J	9292
16	R	9292
16	J	9294
15	R	9294
15	J	9296
14	R	9296
14	J	9298
13	R	9298
13	J	9300
12	R	9300
12	J	9302
11	R	9302
11	J	9304
10	R	9304
10	J	9306
9	R	9306
9	W	9306
8	R	9306
8	J	9308
16	R	9308
16	J	9310
15	R	9310
15	J	9312
14	R	9312
14	J	9314
13	R	9314
13	J	9316
12	R	9316
12	J	9318
11	R	9318
11	J	9320
10	R	9320
10	J	9322
8	R	9322
8	J	9324
16	R	9324
16	J	9326
15	R	9326
15	J	9328
14	R	9328
14	J	9330
13	R	9330
13	J	9332
12	R	9332
12	J	9334
11	R	9334
11	J	9336
10	R	9336
10	J	9338
8	R	9338
8	J	9340
16	R	9340
16	J	9342
15	R	9342
15	J	9344
14	R	9344
14	J	9346
13	R	9346
13	J	9348
12	R	9348
12	J	9350
11	R	9350
11	J	9352
10	R	9352
10	J	9354
8	R	9354
8	J	9356
16	R	9356
16	J	9358
15	R	9358
15	J	9360
14	R	9360
14	J	9362
13	R	9362
13	J	9364
12	R	9364
12	J	9366
11	R	9366
11	J	9368
10	R	9368
10	J	9370
8	R	9370
8	J	9372
16	R	9372
16	J	9374
15	R	9374
15	J	9376
14	R	9376
14	J	9378
13	R	9378
13	J	9380
12	R	9380
12	J	9382
11	R	9382
11	J	9384
10	R	9384
10	J	9386
8	R	9386
8	W	9387
16	R	9387
16	J	9389
15	R	9389
15	J	9391
14	R	9391
14	J	9393
13	R	9393
13	J	9395
12	R	9395
12	J	9397
11	R	9397
11	J	9399
10	R	9399
10	J	9401
16	R	9401
16	J	9403
15	R	9403
15	J	9405
14	R	9405
9	J	9407
14	J	9407
9	R	9407
9	J	9410
13	R	9410
13	J	9412
12	R	9412
12	J	9414
11	R	9414
11	J	9416
10	R	9416
10	J	9418
16	R	9418
16	J	9420
15	R	9420
15	J	9422
14	R	9422
14	J	9424
13	R	9424
13	J	9426
12	R	9426
12	J	9428
11	R	9428
11	J	9430
10	R	9430
10	J	9432
9	R	9432
9	J	9434
16	R	9434
16	J	9436
15	R	9436
15	J	9438
14	R	9438
14	J	9440
13	R	9440
13	J	9442
12	R	9442
12	J	9444
11	R	9444
11	J	9446
10	R	9446
10	J	9448
9	R	9448
9	J	9450
16	R	9450
16	J	9452
15	R	9452
15	J	9454
14	R	9454
14	J	9456
13	R	9456
13	J	9458
12	R	9458
12	J	9460
11	R	9460
11	J	9462
10	R	9462
10	J	9464
9	R	9464
9	J	9466
16	R	9466
16	J	9468
15	R	9468
15	J	9470
14	R	9470
14	J	9472
13	R	9472
13	J	9474
12	R	9474
12	J	9476
11	R	9476
11	J	9478
10	R	9478
10	J	9480
9	R	9480
9	J	9482
16	R	9482
16	J	9484
15	R	9484
15	J	9486
14	R	9486
8	J	9488
14	J	9488
8	R	9488
8	J	9491
13	R	9491
13	J	9493
12	R	9493
12	J	9495
11	R	9495
11	J	9497
10	R	9497
10	J	9499
9	R	9499
9	J	9501
16	R	9501
16	J	9503
15	R	9503
15	J	9505
14	R	9505
14	J	9507
13	R	9507
13	J	9509
12	R	9509
12	J	9511
11	R	9511
11	J	9513
10	R	9513
10	J	9515
9	R	9515
9	J	9517
8	R	9517
8	J	9519
16	R	9519
16	J	9521
15	R	9521
15	J	9523
14	R	9523
14	J	9525
13	R	9525
13	J	9527
12	R	9527
12	J	9529
11	R	9529
11	J	9531
10	R	9531
10	J	9533
9	R	9533
9	J	9535
8	R	9535
8	J	9537
16	R	9537
16	J	9539
15	R	9539
15	J	9541
14	R	9541
14	J	9543
13	R	9543
13	J	9545
12	R	9545
12	J	9547
11	R	9547
11	J	9549
10	R	9549
10	J	9551
9	R	9551
9	J	9553
8	R	9553
8	J	9555
16	R	9555
16	J	9557
15	R	9557
15	J	9559
14	R	9559
14	J	9561
13	R	9561
13	J	9563
12	R	9563
12	J	9565
11	R	9565
11	J	9567
10	R	9567
10	J	9569
9	R	9569
9	J	9571
8	R	9571
8	J	9573
16	R	9573
16	J	9575
15	R	9575
15	J	9577
14	R	9577
14	J	9579
13	R	9579
13	J	9581
12	R	9581
12	J	9583
11	R	9583
11	J	9585
10	R	9585
10	J	9587
9	R	9587
9	J	9589
8	R	9589
8	J	9591
16	R	9591
16	J	9593
15	R	9593
15	J	9595
14	R	9595
14	J	9597
13	R	9597
13	J	9599
12	R	9599
12	J	9601
11	R	9601
11	J	9603
10	R	9603
10	J	9605
9	R	9605
9	J	9607
8	R	9607
8	J	9609
16	R	9609
16	J	9611
15	R	9611
15	J	9613
14	R	9613
14	J	9615
13	R	9615
13	J	9617
12	R	9617
12	J	9619
11	R	9619
11	J	9621
10	R	9621
10	J	9623
9	R	9623
9	J	9625
8	R	9625
8	J	9627
16	R	9627
16	J	9629
15	R	9629
15	J	9631
14	R	9631
14	J	9633
13	R	9633
13	J	9635
12	R	9635
12	J	9637
11	R	9637
11	J	9639
10	R	9639
10	J	9641
9	R	9641
9	J	9643
8	R	9643
8	J	9645
16	R	9645
16	J	9647
15	R	9647
15	J	9649
14	R	9649
14	J	9651
13	R	9651
13	J	9653
12	R	9653
12	J	9655
11	R	9655
11	J	9657
10	R	9657
10	J	9659
9	R	9659
9	J	9661
8	R	9661
8	J	9663
16	R	9663
16	J	9665
15	R	9665
15	J	9667
14	R	9667
14	J	9669
13	R	9669
13	J	9671
12	R	9671
12	J	9673
11	R	9673
11	J	9675
10	R	9675
10	J	9677
9	R	9677
9	J	9679
8	R	9679
8	J	9681
16	R	9681
16	J	9683
15	R	9683
15	J	9685
14	R	9685
14	J	9687
13	R	9687
13	J	9689
12	R	9689
12	J	9691
11	R	9691
11	J	9693
10	R	9693
10	J	9695
9	R	9695
9	J	9697
8	R	9697
8	J	9699
16	R	9699
16	J	9701
15	R	9701
15	J	9703
14	R	9703
14	J	9705
13	R	9705
13	J	9707
12	R	9707
12	J	9709
11	R	9709
11	J	9711
10	R	9711
10	J	9713
9	R	9713
9	J	9715
8	R	9715
8	J	9717
16	R	9717
16	J	9719
15	R	9719
15	J	9721
14	R	9721
14	J	9723
13	R	9723
13	J	9725
12	R	9725
12	J	9727
11	R	9727
11	J	9729
10	R	9729
10	J	9731
9	R	9731
9	J	9733
8	R	9733
8	J	9735
16	R	9735
16	J	9737
15	R	9737
15	J	9739
14	R	9739
14	J	9741
13	R	9741
13	J	9743
12	R	9743
12	J	9745
11	R	9745
11	J	9747
10	R	9747
10	J	9749
9	R	9749
9	J	9751
8	R	9751
8	J	9753
16	R	9753
16	J	9755
15	R	9755
15	J	9757
14	R	9757
14	J	9759
13	R	9759
13	J	9761
12	R	9761
12	J	9763
11	R	9763
11	J	9765
10	R	9765
10	J	9767
9	R	9767
9	J	9769
8	R	9769
8	J	9771
16	R	9771
16	J	9773
15	R	9773
15	J	9775
14	R	9775
14	J	9777
13	R	9777
13	J	9779
12	R	9779
12	J	9781
11	R	9781
11	J	9783
10	R	9783
10	J	9785
9	R	9785
9	J	9787
8	R	9787
8	J	9789
16	R	9789
16	J	9791
15	R	9791
15	J	9793
14	R	9793
14	J	9795
13	R	9795
13	J	9797
12	R	9797
12	J	9799
11	R	9799
11	J	9801
10	R	9801
10	J	9803
9	R	9803
9	J	9805
8	R	9805
8	J	9807
16	R	9807
16	J	9809
15	R	9809
15	J	9811
14	R	9811
14	J	9813
13	R	9813
13	J	9815
12	R	9815
12	J	9817
11	R	9817
11	J	9819
10	R	9819
10	J	9821
9	R	9821
9	J	9823
8	R	9823
8	J	9825
16	R	9825
16	J	9827
15	R	9827
15	J	9829
14	R	9829
14	J	9831
13	R	9831
13	J	9833
12	R	9833
12	J	9835
11	R	9835
11	J	9837
10	R	9837
10	J	9839
9	R	9839
9	J	9841
8	R	9841
8	J	9843
16	R	9843
16	J	9845
15	R	9845
15	J	9847
14	R	9847
14	J	9849
13	R	9849
13	J	9851
12	R	9851
12	J	9853
11	R	9853
11	J	9855
10	R	9855
10	J	9857
9	R	9857
9	J	9859
8	R	9859
8	J	9861
16	R	9861
16	J	9863
15	R	9863
15	J	9865
14	R	9865
14	J	9867
13	R	9867
13	J	9869
12	R	9869
12	J	9871
11	R	9871
11	J	9873
10	R	9873
10	J	9875
9	R	9875
9	J	9877
8	R	9877
8	J	9879
16	R	9879
16	J	9881
15	R	9881
15	J	9883
14	R	9883
14	J	9885
13	R	9885
13	J	9887
12	R	9887
12	J	9889
11	R	9889
11	J	9891
10	R	9891
10	J	9893
9	R	9893
9	J	9895
8	R	9895
8	J	9897
16	R	9897
16	J	9899
15	R	9899
15	J	9901
14	R	9901
14	J	9903
13	R	9903
13	J	9905
12	R	9905
12	J	9907
11	R	9907
11	J	9909
10	R	9909
10	J	9911
9	R	9911
9	J	9913
8	R	9913
8	J	9915
16	R	9915
16	J	9917
15	R	9917
15	J	9919
14	R	9919
14	J	9921
13	R	9921
13	J	9923
12	R	9923
12	J	9925
11	R	9925
11	J	9927
10	R	9927
10	J	9929
9	R	9929
9	J	9931
8	R	9931
8	J	9933
16	R	9933
16	J	9935
15	R	9935
15	J	9937
14	R	9937
14	J	9939
13	R	9939
13	J	9941
12	R	9941
12	J	9943
11	R	9943
11	J	9945
10	R	9945
10	J	9947
9	R	9947
9	J	9949
8	R	9949
8	J	9951
16	R	9951
16	J	9953
15	R	9953
15	J	9955
14	R	9955
14	J	9957
13	R	9957
13	J	9959
12	R	9959
12	J	9961
11	R	9961
11	J	9963
10	R	9963
10	J	9965
9	R	9965
9	J	9967
8	R	9967
8	J	9969
16	R	9969
16	J	9971
15	R	9971
15	J	9973
14	R	9973
14	J	9975
13	R	9975
13	J	9977
12	R	9977
12	J	9979
11	R	9979
11	J	9981
10	R	9981
10	J	9983
9	R	9983
9	J	9985
8	R	9985
8	J	9987
16	R	9987
16	J	9989
15	R	9989
15	J	9991
14	R	9991
14	J	9993
13	R	9993
13	J	9995
12	R	9995
12	J	9997
11	R	9997
11	J	9999
10	R	9999
10	J	10001
9	R	10001
9	J	10003
8	R	10003
8	J	10005
16	R	10005
16	J	10007
15	R	10007
15	J	10009
14	R	10009
14	J	10011
13	R	10011
13	J	10013
12	R	10013
12	J	10015
11	R	10015
11	J	10017
10	R	10017
10	J	10019
9	R	10019
9	J	10021
8	R	10021
8	J	10023
16	R	10023
16	J	10025
15	R	10025
15	J	10027
14	R	10027
14	J	10029
13	R	10029
13	J	10031
12	R	10031
12	J	10033
11	R	10033
11	J	10035
10	R	10035
10	J	10037
9	R	10037
9	J	10039
8	R	10039
8	J	10041
16	R	10041
16	J	10043
15	R	10043
15	J	10045
14	R	10045
14	J	10047
13	R	10047
13	J	10049
12	R	10049
12	J	10051
11	R	10051
11	J	10053
10	R	10053
10	J	10055
9	R	10055
9	J	10057
8	R	10057
8	J	10059
16	R	10059
16	J	10061
15	R	10061
15	J	10063
14	R	10063
14	J	10065
13	R	10065
13	J	10067
12	R	10067
12	J	10069
11	R	10069
11	J	10071
10	R	10071
10	J	10073
9	R	10073
9	J	10075
8	R	10075
8	J	10077
16	R	10077
16	J	10079
15	R	10079
15	J	10081
14	R	10081
14	J	10083
13	R	10083
13	J	10085
12	R	10085
12	J	10087
11	R	10087
11	J	10089
10	R	10089
10	J	10091
9	R	10091
9	J	10093
8	R	10093
8	J	10095
16	R	10095
16	J	10097
15	R	10097
15	J	10099
14	R	10099
14	J	10101
13	R	10101
13	J	10103
12	R	10103
12	J	10105
11	R	10105
11	J	10107
10	R	10107
10	J	10109
9	R	10109
9	J	10111
8	R	10111
8	J	10113
16	R	10113
16	J	10115
15	R	10115
15	J	10117
14	R	10117
14	J	10119
13	R	10119
13	J	10121
12	R	10121
12	J	10123
11	R	10123
11	J	10125
10	R	10125
10	J	10127
9	R	10127
9	J	10129
8	R	10129
8	J	10131
16	R	10131
16	J	10133
15	R	10133
15	J	10135
14	R	10135
14	J	10137
13	R	10137
13	J	10139
12	R	10139
12	J	10141
11	R	10141
11	J	10143
10	R	10143
10	J	10145
9	R	10145
9	J	10147
8	R	10147
8	J	10149
16	R	10149
16	J	10151
15	R	10151
15	J	10153
14	R	10153
14	J	10155
13	R	10155
13	J	10157
12	R	10157
12	J	10159
11	R	10159
11	J	10161
10	R	10161
10	J	10163
9	R	10163
9	J	10165
8	R	10165
8	J	10167
16	R	10167
16	J	10169
15	R	10169
15	J	10171
14	R	10171
14	J	10173
13	R	10173
13	J	10175
12	R	10175
12	J	10177
11	R	10177
11	J	10179
10	R	10179
10	W	10179
9	R	10179
9	J	10181
8	R	10181
8	J	10183
16	R	10183
16	J	10185
15	R	10185
15	J	10187
14	R	10187
14	J	10189
13	R	10189
13	J	10191
12	R	10191
12	J	10193
11	R	10193
11	J	10195
9	R	10195
9	J	10197
8	R	10197
8	J	10199
16	R	10199
16	J	10201
15	R	10201
15	J	10203
14	R	10203
14	J	10205
13	R	10205
13	J	10207
12	R	10207
12	J	10209
11	R	10209
11	J	10211
9	R	10211
9	J	10213
8	R	10213
8	J	10215
16	R	10215
16	J	10217
15	R	10217
15	J	10219
14	R	10219
14	J	10221
13	R	10221
13	J	10223
12	R	10223
12	J	10225
11	R	10225
11	J	10227
9	R	10227
9	J	10229
8	R	10229
8	J	10231
16	R	10231
16	J	10233
15	R	10233
15	J	10235
14	R	10235
14	J	10237
13	R	10237
13	J	10239
12	R	10239
12	J	10241
11	R	10241
11	J	10243
9	R	10243
9	J	10245
8	R	10245
8	J	10247
16	R	10247
16	J	10249
15	R	10249
15	J	10251
14	R	10251
14	J	10253
13	R	10253
13	J	10255
12	R	10255
12	J	10257
11	R	10257
11	J	10259
9	R	10259
9	J	10261
8	R	10261
8	J	10263
16	R	10263
16	J	10265
15	R	10265
15	J	10267
14	R	10267
14	J	10269
13	R	10269
13	J	10271
12	R	10271
12	J	10273
11	R	10273
11	J	10275
9	R	10275
9	J	10277
8	R	10277
8	J	10279
16	R	10279
10	J	10281
16	J	10281
10	R	10281
10	J	10284
15	R	10284
15	J	10286
14	R	10286
14	J	10288
13	R	10288
13	J	10290
12	R	10290
12	J	10292
11	R	10292
11	J	10294
9	R	10294
9	J	10296
8	R	10296
8	J	10298
16	R	10298
16	J	10300
15	R	10300
15	J	10302
14	R	10302
14	J	10304
13	R	10304
13	J	10306
12	R	10306
12	J	10308
11	R	10308
11	J	10310
10	R	10310
10	J	10312
9	R	10312
9	J	10314
8	R	10314
8	J	10316
16	R	10316
16	J	10318
15	R	10318
15	J	10320
14	R	10320
14	J	10322
13	R	10322
13	J	10324
12	R	10324
12	J	10326
11	R	10326
11	J	10328
10	R	10328
10	J	10330
9	R	10330
9	J	10332
8	R	10332
8	J	10334
16	R	10334
16	J	10336
15	R	10336
15	J	10338
14	R	10338
14	J	10340
13	R	10340
13	J	10342
12	R	10342
12	J	10344
11	R	10344
11	J	10346
10	R	10346
10	J	10348
9	R	10348
9	J	10350
8	R	10350
8	J	10352
16	R	10352
16	J	10354
15	R	10354
15	J	10356
14	R	10356
14	J	10358
13	R	10358
13	J	10360
12	R	10360
12	J	10362
11	R	10362
11	J	10364
10	R	10364
10	J	10366
9	R	10366
9	J	10368
8	R	10368
8	W	10369
16	R	10369
16	J	10371
15	R	10371
15	J	10373
14	R	10373
14	J	10375
13	R	10375
13	J	10377
12	R	10377
12	J	10379
11	R	10379
11	J	10381
10	R	10381
10	J	10383
9	R	10383
9	J	10385
16	R	10385
16	J	10387
15	R	10387
15	J	10389
14	R	10389
14	J	10391
13	R	10391
13	J	10393
12	R	10393
12	J	10395
11	R	10395
11	J	10397
10	R	10397
10	J	10399
9	R	10399
9	J	10401
16	R	10401
16	J	10403
15	R	10403
15	J	10405
14	R	10405
14	J	10407
13	R	10407
13	J	10409
12	R	10409
12	J	10411
11	R	10411
11	J	10413
10	R	10413
10	J	10415
9	R	10415
9	J	10417
16	R	10417
16	J	10419
15	R	10419
15	J	10421
14	R	10421
14	J	10423
13	R	10423
13	J	10425
12	R	10425
12	J	10427
11	R	10427
11	J	10429
10	R	10429
10	J	10431
9	R	10431
9	J	10433
16	R	10433
16	J	10435
15	R	10435
15	J	10437
14	R	10437
14	J	10439
13	R	10439
13	J	10441
12	R	10441
12	J	10443
11	R	10443
11	J	10445
10	R	10445
10	J	10447
9	R	10447
9	J	10449
16	R	10449
16	J	10451
15	R	10451
15	J	10453
14	R	10453
14	J	10455
13	R	10455
13	J	10457
12	R	10457
12	J	10459
11	R	10459
11	J	10461
10	R	10461
10	J	10463
9	R	10463
9	J	10465
16	R	10465
16	J	10467
15	R	10467
15	J	10469
14	R	10469
8	J	10471
14	J	10471
8	R	10471
8	J	10474
13	R	10474
13	J	10476
12	R	10476
12	J	10478
11	R	10478
11	J	10480
10	R	10480
10	J	10482
9	R	10482
9	J	10484
16	R	10484
16	J	10486
15	R	10486
15	J	10488
14	R	10488
14	J	10490
13	R	10490
13	J	10492
12	R	10492
12	J	10494
11	R	10494
11	J	10496
10	R	10496
10	J	10498
9	R	10498
9	J	10500
8	R	10500
8	J	10502
16	R	10502
16	J	10504
15	R	10504
15	J	10506
14	R	10506
14	J	10508
13	R	10508
13	J	10510
12	R	10510
12	J	10512
11	R	10512
11	J	10514
10	R	10514
10	J	10516
9	R	10516
9	J	10518
8	R	10518
8	J	10520
16	R	10520
16	J	10522
15	R	10522
15	J	10524
14	R	10524
14	J	10526
13	R	10526
13	J	10528
12	R	10528
12	J	10530
11	R	10530
11	J	10532
10	R	10532
10	J	10534
9	R	10534
9	J	10536
8	R	10536
8	J	10538
16	R	10538
16	J	10540
15	R	10540
15	J	10542
14	R	10542
14	J	10544
13	R	10544
13	J	10546
12	R	10546
12	J	10548
11	R	10548
11	J	10550
10	R	10550
10	J	10552
9	R	10552
9	J	10554
8	R	10554
8	J	10556
16	R	10556
16	J	10558
15	R	10558
15	J	10560
14	R	10560
14	J	10562
13	R	10562
13	J	10564
12	R	10564
12	J	10566
11	R	10566
11	J	10568
10	R	10568
10	J	10570
9	R	10570
9	J	10572
8	R	10572
8	J	10574
16	R	10574
16	J	10576
15	R	10576
15	J	10578
14	R	10578
14	J	10580
13	R	10580
13	J	10582
12	R	10582
12	J	10584
11	R	10584
11	J	10586
10	R	10586
10	J	10588
9	R	10588
9	J	10590
8	R	10590
8	J	10592
16	R	10592
16	J	10594
15	R	10594
15	J	10596
14	R	10596
14	J	10598
13	R	10598
13	J	10600
12	R	10600
12	J	10602
11	R	10602
11	J	10604
10	R	10604
10	J	10606
9	R	10606
9	J	10608
8	R	10608
8	J	10610
16	R	10610
16	J	10612
15	R	10612
15	J	10614
14	R	10614
14	J	10616
13	R	10616
13	J	10618
12	R	10618
12	J	10620
11	R	10620
11	J	10622
10	R	10622
10	J	10624
9	R	10624
9	J	10626
8	R	10626
8	J	10628
16	R	10628
16	J	10630
15	R	10630
15	J	10632
14	R	10632
14	J	10634
13	R	10634
13	J	10636
12	R	10636
12	J	10638
11	R	10638
11	J	10640
10	R	10640
10	J	10642
9	R	10642
9	J	10644
8	R	10644
8	J	10646
16	R	10646
16	J	10648
15	R	10648
15	J	10650
14	R	10650
14	J	10652
13	R	10652
13	J	10654
12	R	10654
12	J	10656
11	R	10656
11	J	10658
10	R	10658
10	J	10660
9	R	10660
9	J	10662
8	R	10662
8	J	10664
16	R	10664
16	J	10666
15	R	10666
15	J	10668
14	R	10668
14	J	10670
13	R	10670
13	J	10672
12	R	10672
12	J	10674
11	R	10674
11	J	10676
10	R	10676
10	J	10678
9	R	10678
9	J	10680
8	R	10680
8	J	10682
16	R	10682
16	J	10684
15	R	10684
15	J	10686
14	R	10686
14	J	10688
13	R	10688
13	J	10690
12	R	10690
12	J	10692
11	R	10692
11	J	10694
10	R	10694
10	J	10696
9	R	10696
9	J	10698
8	R	10698
8	J	10700
16	R	10700
16	J	10702
15	R	10702
15	J	10704
14	R	10704
14	J	10706
13	R	10706
13	J	10708
12	R	10708
12	J	10710
11	R	10710
11	J	10712
10	R	10712
10	J	10714
9	R	10714
9	J	10716
8	R	10716
8	J	10718
16	R	10718
16	J	10720
15	R	10720
15	J	10722
14	R	10722
14	J	10724
13	R	10724
13	J	10726
12	R	10726
12	J	10728
11	R	10728
11	J	10730
10	R	10730
10	J	10732
9	R	10732
9	J	10734
8	R	10734
8	J	10736
16	R	10736
16	J	10738
15	R	10738
15	J	10740
14	R	10740
14	J	10742
13	R	10742
13	J	10744
12	R	10744
12	J	10746
11	R	10746
11	J	10748
10	R	10748
10	J	10750
9	R	10750
9	J	10752
8	R	10752
8	J	10754
16	R	10754
16	J	10756
15	R	10756
15	J	10758
14	R	10758
14	J	10760
13	R	10760
13	J	10762
12	R	10762
12	J	10764
11	R	10764
11	J	10766
10	R	10766
10	J	10768
9	R	10768
9	J	10770
8	R	10770
8	J	10772
16	R	10772
16	J	10774
15	R	10774
15	J	10776
14	R	10776
14	J	10778
13	R	10778
13	J	10780
12	R	10780
12	J	10782
11	R	10782
11	J	10784
10	R	10784
10	J	10786
9	R	10786
9	J	10788
8	R	10788
8	J	10790
16	R	10790
16	J	10792
15	R	10792
15	J	10794
14	R	10794
14	J	10796
13	R	10796
13	J	10798
12	R	10798
12	J	10800
11	R	10800
11	J	10802
10	R	10802
10	J	10804
9	R	10804
9	J	10806
8	R	10806
8	J	10808
16	R	10808
16	J	10810
15	R	10810
15	J	10812
14	R	10812
14	J	10814
13	R	10814
13	J	10816
12	R	10816
12	J	10818
11	R	10818
11	J	10820
10	R	10820
10	J	10822
9	R	10822
9	J	10824
8	R	10824
8	J	10826
16	R	10826
16	J	10828
15	R	10828
15	J	10830
14	R	10830
14	J	10832
13	R	10832
13	J	10834
12	R	10834
12	J	10836
11	R	10836
11	J	10838
10	R	10838
10	J	10840
9	R	10840
9	J	10842
8	R	10842
8	J	10844
16	R	10844
16	J	10846
15	R	10846
15	J	10848
14	R	10848
14	J	10850
13	R	10850
13	J	10852
12	R	10852
12	J	10854
11	R	10854
11	J	10856
10	R	10856
10	J	10858
9	R	10858
9	J	10860
8	R	10860
8	J	10862
16	R	10862
16	J	10864
15	R	10864
15	J	10866
14	R	10866
14	J	10868
13	R	10868
13	J	10870
12	R	10870
12	J	10872
11	R	10872
11	J	10874
10	R	10874
10	J	10876
9	R	10876
9	J	10878
8	R	10878
8	J	10880
16	R	10880
16	J	10882
15	R	10882
15	J	10884
14	R	10884
14	J	10886
13	R	10886
13	J	10888
12	R	10888
12	J	10890
11	R	10890
11	J	10892
10	R	10892
10	J	10894
9	R	10894
9	J	10896
8	R	10896
8	J	10898
16	R	10898
16	J	10900
15	R	10900
15	J	10902
14	R	10902
14	J	10904
13	R	10904
13	J	10906
12	R	10906
12	J	10908
11	R	10908
11	J	10910
10	R	10910
10	J	10912
9	R	10912
9	J	10914
8	R	10914
8	J	10916
16	R	10916
16	J	10918
15	R	10918
15	J	10920
14	R	10920
14	J	10922
13	R	10922
13	J	10924
12	R	10924
12	J	10926
11	R	10926
11	J	10928
10	R	10928
10	J	10930
9	R	10930
9	J	10932
8	R	10932
8	J	10934
16	R	10934
16	J	10936
15	R	10936
15	J	10938
14	R	10938
14	J	10940
13	R	10940
13	J	10942
12	R	10942
12	J	10944
11	R	10944
11	J	10946
10	R	10946
10	J	10948
9	R	10948
9	J	10950
8	R	10950
8	J	10952
16	R	10952
16	J	10954
15	R	10954
15	J	10956
14	R	10956
14	J	10958
13	R	10958
13	J	10960
12	R	10960
12	J	10962
11	R	10962
11	J	10964
10	R	10964
10	J	10966
9	R	10966
9	J	10968
8	R	10968
8	J	10970
16	R	10970
16	J	10972
15	R	10972
15	J	10974
14	R	10974
14	J	10976
13	R	10976
13	J	10978
12	R	10978
12	J	10980
11	R	10980
11	J	10982
10	R	10982
10	J	10984
9	R	10984
9	J	10986
8	R	10986
8	J	10988
16	R	10988
16	J	10990
15	R	10990
15	J	10992
14	R	10992
14	J	10994
13	R	10994
13	J	10996
12	R	10996
12	J	10998
11	R	10998
11	J	11000
10	R	11000
10	J	11002
9	R	11002
9	J	11004
8	R	11004
8	J	11006
16	R	11006
16	J	11008
15	R	11008
15	J	11010
14	R	11010
14	J	11012
13	R	11012
13	J	11014
12	R	11014
12	J	11016
11	R	11016
11	J	11018
10	R	11018
10	J	11020
9	R	11020
9	J	11022
8	R	11022
8	J	11024
16	R	11024
16	J	11026
15	R	11026
15	J	11028
14	R	11028
14	J	11030
13	R	11030
13	J	11032
12	R	11032
12	J	11034
11	R	11034
11	J	11036
10	R	11036
10	J	11038
9	R	11038
9	J	11040
8	R	11040
8	J	11042
16	R	11042
16	J	11044
15	R	11044
15	J	11046
14	R	11046
14	J	11048
13	R	11048
13	J	11050
12	R	11050
12	J	11052
11	R	11052
11	J	11054
10	R	11054
10	J	11056
9	R	11056
9	J	11058
8	R	11058
8	J	11060
16	R	11060
16	J	11062
15	R	11062
15	J	11064
14	R	11064
14	J	11066
13	R	11066
13	J	11068
12	R	11068
12	J	11070
11	R	11070
11	W	11070
10	R	11070
10	J	11072
9	R	11072
9	J	11074
8	R	11074
8	J	11076
16	R	11076
16	J	11078
15	R	11078
15	J	11080
14	R	11080
14	J	11082
13	R	11082
13	J	11084
12	R	11084
12	J	11086
10	R	11086
10	J	11088
9	R	11088
9	J	11090
8	R	11090
8	J	11092
16	R	11092
16	J	11094
15	R	11094
15	J	11096
14	R	11096
14	J	11098
13	R	11098
13	J	11100
12	R	11100
12	J	11102
10	R	11102
10	J	11104
9	R	11104
9	J	11106
8	R	11106
8	J	11108
16	R	11108
16	J	11110
15	R	11110
15	J	11112
14	R	11112
14	J	11114
13	R	11114
13	J	11116
12	R	11116
12	J	11118
10	R	11118
10	J	11120
9	R	11120
9	J	11122
8	R	11122
8	J	11124
16	R	11124
16	J	11126
15	R	11126
15	J	11128
14	R	11128
14	J	11130
13	R	11130
13	J	11132
12	R	11132
12	J	11134
10	R	11134
10	J	11136
9	R	11136
9	J	11138
8	R	11138
8	J	11140
16	R	11140
16	J	11142
15	R	11142
15	J	11144
14	R	11144
14	J	11146
13	R	11146
13	J	11148
12	R	11148
12	J	11150
10	R	11150
10	J	11152
9	R	11152
9	W	11153
8	R	11153
8	J	11155
16	R	11155
16	J	11157
15	R	11157
15	J	11159
14	R	11159
14	J	11161
13	R	11161
13	J	11163
12	R	11163
12	J	11165
10	R	11165
10	J	11167
8	R	11167
8	J	11169
16	R	11169
11	J	11171
16	J	11171
11	R	11171
11	J	11174
15	R	11174
15	J	11176
14	R	11176
14	J	11178
13	R	11178
13	J	11180
12	R	11180
12	J	11182
10	R	11182
10	J	11184
8	R	11184
8	J	11186
16	R	11186
16	J	11188
15	R	11188
15	J	11190
14	R	11190
14	J	11192
13	R	11192
13	J	11194
12	R	11194
12	J	11196
11	R	11196
11	J	11198
10	R	11198
10	J	11200
8	R	11200
8	J	11202
16	R	11202
16	J	11204
15	R	11204
15	J	11206
14	R	11206
14	J	11208
13	R	11208
13	J	11210
12	R	11210
12	J	11212
11	R	11212
11	J	11214
10	R	11214
10	J	11216
8	R	11216
8	J	11218
16	R	11218
16	J	11220
15	R	11220
15	J	11222
14	R	11222
14	J	11224
13	R	11224
13	J	11226
12	R	11226
12	J	11228
11	R	11228
11	J	11230
10	R	11230
10	J	11232
8	R	11232
8	J	11234
16	R	11234
16	J	11236
15	R	11236
15	J	11238
14	R	11238
14	J	11240
13	R	11240
13	J	11242
12	R	11242
12	J	11244
11	R	11244
11	J	11246
10	R	11246
10	J	11248
8	R	11248
8	J	11250
16	R	11250
16	J	11252
15	R	11252
9	J	11254
15	J	11254
9	R	11254
9	J	11257
14	R	11257
14	J	11259
13	R	11259
13	J	11261
12	R	11261
12	J	11263
11	R	11263
11	J	11265
10	R	11265
10	J	11267
8	R	11267
8	J	11269
16	R	11269
16	J	11271
15	R	11271
15	J	11273
14	R	11273
14	J	11275
13	R	11275
13	J	11277
12	R	11277
12	J	11279
11	R	11279
11	J	11281
10	R	11281
10	J	11283
9	R	11283
9	J	11285
8	R	11285
8	J	11287
16	R	11287
16	J	11289
15	R	11289
15	J	11291
14	R	11291
14	J	11293
13	R	11293
13	J	11295
12	R	11295
12	J	11297
11	R	11297
11	J	11299
10	R	11299
10	J	11301
9	R	11301
9	J	11303
8	R	11303
8	J	11305
16	R	11305
16	J	11307
15	R	11307
15	J	11309
14	R	11309
14	J	11311
13	R	11311
13	J	11313
12	R	11313
12	J	11315
11	R	11315
11	J	11317
10	R	11317
10	J	11319
9	R	11319
9	J	11321
8	R	11321
8	J	11323
16	R	11323
16	J	11325
15	R	11325
15	J	11327
14	R	11327
14	J	11329
13	R	11329
13	J	11331
12	R	11331
12	J	11333
11	R	11333
11	J	11335
10	R	11335
10	J	11337
9	R	11337
9	J	11339
8	R	11339
8	W	11340
16	R	11340
16	J	11342
15	R	11342
15	J	11344
14	R	11344
14	J	11346
13	R	11346
13	J	11348
12	R	11348
12	J	11350
11	R	11350
11	J	11352
10	R	11352
10	J	11354
9	R	11354
9	J	11356
16	R	11356
16	J	11358
15	R	11358
15	J	11360
14	R	11360
14	J	11362
13	R	11362
13	J	11364
12	R	11364
12	J	11366
11	R	11366
11	J	11368
10	R	11368
10	J	11370
9	R	11370
9	J	11372
16	R	11372
16	J	11374
15	R	11374
15	J	11376
14	R	11376
14	J	11378
13	R	11378
13	J	11380
12	R	11380
12	J	11382
11	R	11382
11	J	11384
10	R	11384
10	J	11386
9	R	11386
9	J	11388
16	R	11388
16	J	11390
15	R	11390
15	J	11392
14	R	11392
14	J	11394
13	R	11394
13	J	11396
12	R	11396
12	J	11398
11	R	11398
11	J	11400
10	R	11400
10	J	11402
9	R	11402
9	J	11404
16	R	11404
16	J	11406
15	R	11406
15	J	11408
14	R	11408
14	J	11410
13	R	11410
13	J	11412
12	R	11412
12	J	11414
11	R	11414
11	J	11416
10	R	11416
10	J	11418
9	R	11418
9	J	11420
16	R	11420
16	J	11422
15	R	11422
15	J	11424
14	R	11424
14	J	11426
13	R	11426
13	J	11428
12	R	11428
12	J	11430
11	R	11430
11	J	11432
10	R	11432
10	J	11434
9	R	11434
9	J	11436
16	R	11436
16	J	11438
15	R	11438
15	J	11440
14	R	11440
8	J	11442
14	J	11442
8	R	11442
8	J	11445
13	R	11445
13	J	11447
12	R	11447
12	J	11449
11	R	11449
11	J	11451
10	R	11451
10	J	11453
9	R	11453
9	J	11455
16	R	11455
16	J	11457
15	R	11457
15	J	11459
14	R	11459
14	J	11461
13	R	11461
13	J	11463
12	R	11463
12	J	11465
11	R	11465
11	J	11467
10	R	11467
10	J	11469
9	R	11469
9	J	11471
8	R	11471
8	J	11473
16	R	11473
16	J	11475
15	R	11475
15	J	11477
14	R	11477
14	J	11479
13	R	11479
13	J	11481
12	R	11481
12	J	11483
11	R	11483
11	J	11485
10	R	11485
10	J	11487
9	R	11487
9	J	11489
8	R	11489
8	J	11491
16	R	11491
16	J	11493
15	R	11493
15	J	11495
14	R	11495
14	J	11497
13	R	11497
13	J	11499
12	R	11499
12	J	11501
11	R	11501
11	J	11503
10	R	11503
10	J	11505
9	R	11505
9	J	11507
8	R	11507
8	J	11509
16	R	11509
16	J	11511
15	R	11511
15	J	11513
14	R	11513
14	J	11515
13	R	11515
13	J	11517
12	R	11517
12	J	11519
11	R	11519
11	J	11521
10	R	11521
10	J	11523
9	R	11523
9	J	11525
8	R	11525
8	J	11527
16	R	11527
16	J	11529
15	R	11529
15	J	11531
14	R	11531
14	J	11533
13	R	11533
13	J	11535
12	R	11535
12	J	11537
11	R	11537
11	J	11539
10	R	11539
10	J	11541
9	R	11541
9	J	11543
8	R	11543
8	J	11545
16	R	11545
16	J	11547
15	R	11547
15	J	11549
14	R	11549
14	J	11551
13	R	11551
13	J	11553
12	R	11553
12	J	11555
11	R	11555
11	J	11557
10	R	11557
10	J	11559
9	R	11559
9	J	11561
8	R	11561
8	J	11563
16	R	11563
16	J	11565
15	R	11565
15	J	11567
14	R	11567
14	J	11569
13	R	11569
13	J	11571
12	R	11571
12	J	11573
11	R	11573
11	J	11575
10	R	11575
10	J	11577
9	R	11577
9	J	11579
8	R	11579
8	J	11581
16	R	11581
16	J	11583
15	R	11583
15	J	11585
14	R	11585
14	J	11587
13	R	11587
13	J	11589
12	R	11589
12	J	11591
11	R	11591
11	J	11593
10	R	11593
10	J	11595
9	R	11595
9	J	11597
8	R	11597
8	J	11599
16	R	11599
16	J	11601
15	R	11601
15	J	11603
14	R	11603
14	J	11605
13	R	11605
13	J	11607
12	R	11607
12	J	11609
11	R	11609
11	J	11611
10	R	11611
10	J	11613
9	R	11613
9	J	11615
8	R	11615
8	J	11617
16	R	11617
16	J	11619
15	R	11619
15	J	11621
14	R	11621
14	J	11623
13	R	11623
13	J	11625
12	R	11625
12	J	11627
11	R	11627
11	J	11629
10	R	11629
10	J	11631
9	R	11631
9	J	11633
8	R	11633
8	J	11635
16	R	11635
16	J	11637
15	R	11637
15	J	11639
14	R	11639
14	J	11641
13	R	11641
13	J	11643
12	R	11643
12	J	11645
11	R	11645
11	J	11647
10	R	11647
10	J	11649
9	R	11649
9	J	11651
8	R	11651
8	J	11653
16	R	11653
16	J	11655
15	R	11655
15	J	11657
14	R	11657
14	J	11659
13	R	11659
13	J	11661
12	R	11661
12	J	11663
11	R	11663
11	J	11665
10	R	11665
10	J	11667
9	R	11667
9	J	11669
8	R	11669
8	J	11671
16	R	11671
16	J	11673
15	R	11673
15	J	11675
14	R	11675
14	J	11677
13	R	11677
13	J	11679
12	R	11679
12	J	11681
11	R	11681
11	J	11683
10	R	11683
10	J	11685
9	R	11685
9	J	11687
8	R	11687
8	J	11689
16	R	11689
16	J	11691
15	R	11691
15	J	11693
14	R	11693
14	J	11695
13	R	11695
13	J	11697
12	R	11697
12	J	11699
11	R	11699
11	J	11701
10	R	11701
10	J	11703
9	R	11703
9	J	11705
8	R	11705
8	J	11707
16	R	11707
16	J	11709
15	R	11709
15	J	11711
14	R	11711
14	J	11713
13	R	11713
13	J	11715
12	R	11715
12	J	11717
11	R	11717
11	J	11719
10	R	11719
10	J	11721
9	R	11721
9	J	11723
8	R	11723
8	J	11725
16	R	11725
16	J	11727
15	R	11727
15	J	11729
14	R	11729
14	J	11731
13	R	11731
13	J	11733
12	R	11733
12	J	11735
11	R	11735
11	J	11737
10	R	11737
10	J	11739
9	R	11739
9	J	11741
8	R	11741
8	J	11743
16	R	11743
16	J	11745
15	R	11745
15	J	11747
14	R	11747
14	J	11749
13	R	11749
13	J	11751
12	R	11751
12	J	11753
11	R	11753
11	J	11755
10	R	11755
10	J	11757
9	R	11757
9	J	11759
8	R	11759
8	J	11761
16	R	11761
16	J	11763
15	R	11763
15	J	11765
14	R	11765
14	J	11767
13	R	11767
13	J	11769
12	R	11769
12	J	11771
11	R	11771
11	J	11773
10	R	11773
10	J	11775
9	R	11775
9	J	11777
8	R	11777
8	J	11779
16	R	11779
16	J	11781
15	R	11781
15	J	11783
14	R	11783
14	J	11785
13	R	11785
13	J	11787
12	R	11787
12	J	11789
11	R	11789
11	J	11791
10	R	11791
10	J	11793
9	R	11793
9	J	11795
8	R	11795
8	J	11797
16	R	11797
16	J	11799
15	R	11799
15	J	11801
14	R	11801
14	J	11803
13	R	11803
13	J	11805
12	R	11805
12	J	11807
11	R	11807
11	J	11809
10	R	11809
10	J	11811
9	R	11811
9	J	11813
8	R	11813
8	J	11815
16	R	11815
16	J	11817
15	R	11817
15	J	11819
14	R	11819
14	J	11821
13	R	11821
13	J	11823
12	R	11823
12	J	11825
11	R	11825
11	J	11827
10	R	11827
10	J	11829
9	R	11829
9	J	11831
8	R	11831
8	J	11833
16	R	11833
16	J	11835
15	R	11835
15	J	11837
14	R	11837
14	J	11839
13	R	11839
13	J	11841
12	R	11841
12	J	11843
11	R	11843
11	J	11845
10	R	11845
10	J	11847
9	R	11847
9	J	11849
8	R	11849
8	J	11851
16	R	11851
16	J	11853
15	R	11853
15	J	11855
14	R	11855
14	J	11857
13	R	11857
13	J	11859
12	R	11859
12	J	11861
11	R	11861
11	J	11863
10	R	11863
10	J	11865
9	R	11865
9	J	11867
8	R	11867
8	J	11869
16	R	11869
16	J	11871
15	R	11871
15	J	11873
14	R	11873
14	J	11875
13	R	11875
13	J	11877
12	R	11877
12	J	11879
11	R	11879
11	J	11881
10	R	11881
10	J	11883
9	R	11883
9	J	11885
8	R	11885
8	J	11887
16	R	11887
16	J	11889
15	R	11889
15	J	11891
14	R	11891
14	J	11893
13	R	11893
13	J	11895
12	R	11895
12	J	11897
11	R	11897
11	J	11899
10	R	11899
10	J	11901
9	R	11901
9	J	11903
8	R	11903
8	J	11905
16	R	11905
16	J	11907
15	R	11907
15	J	11909
14	R	11909
14	J	11911
13	R	11911
13	J	11913
12	R	11913
12	J	11915
11	R	11915
11	J	11917
10	R	11917
10	J	11919
9	R	11919
9	J	11921
8	R	11921
8	J	11923
16	R	11923
16	J	11925
15	R	11925
15	J	11927
14	R	11927
14	J	11929
13	R	11929
13	J	11931
12	R	11931
12	W	11931
11	R	11931
11	J	11933
10	R	11933
10	J	11935
9	R	11935
9	J	11937
8	R	11937
8	J	11939
16	R	11939
16	J	11941
15	R	11941
15	J	11943
14	R	11943
14	J	11945
13	R	11945
13	J	11947
11	R	11947
11	J	11949
10	R	11949
10	J	11951
9	R	11951
9	J	11953
8	R	11953
8	J	11955
16	R	11955
16	J	11957
15	R	11957
15	J	11959
14	R	11959
14	J	11961
13	R	11961
13	J	11963
11	R	11963
11	J	11965
10	R	11965
10	J	11967
9	R	11967
9	J	11969
8	R	11969
8	J	11971
16	R	11971
16	J	11973
15	R	11973
15	J	11975
14	R	11975
14	J	11977
13	R	11977
13	J	11979
11	R	11979
11	J	11981
10	R	11981
10	J	11983
9	R	11983
9	J	11985
8	R	11985
8	J	11987
16	R	11987
16	J	11989
15	R	11989
15	J	11991
14	R	11991
14	J	11993
13	R	11993
13	J	11995
11	R	11995
11	J	11997
10	R	11997
10	J	11999
9	R	11999
9	J	12001
8	R	12001
8	J	12003
16	R	12003
16	J	12005
15	R	12005
15	J	12007
14	R	12007
14	J	12009
13	R	12009
13	J	12011
11	R	12011
11	J	12013
10	R	12013
10	J	12015
9	R	12015
9	J	12017
8	R	12017
8	J	12019
16	R	12019
16	J	12021
15	R	12021
15	J	12023
14	R	12023
14	J	12025
13	R	12025
13	J	12027
11	R	12027
11	J	12029
10	R	12029
10	J	12031
9	R	12031
12	J	12033
9	J	12033
12	R	12033
12	J	12036
8	R	12036
8	J	12038
16	R	12038
16	J	12040
15	R	12040
15	J	12042
14	R	12042
14	J	12044
13	R	12044
13	J	12046
12	R	12046
12	J	12048
11	R	12048
11	J	12050
10	R	12050
10	J	12052
9	R	12052
9	J	12054
8	R	12054
8	J	12056
16	R	12056
16	J	12058
15	R	12058
15	J	12060
14	R	12060
14	J	12062
13	R	12062
13	J	12064
12	R	12064
12	J	12066
11	R	12066
11	J	12068
10	R	12068
10	J	12070
9	R	12070
3	J	12072
9	J	12072
3	R	12072
3	J	12075
8	R	12075
8	J	12078
16	R	12078
16	J	12080
15	R	12080
15	J	12082
14	R	12082
14	J	12084
13	R	12084
13	J	12086
12	R	12086
12	J	12088
11	R	12088
11	J	12090
10	R	12090
10	J	12092
9	R	12092
9	J	12094
8	R	12094
8	J	12096
3	R	12096
3	W	12096
16	R	12096
16	J	12098
15	R	12098
15	J	12100
14	R	12100
14	J	12102
13	R	12102
13	J	12104
12	R	12104
12	J	12106
11	R	12106
11	J	12108
10	R	12108
10	J	12110
9	R	12110
9	J	12112
8	R	12112
8	J	12114
16	R	12114
16	J	12116
15	R	12116
15	J	12118
14	R	12118
14	J	12120
13	R	12120
13	J	12122
12	R	12122
12	J	12124
11	R	12124
11	J	12126
10	R	12126
10	J	12128
9	R	12128
9	J	12130
8	R	12130
8	J	12132
16	R	12132
16	J	12134
15	R	12134
15	J	12136
14	R	12136
14	J	12138
13	R	12138
13	J	12140
12	R	12140
12	J	12142
11	R	12142
11	J	12144
10	R	12144
10	J	12146
9	R	12146
9	J	12148
8	R	12148
8	J	12150
16	R	12150
16	J	12152
15	R	12152
15	J	12154
14	R	12154
14	J	12156
13	R	12156
13	J	12158
12	R	12158
12	J	12160
11	R	12160
11	J	12162
10	R	12162
10	J	12164
9	R	12164
9	J	12166
8	R	12166
8	J	12168
16	R	12168
16	J	12170
15	R	12170
15	J	12172
14	R	12172
14	J	12174
13	R	12174
13	J	12176
12	R	12176
12	J	12178
11	R	12178
11	J	12180
10	R	12180
10	J	12182
9	R	12182
9	J	12184
8	R	12184
8	J	12186
16	R	12186
16	J	12188
15	R	12188
15	J	12190
14	R	12190
14	J	12192
13	R	12192
13	J	12194
12	R	12194
12	J	12196
11	R	12196
11	J	12198
10	R	12198
10	J	12200
9	R	12200
9	J	12202
8	R	12202
8	J	12204
16	R	12204
16	J	12206
15	R	12206
15	J	12208
14	R	12208
14	J	12210
13	R	12210
13	J	12212
12	R	12212
12	J	12214
11	R	12214
11	J	12216
10	R	12216
10	J	12218
9	R	12218
9	J	12220
8	R	12220
8	J	12222
16	R	12222
16	J	12224
15	R	12224
15	J	12226
14	R	12226
14	J	12228
13	R	12228
13	J	12230
12	R	12230
12	J	12232
11	R	12232
11	J	12234
10	R	12234
10	J	12236
9	R	12236
9	J	12238
8	R	12238
8	J	12240
16	R	12240
16	J	12242
15	R	12242
15	J	12244
14	R	12244
14	J	12246
13	R	12246
13	J	12248
12	R	12248
12	J	12250
11	R	12250
11	J	12252
10	R	12252
10	J	12254
9	R	12254
9	J	12256
8	R	12256
8	J	12258
16	R	12258
16	J	12260
15	R	12260
15	J	12262
14	R	12262
14	J	12264
13	R	12264
13	J	12266
12	R	12266
12	J	12268
11	R	12268
11	J	12270
10	R	12270
10	J	12272
9	R	12272
9	J	12274
8	R	12274
8	J	12276
16	R	12276
16	J	12278
15	R	12278
15	J	12280
14	R	12280
14	J	12282
13	R	12282
13	J	12284
12	R	12284
12	J	12286
11	R	12286
11	J	12288
10	R	12288
10	J	12290
9	R	12290
9	J	12292
8	R	12292
8	J	12294
16	R	12294
16	J	12296
15	R	12296
15	J	12298
14	R	12298
14	J	12300
13	R	12300
13	J	12302
12	R	12302
12	J	12304
11	R	12304
11	J	12306
10	R	12306
10	J	12308
9	R	12308
9	J	12310
8	R	12310
8	J	12312
16	R	12312
16	J	12314
15	R	12314
15	J	12316
14	R	12316
14	J	12318
13	R	12318
13	J	12320
12	R	12320
12	J	12322
11	R	12322
11	J	12324
10	R	12324
10	J	12326
9	R	12326
9	J	12328
8	R	12328
8	W	12329
16	R	12329
16	J	12331
15	R	12331
15	J	12333
14	R	12333
14	J	12335
13	R	12335
13	J	12337
12	R	12337
12	J	12339
11	R	12339
11	J	12341
10	R	12341
10	J	12343
9	R	12343
9	J	12345
16	R	12345
16	J	12347
15	R	12347
15	J	12349
14	R	12349
14	J	12351
13	R	12351
13	J	12353
12	R	12353
12	J	12355
11	R	12355
11	J	12357
10	R	12357
10	J	12359
9	R	12359
9	J	12361
16	R	12361
16	J	12363
15	R	12363
15	J	12365
14	R	12365
14	J	12367
13	R	12367
13	J	12369
12	R	12369
12	J	12371
11	R	12371
11	J	12373
10	R	12373
10	J	12375
9	R	12375
9	J	12377
16	R	12377
16	J	12379
15	R	12379
15	J	12381
14	R	12381
14	J	12383
13	R	12383
13	J	12385
12	R	12385
12	J	12387
11	R	12387
11	J	12389
10	R	12389
10	J	12391
9	R	12391
9	J	12393
16	R	12393
16	J	12395
15	R	12395
15	J	12397
14	R	12397
14	J	12399
13	R	12399
13	J	12401
12	R	12401
12	J	12403
11	R	12403
11	J	12405
10	R	12405
10	J	12407
9	R	12407
9	J	12409
16	R	12409
16	J	12411
15	R	12411
15	J	12413
14	R	12413
14	J	12415
13	R	12415
13	J	12417
12	R	12417
12	J	12419
11	R	12419
11	J	12421
10	R	12421
10	J	12423
9	R	12423
9	J	12425
16	R	12425
16	J	12427
15	R	12427
15	J	12429
14	R	12429
8	J	12431
14	J	12431
8	R	12431
8	E	12431
6	J	12431
6	R	12431
6	J	12432
13	R	12432
13	J	12434
12	R	12434
12	J	12436
11	R	12436
11	J	12438
10	R	12438
10	J	12440
9	R	12440
9	J	12442
6	R	12442
6	W	12442
16	R	12442
16	J	12444
15	R	12444
15	J	12446
14	R	12446
14	J	12448
13	R	12448
13	J	12450
12	R	12450
12	J	12452
11	R	12452
11	J	12454
10	R	12454
10	J	12456
9	R	12456
9	J	12458
16	R	12458
16	J	12460
15	R	12460
15	J	12462
14	R	12462
14	J	12464
13	R	12464
13	J	12466
12	R	12466
12	J	12468
11	R	12468
11	J	12470
10	R	12470
10	J	12472
9	R	12472
9	J	12474
16	R	12474
16	J	12476
15	R	12476
15	J	12478
14	R	12478
14	J	12480
13	R	12480
13	J	12482
12	R	12482
12	J	12484
11	R	12484
11	J	12486
10	R	12486
10	J	12488
9	R	12488
9	J	12490
16	R	12490
16	J	12492
15	R	12492
15	J	12494
14	R	12494
14	J	12496
13	R	12496
13	J	12498
12	R	12498
12	J	12500
11	R	12500
11	J	12502
10	R	12502
10	J	12504
9	R	12504
9	J	12506
16	R	12506
16	J	12508
15	R	12508
15	J	12510
14	R	12510
14	J	12512
13	R	12512
13	J	12514
12	R	12514
12	J	12516
11	R	12516
11	J	12518
10	R	12518
10	J	12520
9	R	12520
9	J	12522
16	R	12522
16	J	12524
15	R	12524
15	J	12526
14	R	12526
14	J	12528
13	R	12528
13	J	12530
12	R	12530
12	J	12532
11	R	12532
11	J	12534
10	R	12534
10	J	12536
9	R	12536
9	J	12538
16	R	12538
16	J	12540
15	R	12540
15	J	12542
14	R	12542
14	J	12544
13	R	12544
13	J	12546
12	R	12546
12	J	12548
11	R	12548
11	J	12550
10	R	12550
10	J	12552
9	R	12552
9	J	12554
16	R	12554
16	J	12556
15	R	12556
15	J	12558
14	R	12558
14	J	12560
13	R	12560
13	J	12562
12	R	12562
12	J	12564
11	R	12564
11	J	12566
10	R	12566
10	J	12568
9	R	12568
9	J	12570
16	R	12570
16	J	12572
15	R	12572
15	J	12574
14	R	12574
14	J	12576
13	R	12576
13	J	12578
12	R	12578
12	J	12580
11	R	12580
11	J	12582
10	R	12582
10	J	12584
9	R	12584
9	J	12586
16	R	12586
16	J	12588
15	R	12588
15	J	12590
14	R	12590
14	J	12592
13	R	12592
13	J	12594
12	R	12594
12	J	12596
11	R	12596
11	J	12598
10	R	12598
10	J	12600
9	R	12600
9	J	12602
16	R	12602
16	J	12604
15	R	12604
15	J	12606
14	R	12606
14	J	12608
13	R	12608
13	J	12610
12	R	12610
12	J	12612
11	R	12612
11	J	12614
10	R	12614
10	J	12616
9	R	12616
9	J	12618
16	R	12618
16	J	12620
15	R	12620
15	J	12622
14	R	12622
14	J	12624
13	R	12624
13	J	12626
12	R	12626
12	J	12628
11	R	12628
11	J	12630
10	R	12630
10	J	12632
9	R	12632
9	J	12634
16	R	12634
16	J	12636
15	R	12636
15	J	12638
14	R	12638
14	J	12640
13	R	12640
13	J	12642
12	R	12642
12	J	12644
11	R	12644
11	J	12646
10	R	12646
10	J	12648
9	R	12648
9	J	12650
16	R	12650
16	J	12652
15	R	12652
15	J	12654
14	R	12654
14	J	12656
13	R	12656
13	J	12658
12	R	12658
12	J	12660
11	R	12660
11	J	12662
10	R	12662
10	J	12664
9	R	12664
9	J	12666
16	R	12666
16	J	12668
15	R	12668
15	J	12670
14	R	12670
14	J	12672
13	R	12672
13	J	12674
12	R	12674
12	J	12676
11	R	12676
11	J	12678
10	R	12678
10	J	12680
9	R	12680
9	J	12682
16	R	12682
16	J	12684
15	R	12684
15	J	12686
14	R	12686
14	J	12688
13	R	12688
13	J	12690
12	R	12690
12	J	12692
11	R	12692
11	J	12694
10	R	12694
10	J	12696
9	R	12696
9	J	12698
16	R	12698
16	J	12700
15	R	12700
15	J	12702
14	R	12702
14	J	12704
13	R	12704
13	J	12706
12	R	12706
12	J	12708
11	R	12708
11	J	12710
10	R	12710
10	J	12712
9	R	12712
9	J	12714
16	R	12714
16	J	12716
15	R	12716
15	J	12718
14	R	12718
14	J	12720
13	R	12720
13	J	12722
12	R	12722
12	J	12724
11	R	12724
11	J	12726
10	R	12726
10	J	12728
9	R	12728
9	J	12730
16	R	12730
16	J	12732
15	R	12732
15	J	12734
14	R	12734
14	J	12736
13	R	12736
13	J	12738
12	R	12738
12	J	12740
11	R	12740
11	J	12742
10	R	12742
10	J	12744
9	R	12744
9	J	12746
16	R	12746
16	J	12748
15	R	12748
15	J	12750
14	R	12750
14	J	12752
13	R	12752
13	J	12754
12	R	12754
12	J	12756
11	R	12756
11	J	12758
10	R	12758
10	J	12760
9	R	12760
9	J	12762
16	R	12762
16	J	12764
15	R	12764
15	J	12766
14	R	12766
14	J	12768
13	R	12768
13	J	12770
12	R	12770
12	J	12772
11	R	12772
11	J	12774
10	R	12774
10	J	12776
9	R	12776
9	J	12778
16	R	12778
16	J	12780
15	R	12780
15	J	12782
14	R	12782
14	J	12784
13	R	12784
13	W	12784
12	R	12784
12	J	12786
11	R	12786
11	J	12788
10	R	12788
10	J	12790
9	R	12790
9	J	12792
16	R	12792
16	J	12794
15	R	12794
15	J	12796
14	R	12796
14	J	12798
12	R	12798
12	J	12800
11	R	12800
11	J	12802
10	R	12802
10	J	12804
9	R	12804
9	J	12806
16	R	12806
16	J	12808
15	R	12808
15	J	12810
14	R	12810
14	J	12812
12	R	12812
12	J	12814
11	R	12814
11	J	12816
10	R	12816
10	J	12818
9	R	12818
9	J	12820
16	R	12820
16	J	12822
15	R	12822
15	J	12824
14	R	12824
14	J	12826
12	R	12826
12	J	12828
11	R	12828
11	J	12830
10	R	12830
10	J	12832
9	R	12832
9	J	12834
16	R	12834
16	J	12836
15	R	12836
15	J	12838
14	R	12838
14	J	12840
12	R	12840
12	J	12842
11	R	12842
11	J	12844
10	R	12844
10	W	12845
9	R	12845
9	J	12847
16	R	12847
16	J	12849
15	R	12849
15	J	12851
14	R	12851
14	J	12853
12	R	12853
12	J	12855
11	R	12855
11	J	12857
9	R	12857
9	J	12859
16	R	12859
16	J	12861
15	R	12861
15	J	12863
14	R	12863
14	J	12865
12	R	12865
12	J	12867
11	R	12867
11	J	12869
9	R	12869
9	J	12871
16	R	12871
16	J	12873
15	R	12873
15	J	12875
14	R	12875
14	J	12877
12	R	12877
12	J	12879
11	R	12879
11	J	12881
9	R	12881
9	J	12883
16	R	12883
13	J	12885
16	J	12885
13	R	12885
13	J	12888
15	R	12888
15	J	12890
14	R	12890
14	J	12892
12	R	12892
12	J	12894
11	R	12894
11	J	12896
9	R	12896
9	J	12898
16	R	12898
16	J	12900
15	R	12900
15	J	12902
14	R	12902
14	J	12904
13	R	12904
13	J	12906
12	R	12906
12	J	12908
11	R	12908
11	J	12910
9	R	12910
9	J	12912
16	R	12912
16	J	12914
15	R	12914
15	J	12916
14	R	12916
14	J	12918
13	R	12918
13	J	12920
12	R	12920
12	J	12922
11	R	12922
11	J	12924
9	R	12924
9	W	12925
16	R	12925
16	J	12927
15	R	12927
15	J	12929
14	R	12929
14	J	12931
13	R	12931
13	J	12933
12	R	12933
12	J	12935
11	R	12935
11	J	12937
16	R	12937
16	J	12939
15	R	12939
15	J	12941
14	R	12941
14	J	12943
13	R	12943
13	J	12945
12	R	12945
10	J	12947
12	J	12947
10	R	12947
10	J	12950
11	R	12950
11	J	12952
16	R	12952
16	J	12954
15	R	12954
15	J	12956
14	R	12956
14	J	12958
13	R	12958
13	J	12960
12	R	12960
12	J	12962
11	R	12962
11	J	12964
10	R	12964
10	J	12966
16	R	12966
16	J	12968
15	R	12968
15	J	12970
14	R	12970
14	J	12972
13	R	12972
13	J	12974
12	R	12974
12	J	12976
11	R	12976
11	J	12978
10	R	12978
10	J	12980
16	R	12980
16	J	12982
15	R	12982
15	J	12984
14	R	12984
14	J	12986
13	R	12986
13	J	12988
12	R	12988
12	J	12990
11	R	12990
11	J	12992
10	R	12992
10	J	12994
16	R	12994
16	J	12996
15	R	12996
15	J	12998
14	R	12998
14	J	13000
13	R	13000
13	J	13002
12	R	13002
12	J	13004
11	R	13004
11	J	13006
10	R	13006
10	J	13008
16	R	13008
16	J	13010
15	R	13010
15	J	13012
14	R	13012
14	J	13014
13	R	13014
13	J	13016
12	R	13016
12	J	13018
11	R	13018
11	J	13020
10	R	13020
10	J	13022
16	R	13022
16	J	13024
15	R	13024
9	J	13026
15	J	13026
9	R	13026
9	J	13029
14	R	13029
14	J	13031
13	R	13031
13	J	13033
12	R	13033
12	J	13035
11	R	13035
11	J	13037
10	R	13037
10	J	13039
16	R	13039
16	J	13041
15	R	13041
15	J	13043
14	R	13043
14	J	13045
13	R	13045
13	J	13047
12	R	13047
12	J	13049
11	R	13049
11	J	13051
10	R	13051
10	J	13053
9	R	13053
9	J	13055
16	R	13055
16	J	13057
15	R	13057
15	J	13059
14	R	13059
14	J	13061
13	R	13061
13	J	13063
12	R	13063
12	J	13065
11	R	13065
11	J	13067
10	R	13067
10	J	13069
9	R	13069
9	J	13071
16	R	13071
16	J	13073
15	R	13073
15	J	13075
14	R	13075
14	J	13077
13	R	13077
13	J	13079
12	R	13079
12	J	13081
11	R	13081
11	J	13083
10	R	13083
10	J	13085
9	R	13085
9	J	13087
16	R	13087
16	J	13089
15	R	13089
15	J	13091
14	R	13091
14	J	13093
13	R	13093
13	J	13095
12	R	13095
12	J	13097
11	R	13097
11	J	13099
10	R	13099
10	J	13101
9	R	13101
9	J	13103
16	R	13103
16	J	13105
15	R	13105
15	J	13107
14	R	13107
14	J	13109
13	R	13109
13	J	13111
12	R	13111
12	J	13113
11	R	13113
11	J	13115
10	R	13115
10	J	13117
9	R	13117
9	J	13119
16	R	13119
16	J	13121
15	R	13121
15	J	13123
14	R	13123
14	J	13125
13	R	13125
13	J	13127
12	R	13127
12	J	13129
11	R	13129
11	J	13131
10	R	13131
10	J	13133
9	R	13133
9	J	13135
16	R	13135
16	J	13137
15	R	13137
15	J	13139
14	R	13139
14	J	13141
13	R	13141
13	J	13143
12	R	13143
12	J	13145
11	R	13145
11	J	13147
10	R	13147
10	J	13149
9	R	13149
9	J	13151
16	R	13151
16	J	13153
15	R	13153
15	J	13155
14	R	13155
14	J	13157
13	R	13157
13	J	13159
12	R	13159
12	J	13161
11	R	13161
11	J	13163
10	R	13163
10	J	13165
9	R	13165
9	J	13167
16	R	13167
16	J	13169
15	R	13169
15	J	13171
14	R	13171
14	J	13173
13	R	13173
13	J	13175
12	R	13175
12	J	13177
11	R	13177
11	J	13179
10	R	13179
10	J	13181
9	R	13181
9	J	13183
16	R	13183
16	J	13185
15	R	13185
15	J	13187
14	R	13187
14	J	13189
13	R	13189
13	J	13191
12	R	13191
12	J	13193
11	R	13193
11	J	13195
10	R	13195
10	J	13197
9	R	13197
9	J	13199
16	R	13199
16	J	13201
15	R	13201
15	J	13203
14	R	13203
14	J	13205
13	R	13205
13	J	13207
12	R	13207
12	J	13209
11	R	13209
11	J	13211
10	R	13211
10	J	13213
9	R	13213
9	J	13215
16	R	13215
16	J	13217
15	R	13217
15	J	13219
14	R	13219
14	J	13221
13	R	13221
13	J	13223
12	R	13223
12	J	13225
11	R	13225
11	J	13227
10	R	13227
10	J	13229
9	R	13229
9	J	13231
16	R	13231
16	J	13233
15	R	13233
15	J	13235
14	R	13235
14	J	13237
13	R	13237
13	J	13239
12	R	13239
12	J	13241
11	R	13241
11	J	13243
10	R	13243
10	J	13245
9	R	13245
9	J	13247
16	R	13247
16	J	13249
15	R	13249
15	J	13251
14	R	13251
14	J	13253
13	R	13253
13	J	13255
12	R	13255
12	J	13257
11	R	13257
11	J	13259
10	R	13259
10	J	13261
9	R	13261
9	J	13263
16	R	13263
16	J	13265
15	R	13265
15	J	13267
14	R	13267
14	J	13269
13	R	13269
13	J	13271
12	R	13271
12	J	13273
11	R	13273
11	J	13275
10	R	13275
10	J	13277
9	R	13277
9	J	13279
16	R	13279
16	J	13281
15	R	13281
15	J	13283
14	R	13283
14	J	13285
13	R	13285
13	J	13287
12	R	13287
12	J	13289
11	R	13289
11	J	13291
10	R	13291
10	J	13293
9	R	13293
9	J	13295
16	R	13295
16	J	13297
15	R	13297
15	J	13299
14	R	13299
14	J	13301
13	R	13301
13	J	13303
12	R	13303
12	J	13305
11	R	13305
11	J	13307
10	R	13307
10	J	13309
9	R	13309
9	J	13311
16	R	13311
16	J	13313
15	R	13313
15	J	13315
14	R	13315
14	J	13317
13	R	13317
13	J	13319
12	R	13319
12	J	13321
11	R	13321
11	J	13323
10	R	13323
10	J	13325
9	R	13325
9	J	13327
16	R	13327
16	J	13329
15	R	13329
15	J	13331
14	R	13331
14	J	13333
13	R	13333
13	J	13335
12	R	13335
12	J	13337
11	R	13337
11	J	13339
10	R	13339
10	J	13341
9	R	13341
9	J	13343
16	R	13343
16	J	13345
15	R	13345
15	J	13347
14	R	13347
14	J	13349
13	R	13349
13	J	13351
12	R	13351
12	J	13353
11	R	13353
11	J	13355
10	R	13355
10	J	13357
9	R	13357
9	J	13359
16	R	13359
16	J	13361
15	R	13361
15	J	13363
14	R	13363
14	J	13365
13	R	13365
13	J	13367
12	R	13367
12	J	13369
11	R	13369
11	J	13371
10	R	13371
10	J	13373
9	R	13373
9	J	13375
16	R	13375
16	J	13377
15	R	13377
15	J	13379
14	R	13379
14	J	13381
13	R	13381
13	J	13383
12	R	13383
12	J	13385
11	R	13385
11	J	13387
10	R	13387
10	J	13389
9	R	13389
9	J	13391
16	R	13391
16	J	13393
15	R	13393
15	J	13395
14	R	13395
14	J	13397
13	R	13397
13	J	13399
12	R	13399
12	J	13401
11	R	13401
11	J	13403
10	R	13403
10	J	13405
9	R	13405
9	J	13407
16	R	13407
16	J	13409
15	R	13409
15	J	13411
14	R	13411
14	J	13413
13	R	13413
13	J	13415
12	R	13415
12	J	13417
11	R	13417
11	J	13419
10	R	13419
10	J	13421
9	R	13421
9	J	13423
16	R	13423
16	J	13425
15	R	13425
15	J	13427
14	R	13427
14	J	13429
13	R	13429
13	J	13431
12	R	13431
12	J	13433
11	R	13433
11	J	13435
10	R	13435
10	J	13437
9	R	13437
9	J	13439
16	R	13439
16	J	13441
15	R	13441
15	J	13443
14	R	13443
14	J	13445
13	R	13445
13	J	13447
12	R	13447
12	J	13449
11	R	13449
11	J	13451
10	R	13451
10	J	13453
9	R	13453
9	J	13455
16	R	13455
16	J	13457
15	R	13457
15	J	13459
14	R	13459
14	J	13461
13	R	13461
13	J	13463
12	R	13463
12	J	13465
11	R	13465
11	J	13467
10	R	13467
10	J	13469
9	R	13469
9	J	13471
16	R	13471
16	J	13473
15	R	13473
15	J	13475
14	R	13475
14	J	13477
13	R	13477
13	J	13479
12	R	13479
12	J	13481
11	R	13481
11	J	13483
10	R	13483
10	J	13485
9	R	13485
9	J	13487
16	R	13487
16	J	13489
15	R	13489
15	J	13491
14	R	13491
14	J	13493
13	R	13493
13	J	13495
12	R	13495
12	J	13497
11	R	13497
11	J	13499
10	R	13499
10	J	13501
9	R	13501
9	J	13503
16	R	13503
16	J	13505
15	R	13505
15	J	13507
14	R	13507
14	J	13509
13	R	13509
13	J	13511
12	R	13511
12	J	13513
11	R	13513
11	J	13515
10	R	13515
10	J	13517
9	R	13517
9	J	13519
16	R	13519
16	J	13521
15	R	13521
15	J	13523
14	R	13523
14	J	13525
13	R	13525
13	J	13527
12	R	13527
12	J	13529
11	R	13529
11	J	13531
10	R	13531
10	J	13533
9	R	13533
9	J	13535
16	R	13535
16	J	13537
15	R	13537
15	J	13539
14	R	13539
14	W	13539
13	R	13539
13	J	13541
12	R	13541
12	J	13543
11	R	13543
11	J	13545
10	R	13545
10	J	13547
9	R	13547
9	J	13549
16	R	13549
16	J	13551
15	R	13551
15	J	13553
13	R	13553
13	J	13555
12	R	13555
12	J	13557
11	R	13557
11	J	13559
10	R	13559
10	J	13561
9	R	13561
9	J	13563
16	R	13563
16	J	13565
15	R	13565
15	J	13567
13	R	13567
13	J	13569
12	R	13569
12	J	13571
11	R	13571
11	J	13573
10	R	13573
10	J	13575
9	R	13575
9	J	13577
16	R	13577
16	J	13579
15	R	13579
15	J	13581
13	R	13581
13	J	13583
12	R	13583
12	J	13585
11	R	13585
11	J	13587
10	R	13587
10	J	13589
9	R	13589
9	J	13591
16	R	13591
16	J	13593
15	R	13593
15	J	13595
13	R	13595
13	J	13597
12	R	13597
12	J	13599
11	R	13599
11	J	13601
10	R	13601
10	J	13603
9	R	13603
9	J	13605
16	R	13605
16	J	13607
15	R	13607
15	J	13609
13	R	13609
13	J	13611
12	R	13611
12	J	13613
11	R	13613
11	J	13615
10	R	13615
10	J	13617
9	R	13617
9	J	13619
16	R	13619
16	J	13621
15	R	13621
15	J	13623
13	R	13623
13	J	13625
12	R	13625
12	J	13627
11	R	13627
11	J	13629
10	R	13629
10	J	13631
9	R	13631
9	J	13633
16	R	13633
16	J	13635
15	R	13635
15	J	13637
13	R	13637
13	J	13639
12	R	13639
14	J	13641
12	J	13641
14	R	13641
14	J	13644
11	R	13644
11	J	13646
10	R	13646
10	J	13648
9	R	13648
9	J	13650
16	R	13650
16	J	13652
15	R	13652
15	J	13654
14	R	13654
14	J	13656
13	R	13656
13	J	13658
12	R	13658
12	J	13660
11	R	13660
11	J	13662
10	R	13662
10	J	13664
9	R	13664
9	J	13666
16	R	13666
16	J	13668
15	R	13668
15	J	13670
14	R	13670
14	J	13672
13	R	13672
13	J	13674
12	R	13674
12	J	13676
11	R	13676
11	J	13678
10	R	13678
10	J	13680
9	R	13680
9	J	13682
16	R	13682
16	J	13684
15	R	13684
15	J	13686
14	R	13686
14	J	13688
13	R	13688
13	J	13690
12	R	13690
12	J	13692
11	R	13692
11	J	13694
10	R	13694
10	J	13696
9	R	13696
9	J	13698
16	R	13698
16	J	13700
15	R	13700
15	J	13702
14	R	13702
14	J	13704
13	R	13704
13	J	13706
12	R	13706
12	J	13708
11	R	13708
11	J	13710
10	R	13710
10	J	13712
9	R	13712
9	J	13714
16	R	13714
16	J	13716
15	R	13716
15	J	13718
14	R	13718
14	J	13720
13	R	13720
13	J	13722
12	R	13722
12	J	13724
11	R	13724
11	J	13726
10	R	13726
10	J	13728
9	R	13728
9	J	13730
16	R	13730
16	J	13732
15	R	13732
15	J	13734
14	R	13734
14	J	13736
13	R	13736
13	J	13738
12	R	13738
12	J	13740
11	R	13740
11	J	13742
10	R	13742
10	J	13744
9	R	13744
9	J	13746
16	R	13746
16	J	13748
15	R	13748
15	J	13750
14	R	13750
14	J	13752
13	R	13752
13	J	13754
12	R	13754
12	J	13756
11	R	13756
11	J	13758
10	R	13758
10	J	13760
9	R	13760
9	J	13762
16	R	13762
16	J	13764
15	R	13764
15	J	13766
14	R	13766
14	J	13768
13	R	13768
13	J	13770
12	R	13770
12	J	13772
11	R	13772
11	J	13774
10	R	13774
10	J	13776
9	R	13776
9	J	13778
16	R	13778
16	J	13780
15	R	13780
15	J	13782
14	R	13782
14	J	13784
13	R	13784
13	J	13786
12	R	13786
12	J	13788
11	R	13788
11	J	13790
10	R	13790
10	J	13792
9	R	13792
9	J	13794
16	R	13794
16	J	13796
15	R	13796
15	J	13798
14	R	13798
14	J	13800
13	R	13800
13	J	13802
12	R	13802
12	J	13804
11	R	13804
11	J	13806
10	R	13806
10	J	13808
9	R	13808
9	J	13810
16	R	13810
16	J	13812
15	R	13812
15	J	13814
14	R	13814
14	J	13816
13	R	13816
13	J	13818
12	R	13818
12	J	13820
11	R	13820
11	J	13822
10	R	13822
10	J	13824
9	R	13824
9	J	13826
16	R	13826
16	J	13828
15	R	13828
15	J	13830
14	R	13830
14	J	13832
13	R	13832
13	J	13834
12	R	13834
12	J	13836
11	R	13836
11	J	13838
10	R	13838
10	J	13840
9	R	13840
9	J	13842
16	R	13842
16	J	13844
15	R	13844
15	J	13846
14	R	13846
14	J	13848
13	R	13848
13	J	13850
12	R	13850
12	J	13852
11	R	13852
11	J	13854
10	R	13854
10	J	13856
9	R	13856
9	J	13858
16	R	13858
16	J	13860
15	R	13860
15	J	13862
14	R	13862
14	J	13864
13	R	13864
13	J	13866
12	R	13866
12	J	13868
11	R	13868
11	J	13870
10	R	13870
10	J	13872
9	R	13872
9	J	13874
16	R	13874
16	J	13876
15	R	13876
15	J	13878
14	R	13878
14	J	13880
13	R	13880
13	J	13882
12	R	13882
12	J	13884
11	R	13884
11	J	13886
10	R	13886
10	J	13888
9	R	13888
9	J	13890
16	R	13890
16	J	13892
15	R	13892
15	J	13894
14	R	13894
14	J	13896
13	R	13896
13	J	13898
12	R	13898
12	J	13900
11	R	13900
11	J	13902
10	R	13902
10	J	13904
9	R	13904
9	J	13906
16	R	13906
16	J	13908
15	R	13908
15	J	13910
14	R	13910
14	J	13912
13	R	13912
13	J	13914
12	R	13914
12	J	13916
11	R	13916
11	J	13918
10	R	13918
10	J	13920
9	R	13920
9	J	13922
16	R	13922
16	J	13924
15	R	13924
15	J	13926
14	R	13926
14	J	13928
13	R	13928
13	J	13930
12	R	13930
12	J	13932
11	R	13932
11	J	13934
10	R	13934
10	J	13936
9	R	13936
9	J	13938
16	R	13938
16	J	13940
15	R	13940
15	J	13942
14	R	13942
14	J	13944
13	R	13944
13	J	13946
12	R	13946
12	J	13948
11	R	13948
11	J	13950
10	R	13950
10	J	13952
9	R	13952
9	J	13954
16	R	13954
16	J	13956
15	R	13956
15	J	13958
14	R	13958
14	J	13960
13	R	13960
13	J	13962
12	R	13962
12	J	13964
11	R	13964
11	J	13966
10	R	13966
10	J	13968
9	R	13968
9	J	13970
16	R	13970
16	J	13972
15	R	13972
15	J	13974
14	R	13974
14	J	13976
13	R	13976
13	J	13978
12	R	13978
12	J	13980
11	R	13980
11	J	13982
10	R	13982
10	J	13984
9	R	13984
9	J	13986
16	R	13986
16	J	13988
15	R	13988
15	J	13990
14	R	13990
14	J	13992
13	R	13992
13	J	13994
12	R	13994
12	J	13996
11	R	13996
11	J	13998
10	R	13998
10	J	14000
9	R	14000
9	J	14002
16	R	14002
16	J	14004
15	R	14004
15	J	14006
14	R	14006
14	J	14008
13	R	14008
13	J	14010
12	R	14010
12	J	14012
11	R	14012
11	J	14014
10	R	14014
10	J	14016
9	R	14016
9	J	14018
16	R	14018
16	J	14020
15	R	14020
15	J	14022
14	R	14022
14	J	14024
13	R	14024
13	J	14026
12	R	14026
12	J	14028
11	R	14028
11	J	14030
10	R	14030
10	J	14032
9	R	14032
9	J	14034
16	R	14034
16	J	14036
15	R	14036
15	J	14038
14	R	14038
14	J	14040
13	R	14040
13	J	14042
12	R	14042
12	J	14044
11	R	14044
11	J	14046
10	R	14046
10	J	14048
9	R	14048
9	J	14050
16	R	14050
16	J	14052
15	R	14052
15	J	14054
14	R	14054
14	J	14056
13	R	14056
13	J	14058
12	R	14058
12	J	14060
11	R	14060
11	J	14062
10	R	14062
10	J	14064
9	R	14064
9	J	14066
16	R	14066
16	J	14068
15	R	14068
15	J	14070
14	R	14070
14	J	14072
13	R	14072
13	J	14074
12	R	14074
12	J	14076
11	R	14076
11	J	14078
10	R	14078
10	J	14080
9	R	14080
9	J	14082
16	R	14082
16	J	14084
15	R	14084
15	J	14086
14	R	14086
14	J	14088
13	R	14088
13	J	14090
12	R	14090
12	J	14092
11	R	14092
11	J	14094
10	R	14094
10	J	14096
9	R	14096
9	J	14098
16	R	14098
16	J	14100
15	R	14100
15	J	14102
14	R	14102
14	J	14104
13	R	14104
13	J	14106
12	R	14106
12	J	14108
11	R	14108
11	J	14110
10	R	14110
10	J	14112
9	R	14112
9	J	14114
16	R	14114
16	J	14116
15	R	14116
15	J	14118
14	R	14118
14	J	14120
13	R	14120
13	J	14122
12	R	14122
12	J	14124
11	R	14124
11	J	14126
10	R	14126
10	J	14128
9	R	14128
9	J	14130
16	R	14130
16	J	14132
15	R	14132
15	J	14134
14	R	14134
14	J	14136
13	R	14136
13	J	14138
12	R	14138
12	J	14140
11	R	14140
11	J	14142
10	R	14142
10	J	14144
9	R	14144
9	J	14146
16	R	14146
16	J	14148
15	R	14148
15	J	14150
14	R	14150
14	J	14152
13	R	14152
13	J	14154
12	R	14154
12	J	14156
11	R	14156
11	J	14158
10	R	14158
10	J	14160
9	R	14160
9	J	14162
16	R	14162
16	J	14164
15	R	14164
15	J	14166
14	R	14166
14	J	14168
13	R	14168
13	J	14170
12	R	14170
12	J	14172
11	R	14172
11	J	14174
10	R	14174
10	J	14176
9	R	14176
9	J	14178
16	R	14178
16	J	14180
15	R	14180
15	J	14182
14	R	14182
14	J	14184
13	R	14184
13	J	14186
12	R	14186
12	J	14188
11	R	14188
11	J	14190
10	R	14190
10	J	14192
9	R	14192
9	J	14194
16	R	14194
16	J	14196
15	R	14196
15	J	14198
14	R	14198
14	J	14200
13	R	14200
13	J	14202
12	R	14202
12	J	14204
11	R	14204
11	J	14206
10	R	14206
10	J	14208
9	R	14208
9	J	14210
16	R	14210
16	J	14212
15	R	14212
15	J	14214
14	R	14214
14	J	14216
13	R	14216
13	J	14218
12	R	14218
12	J	14220
11	R	14220
11	J	14222
10	R	14222
10	J	14224
9	R	14224
9	J	14226
16	R	14226
16	J	14228
15	R	14228
15	J	14230
14	R	14230
14	J	14232
13	R	14232
13	J	14234
12	R	14234
12	J	14236
11	R	14236
11	J	14238
10	R	14238
10	J	14240
9	R	14240
9	J	14242
16	R	14242
16	J	14244
15	R	14244
15	J	14246
14	R	14246
14	J	14248
13	R	14248
13	J	14250
12	R	14250
12	J	14252
11	R	14252
11	J	14254
10	R	14254
10	J	14256
9	R	14256
9	J	14258
16	R	14258
16	J	14260
15	R	14260
15	J	14262
14	R	14262
14	J	14264
13	R	14264
13	J	14266
12	R	14266
12	J	14268
11	R	14268
11	J	14270
10	R	14270
10	J	14272
9	R	14272
9	J	14274
16	R	14274
16	J	14276
15	R	14276
15	J	14278
14	R	14278
14	J	14280
13	R	14280
13	J	14282
12	R	14282
12	J	14284
11	R	14284
11	J	14286
10	R	14286
10	J	14288
9	R	14288
9	J	14290
16	R	14290
16	J	14292
15	R	14292
15	J	14294
14	R	14294
14	J	14296
13	R	14296
13	J	14298
12	R	14298
12	J	14300
11	R	14300
11	J	14302
10	R	14302
10	J	14304
9	R	14304
9	J	14306
16	R	14306
16	J	14308
15	R	14308
15	J	14310
14	R	14310
14	J	14312
13	R	14312
13	J	14314
12	R	14314
12	J	14316
11	R	14316
11	J	14318
10	R	14318
10	J	14320
9	R	14320
9	J	14322
16	R	14322
16	J	14324
15	R	14324
15	J	14326
14	R	14326
14	J	14328
13	R	14328
13	J	14330
12	R	14330
12	J	14332
11	R	14332
11	J	14334
10	R	14334
10	J	14336
9	R	14336
9	J	14338
16	R	14338
16	J	14340
15	R	14340
15	W	14340
14	R	14340
14	J	14342
13	R	14342
13	J	14344
12	R	14344
12	J	14346
11	R	14346
11	J	14348
10	R	14348
10	J	14350
9	R	14350
9	J	14352
16	R	14352
16	J	14354
14	R	14354
14	J	14356
13	R	14356
13	J	14358
12	R	14358
12	J	14360
11	R	14360
11	J	14362
10	R	14362
10	J	14364
9	R	14364
9	J	14366
16	R	14366
16	J	14368
14	R	14368
14	J	14370
13	R	14370
13	J	14372
12	R	14372
12	J	14374
11	R	14374
11	J	14376
10	R	14376
10	J	14378
9	R	14378
9	J	14380
16	R	14380
16	J	14382
14	R	14382
14	J	14384
13	R	14384
13	J	14386
12	R	14386
12	J	14388
11	R	14388
11	J	14390
10	R	14390
10	J	14392
9	R	14392
9	J	14394
16	R	14394
16	J	14396
14	R	14396
14	J	14398
13	R	14398
13	J	14400
12	R	14400
12	J	14402
11	R	14402
11	W	14403
10	R	14403
10	J	14405
9	R	14405
9	J	14407
16	R	14407
16	J	14409
14	R	14409
14	J	14411
13	R	14411
13	J	14413
12	R	14413
12	J	14415
10	R	14415
10	J	14417
9	R	14417
9	J	14419
16	R	14419
16	J	14421
14	R	14421
14	J	14423
13	R	14423
13	J	14425
12	R	14425
12	J	14427
10	R	14427
10	J	14429
9	R	14429
9	J	14431
16	R	14431
16	J	14433
14	R	14433
14	J	14435
13	R	14435
13	J	14437
12	R	14437
12	J	14439
10	R	14439
15	J	14441
10	J	14441
15	R	14441
15	J	14444
9	R	14444
9	J	14446
16	R	14446
16	J	14448
15	R	14448
15	J	14450
14	R	14450
14	J	14452
13	R	14452
13	J	14454
12	R	14454
12	J	14456
10	R	14456
10	J	14458
9	R	14458
9	J	14460
16	R	14460
16	J	14462
15	R	14462
15	J	14464
14	R	14464
14	J	14466
13	R	14466
13	J	14468
12	R	14468
12	J	14470
10	R	14470
10	J	14472
9	R	14472
9	J	14474
16	R	14474
16	J	14476
15	R	14476
15	J	14478
14	R	14478
14	J	14480
13	R	14480
13	J	14482
12	R	14482
12	J	14484
10	R	14484
10	J	14486
9	R	14486
9	J	14488
16	R	14488
16	J	14490
15	R	14490
15	J	14492
14	R	14492
14	J	14494
13	R	14494
13	J	14496
12	R	14496
12	J	14498
10	R	14498
10	J	14500
9	R	14500
9	J	14502
16	R	14502
11	J	14504
16	J	14504
11	R	14504
11	E	14504
6	J	14504
6	R	14504
6	J	14505
15	R	14505
15	J	14507
14	R	14507
14	J	14509
13	R	14509
13	J	14511
12	R	14511
12	J	14513
10	R	14513
10	J	14515
9	R	14515
9	J	14517
6	R	14517
6	W	14517
16	R	14517
16	J	14519
15	R	14519
15	J	14521
14	R	14521
14	J	14523
13	R	14523
13	J	14525
12	R	14525
12	J	14527
10	R	14527
10	J	14529
9	R	14529
9	J	14531
16	R	14531
16	J	14533
15	R	14533
15	J	14535
14	R	14535
14	J	14537
13	R	14537
13	J	14539
12	R	14539
12	J	14541
10	R	14541
10	J	14543
9	R	14543
9	J	14545
16	R	14545
16	J	14547
15	R	14547
15	J	14549
14	R	14549
14	J	14551
13	R	14551
13	J	14553
12	R	14553
12	J	14555
10	R	14555
10	J	14557
9	R	14557
9	J	14559
16	R	14559
16	J	14561
15	R	14561
15	J	14563
14	R	14563
14	J	14565
13	R	14565
13	J	14567
12	R	14567
12	J	14569
10	R	14569
10	J	14571
9	R	14571
9	E	14572
6	J	14572
6	R	14572
6	W	14572
16	R	14573
16	J	14575
15	R	14575
15	J	14577
14	R	14577
14	J	14579
13	R	14579
13	J	14581
12	R	14581
12	J	14583
10	R	14583
10	J	14585
16	R	14585
16	J	14587
15	R	14587
15	J	14589
14	R	14589
14	J	14591
13	R	14591
13	J	14593
12	R	14593
12	J	14595
10	R	14595
10	J	14597
16	R	14597
16	J	14599
15	R	14599
15	J	14601
14	R	14601
14	J	14603
13	R	14603
13	J	14605
12	R	14605
12	J	14607
10	R	14607
10	J	14609
16	R	14609
16	J	14611
15	R	14611
15	J	14613
14	R	14613
14	J	14615
13	R	14615
13	J	14617
12	R	14617
12	J	14619
10	R	14619
10	J	14621
16	R	14621
16	J	14623
15	R	14623
15	J	14625
14	R	14625
14	J	14627
13	R	14627
13	J	14629
12	R	14629
12	J	14631
10	R	14631
10	J	14633
16	R	14633
16	J	14635
15	R	14635
15	J	14637
14	R	14637
14	J	14639
13	R	14639
13	J	14641
12	R	14641
12	J	14643
10	R	14643
10	J	14645
16	R	14645
16	J	14647
15	R	14647
15	J	14649
14	R	14649
14	J	14651
13	R	14651
13	J	14653
12	R	14653
12	J	14655
10	R	14655
10	J	14657
16	R	14657
16	J	14659
15	R	14659
15	J	14661
14	R	14661
14	J	14663
13	R	14663
13	J	14665
12	R	14665
12	J	14667
10	R	14667
10	J	14669
16	R	14669
16	J	14671
15	R	14671
15	J	14673
14	R	14673
14	J	14675
13	R	14675
13	J	14677
12	R	14677
12	J	14679
10	R	14679
10	J	14681
16	R	14681
16	J	14683
15	R	14683
15	J	14685
14	R	14685
14	J	14687
13	R	14687
13	J	14689
12	R	14689
12	J	14691
10	R	14691
10	J	14693
16	R	14693
16	J	14695
15	R	14695
15	J	14697
14	R	14697
14	J	14699
13	R	14699
13	J	14701
12	R	14701
12	J	14703
10	R	14703
10	J	14705
16	R	14705
16	J	14707
15	R	14707
15	J	14709
14	R	14709
14	J	14711
13	R	14711
13	J	14713
12	R	14713
12	J	14715
10	R	14715
10	J	14717
16	R	14717
16	J	14719
15	R	14719
15	J	14721
14	R	14721
14	J	14723
13	R	14723
13	J	14725
12	R	14725
12	J	14727
10	R	14727
10	J	14729
16	R	14729
16	J	14731
15	R	14731
15	J	14733
14	R	14733
14	J	14735
13	R	14735
13	J	14737
12	R	14737
12	J	14739
10	R	14739
10	J	14741
16	R	14741
16	J	14743
15	R	14743
15	J	14745
14	R	14745
14	J	14747
13	R	14747
13	J	14749
12	R	14749
12	J	14751
10	R	14751
10	J	14753
16	R	14753
16	J	14755
15	R	14755
15	J	14757
14	R	14757
14	J	14759
13	R	14759
13	J	14761
12	R	14761
12	J	14763
10	R	14763
10	J	14765
16	R	14765
16	J	14767
15	R	14767
15	J	14769
14	R	14769
14	J	14771
13	R	14771
13	J	14773
12	R	14773
12	J	14775
10	R	14775
10	J	14777
16	R	14777
16	J	14779
15	R	14779
15	J	14781
14	R	14781
14	J	14783
13	R	14783
13	J	14785
12	R	14785
12	J	14787
10	R	14787
10	J	14789
16	R	14789
16	J	14791
15	R	14791
15	J	14793
14	R	14793
14	J	14795
13	R	14795
13	J	14797
12	R	14797
12	J	14799
10	R	14799
10	J	14801
16	R	14801
16	J	14803
15	R	14803
15	J	14805
14	R	14805
14	J	14807
13	R	14807
13	J	14809
12	R	14809
12	J	14811
10	R	14811
10	J	14813
16	R	14813
16	J	14815
15	R	14815
15	J	14817
14	R	14817
14	J	14819
13	R	14819
13	J	14821
12	R	14821
12	J	14823
10	R	14823
10	J	14825
16	R	14825
16	J	14827
15	R	14827
15	J	14829
14	R	14829
14	J	14831
13	R	14831
13	J	14833
12	R	14833
12	J	14835
10	R	14835
10	J	14837
16	R	14837
16	J	14839
15	R	14839
15	J	14841
14	R	14841
14	J	14843
13	R	14843
13	J	14845
12	R	14845
12	J	14847
10	R	14847
10	J	14849
16	R	14849
16	J	14851
15	R	14851
15	J	14853
14	R	14853
14	J	14855
13	R	14855
13	J	14857
12	R	14857
12	J	14859
10	R	14859
10	J	14861
16	R	14861
16	J	14863
15	R	14863
15	J	14865
14	R	14865
14	J	14867
13	R	14867
13	J	14869
12	R	14869
12	J	14871
10	R	14871
10	J	14873
16	R	14873
16	J	14875
15	R	14875
15	J	14877
14	R	14877
14	J	14879
13	R	14879
13	J	14881
12	R	14881
12	J	14883
10	R	14883
10	J	14885
16	R	14885
16	J	14887
15	R	14887
15	J	14889
14	R	14889
14	J	14891
13	R	14891
13	J	14893
12	R	14893
12	J	14895
10	R	14895
10	J	14897
16	R	14897
16	J	14899
15	R	14899
15	J	14901
14	R	14901
14	J	14903
13	R	14903
13	J	14905
12	R	14905
12	J	14907
10	R	14907
10	J	14909
16	R	14909
16	J	14911
15	R	14911
15	J	14913
14	R	14913
14	J	14915
13	R	14915
13	J	14917
12	R	14917
12	J	14919
10	R	14919
10	J	14921
16	R	14921
16	J	14923
15	R	14923
15	J	14925
14	R	14925
14	J	14927
13	R	14927
13	J	14929
12	R	14929
12	J	14931
10	R	14931
10	J	14933
16	R	14933
16	J	14935
15	R	14935
15	J	14937
14	R	14937
14	J	14939
13	R	14939
13	J	14941
12	R	14941
12	J	14943
10	R	14943
10	J	14945
16	R	14945
16	J	14947
15	R	14947
15	J	14949
14	R	14949
14	J	14951
13	R	14951
13	J	14953
12	R	14953
12	J	14955
10	R	14955
10	J	14957
16	R	14957
16	J	14959
15	R	14959
15	J	14961
14	R	14961
14	J	14963
13	R	14963
13	J	14965
12	R	14965
12	J	14967
10	R	14967
10	J	14969
16	R	14969
16	W	14969
15	R	14969
15	J	14971
14	R	14971
14	J	14973
13	R	14973
13	J	14975
12	R	14975
12	J	14977
10	R	14977
10	J	14979
15	R	14979
15	J	14981
14	R	14981
14	J	14983
13	R	14983
13	J	14985
12	R	14985
12	J	14987
10	R	14987
10	J	14989
15	R	14989
15	J	14991
14	R	14991
14	J	14993
13	R	14993
13	J	14995
12	R	14995
12	J	14997
10	R	14997
10	J	14999
15	R	14999
15	J	15001
14	R	15001
14	J	15003
13	R	15003
13	J	15005
12	R	15005
12	J	15007
10	R	15007
10	J	15009
15	R	15009
15	J	15011
14	R	15011
14	J	15013
13	R	15013
13	J	15015
12	R	15015
12	J	15017
10	R	15017
10	J	15019
15	R	15019
15	J	15021
14	R	15021
14	J	15023
13	R	15023
13	J	15025
12	R	15025
12	J	15027
10	R	15027
10	J	15029
15	R	15029
15	J	15031
14	R	15031
14	J	15033
13	R	15033
13	J	15035
12	R	15035
12	J	15037
10	R	15037
10	J	15039
15	R	15039
15	J	15041
14	R	15041
14	J	15043
13	R	15043
13	J	15045
12	R	15045
12	J	15047
10	R	15047
10	J	15049
15	R	15049
15	J	15051
14	R	15051
14	J	15053
13	R	15053
13	J	15055
12	R	15055
12	J	15057
10	R	15057
10	J	15059
15	R	15059
15	J	15061
14	R	15061
14	J	15063
13	R	15063
13	J	15065
12	R	15065
12	J	15067
10	R	15067
10	J	15069
15	R	15069
16	J	15071
15	J	15071
16	R	15071
16	E	15071
6	J	15071
6	R	15071
6	J	15072
14	R	15072
3	J	15074
14	J	15074
3	R	15074
3	J	15077
13	R	15077
13	J	15080
12	R	15080
12	J	15082
10	R	15082
10	E	15083
6	R	15083
6	W	15084
15	R	15084
15	J	15086
14	R	15086
14	J	15088
13	R	15088
13	J	15090
12	R	15090
12	J	15092
3	R	15092
3	W	15092
15	R	15092
15	J	15094
14	R	15094
14	J	15096
13	R	15096
13	J	15098
12	R	15098
12	J	15100
15	R	15100
15	J	15102
14	R	15102
14	J	15104
13	R	15104
13	J	15106
12	R	15106
12	J	15108
15	R	15108
15	J	15110
14	R	15110
14	J	15112
13	R	15112
13	J	15114
12	R	15114
12	J	15116
15	R	15116
15	J	15118
14	R	15118
14	J	15120
13	R	15120
13	J	15122
12	R	15122
12	J	15124
15	R	15124
15	J	15126
14	R	15126
14	J	15128
13	R	15128
13	J	15130
12	R	15130
12	J	15132
15	R	15132
15	J	15134
14	R	15134
14	J	15136
13	R	15136
13	J	15138
12	R	15138
12	J	15140
15	R	15140
15	J	15142
14	R	15142
14	J	15144
13	R	15144
13	J	15146
12	R	15146
12	J	15148
15	R	15148
15	J	15150
14	R	15150
14	J	15152
13	R	15152
13	J	15154
12	R	15154
12	J	15156
15	R	15156
15	J	15158
14	R	15158
14	J	15160
13	R	15160
13	J	15162
12	R	15162
12	J	15164
15	R	15164
15	J	15166
14	R	15166
14	J	15168
13	R	15168
13	J	15170
12	R	15170
12	J	15172
15	R	15172
15	J	15174
14	R	15174
14	J	15176
13	R	15176
13	J	15178
12	R	15178
12	J	15180
15	R	15180
15	J	15182
14	R	15182
14	J	15184
13	R	15184
13	J	15186
12	R	15186
12	J	15188
15	R	15188
15	J	15190
14	R	15190
14	J	15192
13	R	15192
13	J	15194
12	R	15194
12	J	15196
15	R	15196
15	J	15198
14	R	15198
14	J	15200
13	R	15200
13	J	15202
12	R	15202
12	J	15204
15	R	15204
15	J	15206
14	R	15206
14	J	15208
13	R	15208
13	J	15210
12	R	15210
12	J	15212
15	R	15212
15	J	15214
14	R	15214
14	J	15216
13	R	15216
13	J	15218
12	R	15218
12	J	15220
15	R	15220
15	J	15222
14	R	15222
14	J	15224
13	R	15224
13	J	15226
12	R	15226
12	J	15228
15	R	15228
15	J	15230
14	R	15230
14	J	15232
13	R	15232
13	J	15234
12	R	15234
12	J	15236
15	R	15236
15	J	15238
14	R	15238
14	J	15240
13	R	15240
13	J	15242
12	R	15242
12	J	15244
15	R	15244
15	J	15246
14	R	15246
14	J	15248
13	R	15248
13	J	15250
12	R	15250
12	J	15252
15	R	15252
15	J	15254
14	R	15254
14	J	15256
13	R	15256
13	J	15258
12	R	15258
12	J	15260
15	R	15260
15	J	15262
14	R	15262
14	J	15264
13	R	15264
13	J	15266
12	R	15266
12	J	15268
15	R	15268
15	J	15270
14	R	15270
14	J	15272
13	R	15272
13	J	15274
12	R	15274
12	J	15276
15	R	15276
15	J	15278
14	R	15278
14	J	15280
13	R	15280
13	J	15282
12	R	15282
12	J	15284
15	R	15284
15	J	15286
14	R	15286
14	J	15288
13	R	15288
13	J	15290
12	R	15290
12	J	15292
15	R	15292
15	J	15294
14	R	15294
14	J	15296
13	R	15296
13	J	15298
12	R	15298
12	J	15300
15	R	15300
15	J	15302
14	R	15302
14	J	15304
13	R	15304
13	J	15306
12	R	15306
12	J	15308
15	R	15308
15	J	15310
14	R	15310
14	J	15312
13	R	15312
13	J	15314
12	R	15314
12	J	15316
15	R	15316
15	J	15318
14	R	15318
14	J	15320
13	R	15320
13	J	15322
12	R	15322
12	J	15324
15	R	15324
15	J	15326
14	R	15326
14	J	15328
13	R	15328
13	J	15330
12	R	15330
12	J	15332
15	R	15332
15	J	15334
14	R	15334
14	J	15336
13	R	15336
13	J	15338
12	R	15338
12	J	15340
15	R	15340
15	J	15342
14	R	15342
14	J	15344
13	R	15344
13	J	15346
12	R	15346
12	J	15348
15	R	15348
15	J	15350
14	R	15350
14	J	15352
13	R	15352
13	J	15354
12	R	15354
12	J	15356
15	R	15356
15	J	15358
14	R	15358
14	J	15360
13	R	15360
13	J	15362
12	R	15362
12	J	15364
15	R	15364
15	J	15366
14	R	15366
14	J	15368
13	R	15368
13	J	15370
12	R	15370
12	J	15372
15	R	15372
15	J	15374
14	R	15374
14	J	15376
13	R	15376
13	J	15378
12	R	15378
12	J	15380
15	R	15380
15	J	15382
14	R	15382
14	J	15384
13	R	15384
13	J	15386
12	R	15386
12	J	15388
15	R	15388
15	J	15390
14	R	15390
14	J	15392
13	R	15392
13	J	15394
12	R	15394
12	J	15396
15	R	15396
15	J	15398
14	R	15398
14	J	15400
13	R	15400
13	J	15402
12	R	15402
12	J	15404
15	R	15404
15	J	15406
14	R	15406
14	J	15408
13	R	15408
13	J	15410
12	R	15410
12	J	15412
15	R	15412
15	J	15414
14	R	15414
14	J	15416
13	R	15416
13	J	15418
12	R	15418
12	J	15420
15	R	15420
15	J	15422
14	R	15422
14	J	15424
13	R	15424
13	J	15426
12	R	15426
12	E	15427
6	J	15427
6	R	15427
6	W	15427
15	R	15428
15	J	15430
14	R	15430
14	J	15432
13	R	15432
13	J	15434
15	R	15434
15	J	15436
14	R	15436
14	J	15438
13	R	15438
13	J	15440
15	R	15440
15	J	15442
14	R	15442
14	J	15444
13	R	15444
13	J	15446
15	R	15446
15	J	15448
14	R	15448
14	J	15450
13	R	15450
13	J	15452
15	R	15452
15	J	15454
14	R	15454
14	J	15456
13	R	15456
13	J	15458
15	R	15458
15	J	15460
14	R	15460
14	J	15462
13	R	15462
13	J	15464
15	R	15464
15	J	15466
14	R	15466
14	J	15468
13	R	15468
13	J	15470
15	R	15470
15	J	15472
14	R	15472
14	J	15474
13	R	15474
13	J	15476
15	R	15476
15	J	15478
14	R	15478
14	J	15480
13	R	15480
13	J	15482
15	R	15482
15	J	15484
14	R	15484
14	J	15486
13	R	15486
13	J	15488
15	R	15488
15	J	15490
14	R	15490
14	J	15492
13	R	15492
13	J	15494
15	R	15494
15	J	15496
14	R	15496
14	J	15498
13	R	15498
13	J	15500
15	R	15500
15	J	15502
14	R	15502
14	J	15504
13	R	15504
13	J	15506
15	R	15506
15	J	15508
14	R	15508
14	J	15510
13	R	15510
13	J	15512
15	R	15512
15	J	15514
14	R	15514
14	J	15516
13	R	15516
13	J	15518
15	R	15518
15	J	15520
14	R	15520
14	J	15522
13	R	15522
13	J	15524
15	R	15524
15	J	15526
14	R	15526
14	J	15528
13	R	15528
13	J	15530
15	R	15530
15	J	15532
14	R	15532
14	J	15534
13	R	15534
13	J	15536
15	R	15536
15	J	15538
14	R	15538
14	J	15540
13	R	15540
13	J	15542
15	R	15542
15	J	15544
14	R	15544
14	J	15546
13	R	15546
13	J	15548
15	R	15548
15	J	15550
14	R	15550
14	J	15552
13	R	15552
13	J	15554
15	R	15554
15	J	15556
14	R	15556
14	J	15558
13	R	15558
13	J	15560
15	R	15560
15	J	15562
14	R	15562
14	J	15564
13	R	15564
13	J	15566
15	R	15566
15	J	15568
14	R	15568
14	J	15570
13	R	15570
13	J	15572
15	R	15572
15	J	15574
14	R	15574
14	J	15576
13	R	15576
13	J	15578
15	R	15578
15	J	15580
14	R	15580
14	J	15582
13	R	15582
13	J	15584
15	R	15584
15	J	15586
14	R	15586
14	J	15588
13	R	15588
13	J	15590
15	R	15590
15	J	15592
14	R	15592
14	J	15594
13	R	15594
13	J	15596
15	R	15596
15	J	15598
14	R	15598
14	J	15600
13	R	15600
13	J	15602
15	R	15602
15	J	15604
14	R	15604
14	J	15606
13	R	15606
13	J	15608
15	R	15608
15	J	15610
14	R	15610
14	J	15612
13	R	15612
13	J	15614
15	R	15614
15	J	15616
14	R	15616
14	J	15618
13	R	15618
13	J	15620
15	R	15620
15	J	15622
14	R	15622
14	J	15624
13	R	15624
13	J	15626
15	R	15626
15	J	15628
14	R	15628
14	J	15630
13	R	15630
13	J	15632
15	R	15632
15	J	15634
14	R	15634
14	J	15636
13	R	15636
13	J	15638
15	R	15638
15	J	15640
14	R	15640
14	J	15642
13	R	15642
13	J	15644
15	R	15644
15	J	15646
14	R	15646
14	J	15648
13	R	15648
13	J	15650
15	R	15650
15	J	15652
14	R	15652
14	J	15654
13	R	15654
13	J	15656
15	R	15656
15	J	15658
14	R	15658
14	J	15660
13	R	15660
13	J	15662
15	R	15662
15	J	15664
14	R	15664
14	J	15666
13	R	15666
13	J	15668
15	R	15668
15	J	15670
14	R	15670
14	J	15672
13	R	15672
13	J	15674
15	R	15674
15	J	15676
14	R	15676
14	J	15678
13	R	15678
13	J	15680
15	R	15680
15	J	15682
14	R	15682
14	J	15684
13	R	15684
13	J	15686
15	R	15686
15	J	15688
14	R	15688
14	J	15690
13	R	15690
13	J	15692
15	R	15692
15	J	15694
14	R	15694
14	J	15696
13	R	15696
13	J	15698
15	R	15698
15	J	15700
14	R	15700
14	J	15702
13	R	15702
13	J	15704
15	R	15704
15	J	15706
14	R	15706
14	J	15708
13	R	15708
13	J	15710
15	R	15710
15	J	15712
14	R	15712
14	J	15714
13	R	15714
13	J	15716
15	R	15716
15	J	15718
14	R	15718
14	J	15720
13	R	15720
13	J	15722
15	R	15722
15	J	15724
14	R	15724
14	J	15726
13	R	15726
13	J	15728
15	R	15728
15	J	15730
14	R	15730
14	J	15732
13	R	15732
13	J	15734
15	R	15734
15	J	15736
14	R	15736
14	J	15738
13	R	15738
13	J	15740
15	R	15740
15	J	15742
14	R	15742
14	J	15744
13	R	15744
13	J	15746
15	R	15746
15	J	15748
14	R	15748
14	J	15750
13	R	15750
13	J	15752
15	R	15752
15	J	15754
14	R	15754
14	J	15756
13	R	15756
13	J	15758
15	R	15758
15	J	15760
14	R	15760
14	J	15762
13	R	15762
13	J	15764
15	R	15764
15	J	15766
14	R	15766
14	J	15768
13	R	15768
13	J	15770
15	R	15770
15	J	15772
14	R	15772
14	J	15774
13	R	15774
13	J	15776
15	R	15776
15	J	15778
14	R	15778
14	J	15780
13	R	15780
13	J	15782
15	R	15782
15	J	15784
14	R	15784
14	J	15786
13	R	15786
13	J	15788
15	R	15788
15	J	15790
14	R	15790
14	J	15792
13	R	15792
13	J	15794
15	R	15794
15	J	15796
14	R	15796
14	J	15798
13	R	15798
13	J	15800
15	R	15800
15	J	15802
14	R	15802
14	J	15804
13	R	15804
13	J	15806
15	R	15806
15	J	15808
14	R	15808
14	J	15810
13	R	15810
13	J	15812
15	R	15812
15	J	15814
14	R	15814
14	J	15816
13	R	15816
13	J	15818
15	R	15818
15	J	15820
14	R	15820
14	J	15822
13	R	15822
13	J	15824
15	R	15824
15	J	15826
14	R	15826
14	J	15828
13	R	15828
13	J	15830
15	R	15830
15	J	15832
14	R	15832
14	J	15834
13	R	15834
13	J	15836
15	R	15836
15	J	15838
14	R	15838
14	J	15840
13	R	15840
13	J	15842
15	R	15842
15	J	15844
14	R	15844
14	J	15846
13	R	15846
13	J	15848
15	R	15848
15	J	15850
14	R	15850
14	J	15852
13	R	15852
13	J	15854
15	R	15854
15	J	15856
14	R	15856
14	J	15858
13	R	15858
13	J	15860
15	R	15860
15	J	15862
14	R	15862
14	J	15864
13	R	15864
13	J	15866
15	R	15866
15	J	15868
14	R	15868
14	J	15870
13	R	15870
13	J	15872
15	R	15872
15	J	15874
14	R	15874
14	J	15876
13	R	15876
13	J	15878
15	R	15878
15	J	15880
14	R	15880
14	J	15882
13	R	15882
13	J	15884
15	R	15884
15	J	15886
14	R	15886
14	J	15888
13	R	15888
13	J	15890
15	R	15890
15	J	15892
14	R	15892
14	J	15894
13	R	15894
13	J	15896
15	R	15896
15	J	15898
14	R	15898
14	J	15900
13	R	15900
13	J	15902
15	R	15902
15	J	15904
14	R	15904
14	J	15906
13	R	15906
13	J	15908
15	R	15908
15	J	15910
14	R	15910
14	J	15912
13	R	15912
13	J	15914
15	R	15914
15	J	15916
14	R	15916
14	J	15918
13	R	15918
13	J	15920
15	R	15920
15	J	15922
14	R	15922
14	J	15924
13	R	15924
13	J	15926
15	R	15926
15	J	15928
14	R	15928
14	J	15930
13	R	15930
13	J	15932
15	R	15932
15	J	15934
14	R	15934
14	J	15936
13	R	15936
13	J	15938
15	R	15938
15	J	15940
14	R	15940
14	J	15942
13	R	15942
13	J	15944
15	R	15944
15	J	15946
14	R	15946
14	J	15948
13	R	15948
13	J	15950
15	R	15950
15	J	15952
14	R	15952
14	J	15954
13	R	15954
13	J	15956
15	R	15956
15	J	15958
14	R	15958
14	J	15960
13	R	15960
13	J	15962
15	R	15962
15	J	15964
14	R	15964
14	J	15966
13	R	15966
13	J	15968
15	R	15968
15	J	15970
14	R	15970
14	J	15972
13	R	15972
13	J	15974
15	R	15974
15	J	15976
14	R	15976
14	J	15978
13	R	15978
13	J	15980
15	R	15980
15	J	15982
14	R	15982
14	J	15984
13	R	15984
13	J	15986
15	R	15986
15	J	15988
14	R	15988
14	J	15990
13	R	15990
13	J	15992
15	R	15992
15	J	15994
14	R	15994
14	J	15996
13	R	15996
13	J	15998
15	R	15998
15	J	16000
14	R	16000
14	J	16002
13	R	16002
13	J	16004
15	R	16004
15	J	16006
14	R	16006
14	J	16008
13	R	16008
13	J	16010
15	R	16010
15	J	16012
14	R	16012
14	J	16014
13	R	16014
13	J	16016
15	R	16016
15	J	16018
14	R	16018
14	J	16020
13	R	16020
13	J	16022
15	R	16022
15	J	16024
14	R	16024
14	J	16026
13	R	16026
13	J	16028
15	R	16028
15	J	16030
14	R	16030
14	J	16032
13	R	16032
13	J	16034
15	R	16034
15	J	16036
14	R	16036
14	J	16038
13	R	16038
13	J	16040
15	R	16040
15	J	16042
14	R	16042
14	J	16044
13	R	16044
13	E	16045
6	J	16045
6	R	16045
6	W	16045
15	R	16046
15	J	16048
14	R	16048
14	J	16050
15	R	16050
15	J	16052
14	R	16052
14	J	16054
15	R	16054
15	J	16056
14	R	16056
14	J	16058
15	R	16058
15	J	16060
14	R	16060
14	J	16062
15	R	16062
15	J	16064
14	R	16064
14	J	16066
15	R	16066
15	J	16068
14	R	16068
14	J	16070
15	R	16070
15	J	16072
14	R	16072
14	J	16074
15	R	16074
15	J	16076
14	R	16076
14	J	16078
15	R	16078
15	J	16080
14	R	16080
14	J	16082
15	R	16082
15	J	16084
14	R	16084
14	J	16086
15	R	16086
15	J	16088
14	R	16088
14	J	16090
15	R	16090
15	J	16092
14	R	16092
14	J	16094
15	R	16094
15	J	16096
14	R	16096
14	J	16098
15	R	16098
15	J	16100
14	R	16100
14	J	16102
15	R	16102
15	J	16104
14	R	16104
14	J	16106
15	R	16106
15	J	16108
14	R	16108
14	J	16110
15	R	16110
15	J	16112
14	R	16112
14	J	16114
15	R	16114
15	J	16116
14	R	16116
14	J	16118
15	R	16118
15	J	16120
14	R	16120
14	J	16122
15	R	16122
15	J	16124
14	R	16124
14	J	16126
15	R	16126
15	J	16128
14	R	16128
14	J	16130
15	R	16130
15	J	16132
14	R	16132
14	J	16134
15	R	16134
15	J	16136
14	R	16136
14	J	16138
15	R	16138
15	J	16140
14	R	16140
14	J	16142
15	R	16142
15	J	16144
14	R	16144
14	J	16146
15	R	16146
15	J	16148
14	R	16148
14	J	16150
15	R	16150
15	J	16152
14	R	16152
14	J	16154
15	R	16154
15	J	16156
14	R	16156
14	J	16158
15	R	16158
15	J	16160
14	R	16160
14	J	16162
15	R	16162
15	J	16164
14	R	16164
14	J	16166
15	R	16166
15	J	16168
14	R	16168
14	J	16170
15	R	16170
15	J	16172
14	R	16172
14	J	16174
15	R	16174
15	J	16176
14	R	16176
14	J	16178
15	R	16178
15	J	16180
14	R	16180
14	J	16182
15	R	16182
15	J	16184
14	R	16184
14	J	16186
15	R	16186
15	J	16188
14	R	16188
14	J	16190
15	R	16190
15	J	16192
14	R	16192
14	J	16194
15	R	16194
15	J	16196
14	R	16196
14	J	16198
15	R	16198
15	J	16200
14	R	16200
14	J	16202
15	R	16202
15	J	16204
14	R	16204
14	J	16206
15	R	16206
15	J	16208
14	R	16208
14	J	16210
15	R	16210
15	J	16212
14	R	16212
14	J	16214
15	R	16214
15	J	16216
14	R	16216
14	J	16218
15	R	16218
15	J	16220
14	R	16220
14	J	16222
15	R	16222
15	J	16224
14	R	16224
14	J	16226
15	R	16226
15	J	16228
14	R	16228
14	J	16230
15	R	16230
15	J	16232
14	R	16232
14	J	16234
15	R	16234
15	J	16236
14	R	16236
14	J	16238
15	R	16238
15	J	16240
14	R	16240
14	J	16242
15	R	16242
15	J	16244
14	R	16244
14	J	16246
15	R	16246
15	J	16248
14	R	16248
14	J	16250
15	R	16250
15	J	16252
14	R	16252
14	J	16254
15	R	16254
15	J	16256
14	R	16256
14	J	16258
15	R	16258
15	J	16260
14	R	16260
14	J	16262
15	R	16262
15	J	16264
14	R	16264
14	J	16266
15	R	16266
15	J	16268
14	R	16268
14	J	16270
15	R	16270
15	J	16272
14	R	16272
14	J	16274
15	R	16274
15	J	16276
14	R	16276
14	J	16278
15	R	16278
15	J	16280
14	R	16280
14	J	16282
15	R	16282
15	J	16284
14	R	16284
14	J	16286
15	R	16286
15	J	16288
14	R	16288
14	J	16290
15	R	16290
15	J	16292
14	R	16292
14	J	16294
15	R	16294
15	J	16296
14	R	16296
14	J	16298
15	R	16298
15	J	16300
14	R	16300
14	J	16302
15	R	16302
15	J	16304
14	R	16304
14	J	16306
15	R	16306
15	J	16308
14	R	16308
14	J	16310
15	R	16310
15	J	16312
14	R	16312
14	J	16314
15	R	16314
15	J	16316
14	R	16316
14	J	16318
15	R	16318
15	J	16320
14	R	16320
14	J	16322
15	R	16322
15	J	16324
14	R	16324
14	J	16326
15	R	16326
15	J	16328
14	R	16328
14	J	16330
15	R	16330
15	J	16332
14	R	16332
14	J	16334
15	R	16334
15	J	16336
14	R	16336
14	J	16338
15	R	16338
15	J	16340
14	R	16340
14	J	16342
15	R	16342
15	J	16344
14	R	16344
14	J	16346
15	R	16346
15	J	16348
14	R	16348
14	J	16350
15	R	16350
15	J	16352
14	R	16352
14	J	16354
15	R	16354
15	J	16356
14	R	16356
14	J	16358
15	R	16358
15	J	16360
14	R	16360
14	J	16362
15	R	16362
15	J	16364
14	R	16364
14	J	16366
15	R	16366
15	J	16368
14	R	16368
14	J	16370
15	R	16370
15	J	16372
14	R	16372
14	J	16374
15	R	16374
15	J	16376
14	R	16376
14	J	16378
15	R	16378
15	J	16380
14	R	16380
14	J	16382
15	R	16382
15	J	16384
14	R	16384
14	J	16386
15	R	16386
15	J	16388
14	R	16388
14	J	16390
15	R	16390
15	J	16392
14	R	16392
14	J	16394
15	R	16394
15	J	16396
14	R	16396
14	J	16398
15	R	16398
15	J	16400
14	R	16400
14	J	16402
15	R	16402
15	J	16404
14	R	16404
14	J	16406
15	R	16406
15	J	16408
14	R	16408
14	J	16410
15	R	16410
15	J	16412
14	R	16412
14	J	16414
15	R	16414
15	J	16416
14	R	16416
14	J	16418
15	R	16418
15	J	16420
14	R	16420
14	J	16422
15	R	16422
15	J	16424
14	R	16424
14	J	16426
15	R	16426
15	J	16428
14	R	16428
14	J	16430
15	R	16430
15	J	16432
14	R	16432
14	J	16434
15	R	16434
15	J	16436
14	R	16436
14	J	16438
15	R	16438
15	J	16440
14	R	16440
14	E	16441
6	J	16441
6	R	16441
6	W	16441
15	R	16442
15	E	16643
6	J	16643
6	R	16643
6	E	16644
4	J	16644
4	R	16644
17	N	16645
17	J	16646
4	W	16646
17	R	16646
4	J	16648
17	E	16649
4	R	16649
4	W	16650
0	R	16650
3	J	18075
3	R	18075
3	W	18078
0	R	18078
3	J	21076
3	R	21076
3	W	21078
0	R	21078
4	J	22176
4	R	22176
4	W	22176
0	R	22176
4	J	22391
4	R	22391
4	W	22391
0	R	22391
4	J	22391
4	R	22391
4	W	22391
0	R	22391
4	J	22550
4	R	22550
4	W	22550
0	R	22550
4	J	22842
4	R	22842
4	W	22843
0	R	22843
4	J	23002
4	R	23002
4	W	23002
0	R	23002
4	J	23015
4	R	23015
4	W	23015
0	R	23015
4	J	23182
4	R	23182
4	W	23182
0	R	23182
4	J	23505
4	R	23505
18	N	23507
18	J	23508
4	W	23508
18	R	23508
18	E	23514
4	J	23514
4	R	23514
19	N	23514
19	J	23515
4	W	23516
19	R	23516
4	J	23518
19	E	23519
4	R	23519
4	W	23520
0	R	23520
4	J	23648
4	R	23648
4	W	23648
0	R	23648
3	J	24077
3	R	24077
3	W	24080
0	R	24080
3	J	27078
3	R	27078
